#
# There is insufficient memory for the Java Runtime Environment to continue.
# Native memory allocation (malloc) failed to allocate 972816 bytes for Chunk::new
# Possible reasons:
#   The system is out of physical RAM or swap space
#   In 32 bit mode, the process size limit was hit
# Possible solutions:
#   Reduce memory load on the system
#   Increase physical memory or swap space
#   Check if swap backing store is full
#   Use 64 bit Java on a 64 bit OS
#   Decrease Java heap size (-Xmx/-Xms)
#   Decrease number of Java threads
#   Decrease Java thread stack sizes (-Xss)
#   Set larger code cache with -XX:ReservedCodeCacheSize=
# This output file may be truncated or incomplete.
#
#  Out of Memory Error (allocation.cpp:390), pid=9864, tid=0x0000000000001590
#
# JRE version: Java(TM) SE Runtime Environment (8.0_161-b12) (build 1.8.0_161-b12)
# Java VM: Java HotSpot(TM) 64-Bit Server VM (25.161-b12 mixed mode windows-amd64 compressed oops)
# Failed to write core dump. Minidumps are not enabled by default on client versions of Windows
#

---------------  T H R E A D  ---------------

Current thread (0x000000001921f800):  JavaThread "C2 CompilerThread0" daemon [_thread_in_native, id=5520, stack(0x00000000198d0000,0x00000000199d0000)]

Stack: [0x00000000198d0000,0x00000000199d0000]
[error occurred during error reporting (printing stack bounds), id 0xc0000005]

Native frames: (J=compiled Java code, j=interpreted, Vv=VM code, C=native code)


Current CompileTask:
C2: 216151 6406       4       java.util.concurrent.ConcurrentMap::computeIfAbsent (51 bytes)


---------------  P R O C E S S  ---------------

Java Threads: ( => current thread )
  0x000000001cc2a800 JavaThread "main" [_thread_in_native, id=5192, stack(0x000000001bcc0000,0x000000001bdc0000)]
  0x0000000019301800 JavaThread "Service Thread" daemon [_thread_blocked, id=1636, stack(0x0000000019bd0000,0x0000000019cd0000)]
  0x000000001926f800 JavaThread "C1 CompilerThread2" daemon [_thread_blocked, id=9044, stack(0x0000000019ad0000,0x0000000019bd0000)]
  0x0000000019220000 JavaThread "C2 CompilerThread1" daemon [_thread_in_native, id=6796, stack(0x00000000199d0000,0x0000000019ad0000)]
=>0x000000001921f800 JavaThread "C2 CompilerThread0" daemon [_thread_in_native, id=5520, stack(0x00000000198d0000,0x00000000199d0000)]
  0x000000001784b000 JavaThread "JDWP Command Reader" daemon [_thread_in_native, id=14292, stack(0x0000000019090000,0x0000000019190000)]
  0x0000000017847800 JavaThread "JDWP Event Helper Thread" daemon [_thread_blocked, id=7332, stack(0x0000000018f90000,0x0000000019090000)]
  0x0000000017839800 JavaThread "JDWP Transport Listener: dt_socket" daemon [_thread_blocked, id=11920, stack(0x0000000018e90000,0x0000000018f90000)]
  0x0000000017830000 JavaThread "Attach Listener" daemon [_thread_blocked, id=14760, stack(0x0000000018d90000,0x0000000018e90000)]
  0x000000001782d000 JavaThread "Signal Dispatcher" daemon [_thread_blocked, id=11648, stack(0x0000000018c90000,0x0000000018d90000)]
  0x000000001781a000 JavaThread "Finalizer" daemon [_thread_blocked, id=1792, stack(0x0000000018a80000,0x0000000018b80000)]
  0x0000000002cc3800 JavaThread "Reference Handler" daemon [_thread_blocked, id=14088, stack(0x0000000018980000,0x0000000018a80000)]
  0x0000000002bd3800 JavaThread "main" [_thread_blocked, id=2700, stack(0x0000000002940000,0x0000000002a40000)]

Other Threads:
  0x00000000177f8000 VMThread [stack: 0x0000000018880000,0x0000000018980000] [id=10400]
  0x000000001931f000 WatcherThread [stack: 0x0000000019cd0000,0x0000000019dd0000] [id=13432]

VM state:not at safepoint (normal execution)

VM Mutex/Monitor currently owned by a thread: None

Heap:
 PSYoungGen      total 53760K, used 39996K [0x00000000d5d00000, 0x00000000d9c00000, 0x0000000100000000)
  eden space 43008K, 76% used [0x00000000d5d00000,0x00000000d7d25cc0,0x00000000d8700000)
  from space 10752K, 65% used [0x00000000d9180000,0x00000000d98693b8,0x00000000d9c00000)
  to   space 10752K, 0% used [0x00000000d8700000,0x00000000d8700000,0x00000000d9180000)
 ParOldGen       total 66560K, used 33218K [0x0000000081600000, 0x0000000085700000, 0x00000000d5d00000)
  object space 66560K, 49% used [0x0000000081600000,0x0000000083670b18,0x0000000085700000)
 Metaspace       used 46539K, capacity 48066K, committed 48256K, reserved 1091584K
  class space    used 5886K, capacity 6253K, committed 6272K, reserved 1048576K

Card table byte_map: [0x0000000012090000,0x0000000012490000] byte_map_base: 0x0000000011c85000

Marking Bits: (ParMarkBitMap*) 0x0000000051fbf860
 Begin Bits: [0x0000000012b40000, 0x0000000014ae8000)
 End Bits:   [0x0000000014ae8000, 0x0000000016a90000)

Polling page: 0x0000000002900000

CodeCache: size=245760Kb used=21946Kb max_used=21946Kb free=223813Kb
 bounds [0x0000000002cd0000, 0x0000000004280000, 0x0000000011cd0000]
 total_blobs=5979 nmethods=5541 adapters=357
 compilation: enabled

Compilation events (10 events):
Event: 215.954 Thread 0x000000001926f800 nmethod 6440 0x0000000003d69810 code [0x0000000003d69dc0, 0x0000000003d6d8e8]
Event: 215.954 Thread 0x000000001926f800 6441   !   3       org.springframework.util.ClassUtils::getMostSpecificMethod (72 bytes)
Event: 215.954 Thread 0x0000000019220000 nmethod 6446 0x00000000041896d0 code [0x0000000004189800, 0x0000000004189898]
Event: 215.956 Thread 0x000000001926f800 nmethod 6441 0x000000000422d090 code [0x000000000422d280, 0x000000000422dec8]
Event: 215.956 Thread 0x000000001926f800 6442       3       org.springframework.orm.jpa.support.PersistenceAnnotationBeanPostProcessor$$Lambda$262/1563820491::doWith (17 bytes)
Event: 215.957 Thread 0x000000001926f800 nmethod 6442 0x0000000003524090 code [0x0000000003524200, 0x00000000035243a8]
Event: 215.957 Thread 0x000000001926f800 6447       1       org.springframework.beans.factory.support.DefaultSingletonBeanRegistry::getSingletonMutex (5 bytes)
Event: 215.957 Thread 0x000000001926f800 nmethod 6447 0x0000000003523d50 code [0x0000000003523ea0, 0x0000000003523fb0]
Event: 215.957 Thread 0x000000001926f800 6443   !   3       org.springframework.util.ReflectionUtils::getDeclaredFields (104 bytes)
Event: 215.961 Thread 0x000000001926f800 nmethod 6443 0x0000000003d323d0 code [0x0000000003d327c0, 0x0000000003d34c18]

GC Heap History (10 events):
Event: 195.607 GC heap before
{Heap before GC invocations=28 (full 2):
 PSYoungGen      total 33792K, used 28095K [0x00000000d5d00000, 0x00000000d8c80000, 0x0000000100000000)
  eden space 23552K, 100% used [0x00000000d5d00000,0x00000000d7400000,0x00000000d7400000)
  from space 10240K, 44% used [0x00000000d7400000,0x00000000d786fcd8,0x00000000d7e00000)
  to   space 9728K, 0% used [0x00000000d8300000,0x00000000d8300000,0x00000000d8c80000)
 ParOldGen       total 66560K, used 28754K [0x0000000081600000, 0x0000000085700000, 0x00000000d5d00000)
  object space 66560K, 43% used [0x0000000081600000,0x0000000083214af8,0x0000000085700000)
 Metaspace       used 38991K, capacity 40142K, committed 40320K, reserved 1085440K
  class space    used 4850K, capacity 5173K, committed 5248K, reserved 1048576K
Event: 195.613 GC heap after
Heap after GC invocations=28 (full 2):
 PSYoungGen      total 37888K, used 5289K [0x00000000d5d00000, 0x00000000d8b80000, 0x0000000100000000)
  eden space 29184K, 0% used [0x00000000d5d00000,0x00000000d5d00000,0x00000000d7980000)
  from space 8704K, 60% used [0x00000000d8300000,0x00000000d882a5d8,0x00000000d8b80000)
  to   space 9216K, 0% used [0x00000000d7980000,0x00000000d7980000,0x00000000d8280000)
 ParOldGen       total 66560K, used 28762K [0x0000000081600000, 0x0000000085700000, 0x00000000d5d00000)
  object space 66560K, 43% used [0x0000000081600000,0x0000000083216af8,0x0000000085700000)
 Metaspace       used 38991K, capacity 40142K, committed 40320K, reserved 1085440K
  class space    used 4850K, capacity 5173K, committed 5248K, reserved 1048576K
}
Event: 197.870 GC heap before
{Heap before GC invocations=29 (full 2):
 PSYoungGen      total 37888K, used 34473K [0x00000000d5d00000, 0x00000000d8b80000, 0x0000000100000000)
  eden space 29184K, 100% used [0x00000000d5d00000,0x00000000d7980000,0x00000000d7980000)
  from space 8704K, 60% used [0x00000000d8300000,0x00000000d882a5d8,0x00000000d8b80000)
  to   space 9216K, 0% used [0x00000000d7980000,0x00000000d7980000,0x00000000d8280000)
 ParOldGen       total 66560K, used 28762K [0x0000000081600000, 0x0000000085700000, 0x00000000d5d00000)
  object space 66560K, 43% used [0x0000000081600000,0x0000000083216af8,0x0000000085700000)
 Metaspace       used 39420K, capacity 40502K, committed 40576K, reserved 1085440K
  class space    used 4908K, capacity 5207K, committed 5248K, reserved 1048576K
Event: 197.881 GC heap after
Heap after GC invocations=29 (full 2):
 PSYoungGen      total 38400K, used 8269K [0x00000000d5d00000, 0x00000000d9400000, 0x0000000100000000)
  eden space 29184K, 0% used [0x00000000d5d00000,0x00000000d5d00000,0x00000000d7980000)
  from space 9216K, 89% used [0x00000000d7980000,0x00000000d81934b8,0x00000000d8280000)
  to   space 10240K, 0% used [0x00000000d8a00000,0x00000000d8a00000,0x00000000d9400000)
 ParOldGen       total 66560K, used 28770K [0x0000000081600000, 0x0000000085700000, 0x00000000d5d00000)
  object space 66560K, 43% used [0x0000000081600000,0x0000000083218af8,0x0000000085700000)
 Metaspace       used 39420K, capacity 40502K, committed 40576K, reserved 1085440K
  class space    used 4908K, capacity 5207K, committed 5248K, reserved 1048576K
}
Event: 204.461 GC heap before
{Heap before GC invocations=30 (full 2):
 PSYoungGen      total 38400K, used 37453K [0x00000000d5d00000, 0x00000000d9400000, 0x0000000100000000)
  eden space 29184K, 100% used [0x00000000d5d00000,0x00000000d7980000,0x00000000d7980000)
  from space 9216K, 89% used [0x00000000d7980000,0x00000000d81934b8,0x00000000d8280000)
  to   space 10240K, 0% used [0x00000000d8a00000,0x00000000d8a00000,0x00000000d9400000)
 ParOldGen       total 66560K, used 28770K [0x0000000081600000, 0x0000000085700000, 0x00000000d5d00000)
  object space 66560K, 43% used [0x0000000081600000,0x0000000083218af8,0x0000000085700000)
 Metaspace       used 41243K, capacity 42462K, committed 42624K, reserved 1087488K
  class space    used 5165K, capacity 5499K, committed 5504K, reserved 1048576K
Event: 204.474 GC heap after
Heap after GC invocations=30 (full 2):
 PSYoungGen      total 45568K, used 7405K [0x00000000d5d00000, 0x00000000d9500000, 0x0000000100000000)
  eden space 35328K, 0% used [0x00000000d5d00000,0x00000000d5d00000,0x00000000d7f80000)
  from space 10240K, 72% used [0x00000000d8a00000,0x00000000d913b608,0x00000000d9400000)
  to   space 10752K, 0% used [0x00000000d7f80000,0x00000000d7f80000,0x00000000d8a00000)
 ParOldGen       total 66560K, used 30362K [0x0000000081600000, 0x0000000085700000, 0x00000000d5d00000)
  object space 66560K, 45% used [0x0000000081600000,0x00000000833a6b18,0x0000000085700000)
 Metaspace       used 41243K, capacity 42462K, committed 42624K, reserved 1087488K
  class space    used 5165K, capacity 5499K, committed 5504K, reserved 1048576K
}
Event: 210.241 GC heap before
{Heap before GC invocations=31 (full 2):
 PSYoungGen      total 45568K, used 42733K [0x00000000d5d00000, 0x00000000d9500000, 0x0000000100000000)
  eden space 35328K, 100% used [0x00000000d5d00000,0x00000000d7f80000,0x00000000d7f80000)
  from space 10240K, 72% used [0x00000000d8a00000,0x00000000d913b608,0x00000000d9400000)
  to   space 10752K, 0% used [0x00000000d7f80000,0x00000000d7f80000,0x00000000d8a00000)
 ParOldGen       total 66560K, used 30362K [0x0000000081600000, 0x0000000085700000, 0x00000000d5d00000)
  object space 66560K, 45% used [0x0000000081600000,0x00000000833a6b18,0x0000000085700000)
 Metaspace       used 43050K, capacity 44472K, committed 44544K, reserved 1087488K
  class space    used 5461K, capacity 5836K, committed 5888K, reserved 1048576K
Event: 210.285 GC heap after
Heap after GC invocations=31 (full 2):
 PSYoungGen      total 46080K, used 7080K [0x00000000d5d00000, 0x00000000d9c00000, 0x0000000100000000)
  eden space 35328K, 0% used [0x00000000d5d00000,0x00000000d5d00000,0x00000000d7f80000)
  from space 10752K, 65% used [0x00000000d7f80000,0x00000000d866a068,0x00000000d8a00000)
  to   space 10752K, 0% used [0x00000000d9180000,0x00000000d9180000,0x00000000d9c00000)
 ParOldGen       total 66560K, used 32341K [0x0000000081600000, 0x0000000085700000, 0x00000000d5d00000)
  object space 66560K, 48% used [0x0000000081600000,0x0000000083595570,0x0000000085700000)
 Metaspace       used 43050K, capacity 44472K, committed 44544K, reserved 1087488K
  class space    used 5461K, capacity 5836K, committed 5888K, reserved 1048576K
}
Event: 214.073 GC heap before
{Heap before GC invocations=32 (full 2):
 PSYoungGen      total 46080K, used 42408K [0x00000000d5d00000, 0x00000000d9c00000, 0x0000000100000000)
  eden space 35328K, 100% used [0x00000000d5d00000,0x00000000d7f80000,0x00000000d7f80000)
  from space 10752K, 65% used [0x00000000d7f80000,0x00000000d866a068,0x00000000d8a00000)
  to   space 10752K, 0% used [0x00000000d9180000,0x00000000d9180000,0x00000000d9c00000)
 ParOldGen       total 66560K, used 32341K [0x0000000081600000, 0x0000000085700000, 0x00000000d5d00000)
  object space 66560K, 48% used [0x0000000081600000,0x0000000083595570,0x0000000085700000)
 Metaspace       used 45285K, capacity 46702K, committed 46848K, reserved 1089536K
  class space    used 5714K, capacity 6063K, committed 6144K, reserved 1048576K
Event: 214.099 GC heap after
Heap after GC invocations=32 (full 2):
 PSYoungGen      total 53760K, used 7076K [0x00000000d5d00000, 0x00000000d9c00000, 0x0000000100000000)
  eden space 43008K, 0% used [0x00000000d5d00000,0x00000000d5d00000,0x00000000d8700000)
  from space 10752K, 65% used [0x00000000d9180000,0x00000000d98693b8,0x00000000d9c00000)
  to   space 10752K, 0% used [0x00000000d8700000,0x00000000d8700000,0x00000000d9180000)
 ParOldGen       total 66560K, used 33218K [0x0000000081600000, 0x0000000085700000, 0x00000000d5d00000)
  object space 66560K, 49% used [0x0000000081600000,0x0000000083670b18,0x0000000085700000)
 Metaspace       used 45285K, capacity 46702K, committed 46848K, reserved 1089536K
  class space    used 5714K, capacity 6063K, committed 6144K, reserved 1048576K
}

Deoptimization events (10 events):
Event: 215.011 Thread 0x000000001cc2a800 Uncommon trap: reason=class_check action=maybe_recompile pc=0x000000000358bc64 method=java.util.Collections$UnmodifiableMap.entrySet()Ljava/util/Set; @ 16
Event: 215.011 Thread 0x000000001cc2a800 Uncommon trap: reason=class_check action=maybe_recompile pc=0x00000000035185e8 method=java.util.Collections$UnmodifiableMap$UnmodifiableEntrySet$UnmodifiableEntry.getValue()Ljava/lang/Object; @ 4
Event: 215.596 Thread 0x000000001cc2a800 Uncommon trap: reason=bimorphic action=maybe_recompile pc=0x0000000002ff61e8 method=org.springframework.beans.factory.support.AbstractAutowireCapableBeanFactory.predictBeanType(Ljava/lang/String;Lorg/springframework/beans/factory/support/RootBeanDefinitio
Event: 215.597 Thread 0x000000001cc2a800 Uncommon trap: reason=bimorphic action=maybe_recompile pc=0x0000000002ff61e8 method=org.springframework.beans.factory.support.AbstractAutowireCapableBeanFactory.predictBeanType(Ljava/lang/String;Lorg/springframework/beans/factory/support/RootBeanDefinitio
Event: 215.597 Thread 0x000000001cc2a800 Uncommon trap: reason=bimorphic action=maybe_recompile pc=0x0000000002ff61e8 method=org.springframework.beans.factory.support.AbstractAutowireCapableBeanFactory.predictBeanType(Ljava/lang/String;Lorg/springframework/beans/factory/support/RootBeanDefinitio
Event: 215.597 Thread 0x000000001cc2a800 Uncommon trap: reason=bimorphic action=maybe_recompile pc=0x0000000002ff61e8 method=org.springframework.beans.factory.support.AbstractAutowireCapableBeanFactory.predictBeanType(Ljava/lang/String;Lorg/springframework/beans/factory/support/RootBeanDefinitio
Event: 215.788 Thread 0x000000001cc2a800 Uncommon trap: reason=unstable_if action=reinterpret pc=0x0000000003278790 method=java.lang.reflect.Method.equals(Ljava/lang/Object;)Z @ 1
Event: 215.826 Thread 0x000000001cc2a800 Uncommon trap: reason=unstable_if action=reinterpret pc=0x000000000416a4ec method=org.springframework.asm.MethodWriter.visitInsn(I)V @ 100
Event: 215.828 Thread 0x000000001cc2a800 Uncommon trap: reason=unstable_if action=reinterpret pc=0x000000000414e610 method=org.springframework.asm.MethodWriter.visitInsn(I)V @ 100
Event: 215.828 Thread 0x000000001cc2a800 Uncommon trap: reason=unstable_if action=reinterpret pc=0x000000000418bde0 method=org.springframework.asm.Type.getArgumentTypes(Ljava/lang/String;)[Lorg/springframework/asm/Type; @ 40

Classes redefined (0 events):
No events

Internal exceptions (10 events):
Event: 215.763 Thread 0x000000001cc2a800 Exception <a 'java/lang/ClassNotFoundException': java/lang/ObjectCustomizer> (0x00000000d731a8c0) thrown at [C:\re\workspace\8-2-build-windows-amd64-cygwin\jdk8u161\10277\hotspot\src\share\vm\classfile\systemDictionary.cpp, line 210]
Event: 215.766 Thread 0x000000001cc2a800 Exception <a 'java/lang/ClassNotFoundException': org/springframework/transaction/annotation/AbstractTransactionManagementConfigurationCustomizer> (0x00000000d734a200) thrown at [C:\re\workspace\8-2-build-windows-amd64-cygwin\jdk8u161\10277\hotspot\src\sha
Event: 215.768 Thread 0x000000001cc2a800 Exception <a 'java/lang/ClassNotFoundException': org/springframework/transaction/annotation/ProxyTransactionManagementConfigurationCustomizer> (0x00000000d7377ea8) thrown at [C:\re\workspace\8-2-build-windows-amd64-cygwin\jdk8u161\10277\hotspot\src\share\
Event: 215.770 Thread 0x000000001cc2a800 Exception <a 'java/lang/ClassNotFoundException': org/springframework/transaction/annotation/ProxyTransactionManagementConfiguration$$EnhancerBySpringCGLIB$$47897f4bCustomizer> (0x00000000d73b2058) thrown at [C:\re\workspace\8-2-build-windows-amd64-cygwin\
Event: 215.773 Thread 0x000000001cc2a800 Exception <a 'java/lang/ClassNotFoundException': org/springframework/context/annotation/ConfigurationClassEnhancer$EnhancedConfigurationCustomizer> (0x00000000d73e9690) thrown at [C:\re\workspace\8-2-build-windows-amd64-cygwin\jdk8u161\10277\hotspot\src\s
Event: 215.776 Thread 0x000000001cc2a800 Exception <a 'java/lang/ClassNotFoundException': org/springframework/beans/factory/BeanFactoryAwareCustomizer> (0x00000000d7408ef8) thrown at [C:\re\workspace\8-2-build-windows-amd64-cygwin\jdk8u161\10277\hotspot\src\share\vm\classfile\systemDictionary.cp
Event: 215.786 Thread 0x000000001cc2a800 Exception <a 'java/lang/ClassNotFoundException': org/springframework/beans/factory/AwareCustomizer> (0x00000000d74258f0) thrown at [C:\re\workspace\8-2-build-windows-amd64-cygwin\jdk8u161\10277\hotspot\src\share\vm\classfile\systemDictionary.cpp, line 210
Event: 215.787 Thread 0x000000001cc2a800 Exception <a 'java/lang/ClassNotFoundException': org/springframework/context/annotation/ImportAwareCustomizer> (0x00000000d74452a0) thrown at [C:\re\workspace\8-2-build-windows-amd64-cygwin\jdk8u161\10277\hotspot\src\share\vm\classfile\systemDictionary.cp
Event: 215.788 Thread 0x000000001cc2a800 Exception <a 'java/lang/ClassNotFoundException': org/springframework/beans/factory/AwareCustomizer> (0x00000000d7461698) thrown at [C:\re\workspace\8-2-build-windows-amd64-cygwin\jdk8u161\10277\hotspot\src\share\vm\classfile\systemDictionary.cpp, line 210
Event: 215.788 Thread 0x000000001cc2a800 Implicit null exception at 0x00000000032786cf to 0x000000000327877d

Events (10 events):
Event: 215.959 Thread 0x000000001cc2a800 DEOPT PACKING pc=0x0000000003ab00f8 sp=0x000000001bdbc6d0
Event: 215.959 Thread 0x000000001cc2a800 DEOPT UNPACKING pc=0x0000000002d17890 sp=0x000000001bdbc470 mode 1
Event: 215.959 Thread 0x000000001cc2a800 DEOPT PACKING pc=0x0000000003ab10ec sp=0x000000001bdbc7e0
Event: 215.959 Thread 0x000000001cc2a800 DEOPT UNPACKING pc=0x0000000002d17890 sp=0x000000001bdbc458 mode 1
Event: 215.960 loading class org/springframework/boot/actuate/autoconfigure/metrics/MeterRegistryConfigurer
Event: 215.960 loading class org/springframework/boot/actuate/autoconfigure/metrics/MeterRegistryConfigurer done
Event: 215.960 Thread 0x000000001cc2a800 DEOPT PACKING pc=0x0000000003ab00f8 sp=0x000000001bdbcfe0
Event: 215.960 Thread 0x000000001cc2a800 DEOPT UNPACKING pc=0x0000000002d17890 sp=0x000000001bdbcd80 mode 1
Event: 215.960 Thread 0x000000001cc2a800 DEOPT PACKING pc=0x0000000003ab10ec sp=0x000000001bdbd0f0
Event: 215.961 Thread 0x000000001cc2a800 DEOPT UNPACKING pc=0x0000000002d17890 sp=0x000000001bdbcd68 mode 1


Dynamic libraries:
0x00007ff6fdfa0000 - 0x00007ff6fdfd7000 	C:\Program Files\Java\jdk1.8.0_161\bin\java.exe
0x00007ff86ff40000 - 0x00007ff870121000 	C:\WINDOWS\SYSTEM32\ntdll.dll
0x00007ff86d3d0000 - 0x00007ff86d482000 	C:\WINDOWS\System32\KERNEL32.DLL
0x00007ff86d0b0000 - 0x00007ff86d323000 	C:\WINDOWS\System32\KERNELBASE.dll
0x00007ff86e020000 - 0x00007ff86e0c1000 	C:\WINDOWS\System32\ADVAPI32.dll
0x00007ff86f6f0000 - 0x00007ff86f78e000 	C:\WINDOWS\System32\msvcrt.dll
0x00007ff86fcb0000 - 0x00007ff86fd0b000 	C:\WINDOWS\System32\sechost.dll
0x00007ff86f5c0000 - 0x00007ff86f6e4000 	C:\WINDOWS\System32\RPCRT4.dll
0x00007ff86d540000 - 0x00007ff86d6d0000 	C:\WINDOWS\System32\USER32.dll
0x00007ff86d090000 - 0x00007ff86d0b0000 	C:\WINDOWS\System32\win32u.dll
0x00007ff86f830000 - 0x00007ff86f858000 	C:\WINDOWS\System32\GDI32.dll
0x00007ff86ce10000 - 0x00007ff86cfa2000 	C:\WINDOWS\System32\gdi32full.dll
0x00007ff86d330000 - 0x00007ff86d3cf000 	C:\WINDOWS\System32\msvcp_win.dll
0x00007ff86c600000 - 0x00007ff86c6f8000 	C:\WINDOWS\System32\ucrtbase.dll
0x00007ff85fbb0000 - 0x00007ff85fe19000 	C:\WINDOWS\WinSxS\amd64_microsoft.windows.common-controls_6595b64144ccf1df_6.0.17134.648_none_fb45a0e93062a6d2\COMCTL32.dll
0x00007ff86d830000 - 0x00007ff86db52000 	C:\WINDOWS\System32\combase.dll
0x00007ff86d010000 - 0x00007ff86d08a000 	C:\WINDOWS\System32\bcryptPrimitives.dll
0x00007ff86f590000 - 0x00007ff86f5bd000 	C:\WINDOWS\System32\IMM32.DLL
0x0000000052f80000 - 0x0000000053052000 	C:\Program Files\Java\jdk1.8.0_161\jre\bin\msvcr100.dll
0x00000000517a0000 - 0x000000005203f000 	C:\Program Files\Java\jdk1.8.0_161\jre\bin\server\jvm.dll
0x00007ff86ddd0000 - 0x00007ff86ddd8000 	C:\WINDOWS\System32\PSAPI.DLL
0x00007ff867e50000 - 0x00007ff867e59000 	C:\WINDOWS\SYSTEM32\WSOCK32.dll
0x00007ff86e0e0000 - 0x00007ff86e14c000 	C:\WINDOWS\System32\WS2_32.dll
0x00007ff868ac0000 - 0x00007ff868ae3000 	C:\WINDOWS\SYSTEM32\WINMM.dll
0x00007ff8612e0000 - 0x00007ff8612ea000 	C:\WINDOWS\SYSTEM32\VERSION.dll
0x00007ff868700000 - 0x00007ff86872a000 	C:\WINDOWS\SYSTEM32\WINMMBASE.dll
0x00007ff86c500000 - 0x00007ff86c549000 	C:\WINDOWS\System32\cfgmgr32.dll
0x0000000052f70000 - 0x0000000052f7f000 	C:\Program Files\Java\jdk1.8.0_161\jre\bin\verify.dll
0x0000000052f40000 - 0x0000000052f69000 	C:\Program Files\Java\jdk1.8.0_161\jre\bin\java.dll
0x0000000052ea0000 - 0x0000000052ed5000 	C:\Program Files\Java\jdk1.8.0_161\jre\bin\jdwp.dll
0x0000000052e90000 - 0x0000000052e98000 	C:\Program Files\Java\jdk1.8.0_161\jre\bin\npt.dll
0x0000000052e60000 - 0x0000000052e83000 	C:\Program Files\Java\jdk1.8.0_161\jre\bin\instrument.dll
0x0000000052f20000 - 0x0000000052f36000 	C:\Program Files\Java\jdk1.8.0_161\jre\bin\zip.dll
0x00007ff86e150000 - 0x00007ff86f590000 	C:\WINDOWS\System32\SHELL32.dll
0x00007ff86d490000 - 0x00007ff86d539000 	C:\WINDOWS\System32\shcore.dll
0x00007ff86c700000 - 0x00007ff86ce0d000 	C:\WINDOWS\System32\windows.storage.dll
0x00007ff86dfc0000 - 0x00007ff86e011000 	C:\WINDOWS\System32\shlwapi.dll
0x00007ff86c260000 - 0x00007ff86c271000 	C:\WINDOWS\System32\kernel.appcore.dll
0x00007ff86c2d0000 - 0x00007ff86c2ef000 	C:\WINDOWS\System32\profapi.dll
0x00007ff86c280000 - 0x00007ff86c2cc000 	C:\WINDOWS\System32\powrprof.dll
0x00007ff86c250000 - 0x00007ff86c25a000 	C:\WINDOWS\System32\FLTLIB.DLL
0x0000000052e50000 - 0x0000000052e59000 	C:\Program Files\Java\jdk1.8.0_161\jre\bin\dt_socket.dll
0x00007ff86ba70000 - 0x00007ff86bad6000 	C:\WINDOWS\system32\mswsock.dll
0x00007ff86bc20000 - 0x00007ff86bc37000 	C:\WINDOWS\SYSTEM32\CRYPTSP.dll
0x00007ff86b650000 - 0x00007ff86b683000 	C:\WINDOWS\system32\rsaenh.dll
0x00007ff86bd50000 - 0x00007ff86bd75000 	C:\WINDOWS\SYSTEM32\bcrypt.dll
0x00007ff86c150000 - 0x00007ff86c178000 	C:\WINDOWS\SYSTEM32\USERENV.dll
0x00007ff86bc40000 - 0x00007ff86bc4b000 	C:\WINDOWS\SYSTEM32\CRYPTBASE.dll
0x0000000052f00000 - 0x0000000052f1a000 	C:\Program Files\Java\jdk1.8.0_161\jre\bin\net.dll
0x00007ff86b7f0000 - 0x00007ff86b828000 	C:\WINDOWS\SYSTEM32\IPHLPAPI.DLL
0x00007ff86e0d0000 - 0x00007ff86e0d8000 	C:\WINDOWS\System32\NSI.dll
0x00007ff864740000 - 0x00007ff864756000 	C:\WINDOWS\SYSTEM32\dhcpcsvc6.DLL
0x00007ff865a20000 - 0x00007ff865a3a000 	C:\WINDOWS\SYSTEM32\dhcpcsvc.DLL
0x0000000052ee0000 - 0x0000000052ef1000 	C:\Program Files\Java\jdk1.8.0_161\jre\bin\nio.dll
0x0000000052e40000 - 0x0000000052e4d000 	C:\Program Files\Java\jdk1.8.0_161\jre\bin\management.dll
0x00007ff83d190000 - 0x00007ff83d1a6000 	C:\WINDOWS\system32\napinsp.dll
0x00007ff83d170000 - 0x00007ff83d18a000 	C:\WINDOWS\system32\pnrpnsp.dll
0x00007ff868fe0000 - 0x00007ff868ff9000 	C:\WINDOWS\system32\NLAapi.dll
0x00007ff86b830000 - 0x00007ff86b8ee000 	C:\WINDOWS\SYSTEM32\DNSAPI.dll
0x00007ff83eee0000 - 0x00007ff83eeee000 	C:\WINDOWS\System32\winrnr.dll
0x00007ff864720000 - 0x00007ff864735000 	C:\WINDOWS\System32\wshbth.dll
0x00007ff85ea10000 - 0x00007ff85ea1a000 	C:\Windows\System32\rasadhlp.dll
0x00007ff85eea0000 - 0x00007ff85ef12000 	C:\WINDOWS\System32\fwpuclnt.dll

VM Arguments:
jvm_args: -agentlib:jdwp=transport=dt_socket,address=127.0.0.1:60479,suspend=y,server=n -Dmaven.multiModuleProjectDirectory=C:\ToStringTech\Projeto REFP\REFP-BACKEND -Dmaven.home=C:\Program Files\JetBrains\IntelliJ IDEA Community Edition 2018.3\plugins\maven\lib\maven3 -Dclassworlds.conf=C:\Program Files\JetBrains\IntelliJ IDEA Community Edition 2018.3\plugins\maven\lib\maven3\bin\m2.conf -javaagent:C:\Users\LEONAR~1\AppData\Local\Temp\captureAgent788jars\debugger-agent.jar -Dfile.encoding=UTF-8 
java_command: org.codehaus.classworlds.Launcher -Didea.version=2018.3.3 -DskipTests=true spring-boot:run
java_class_path (initial): C:\Program Files\JetBrains\IntelliJ IDEA Community Edition 2018.3\plugins\maven\lib\maven3\boot\plexus-classworlds-2.5.2.jar;C:\Program Files\JetBrains\IntelliJ IDEA Community Edition 2018.3\lib\idea_rt.jar;C:\Users\LEONAR~1\AppData\Local\Temp\captureAgent788jars\debugger-agent.jar
Launcher Type: SUN_STANDARD

Environment Variables:
PATH=C:\app\LeonardoEvangelista\product\18.0.0\dbhomeXE\bin;C:\oracle\product\12.2.0\dbhome_2\bin;C:\oracle\product\12.2.0\dbhome_1\bin;C:\ProgramData\Boxstarter;C:\Program Files (x86)\Common Files\Oracle\Java\javapath;C:\ProgramData\Oracle\Java\javapath;C:\WINDOWS\system32;C:\WINDOWS;C:\WINDOWS\System32\Wbem;C:\WINDOWS\System32\WindowsPowerShell\v1.0\;C:\Program Files (x86)\NVIDIA Corporation\PhysX\Common;C:\Program Files\Git\cmd;C:\Program Files\Java\jdk1.8.0_161\bin;C:\WINDOWS\system32;C:\WINDOWS;C:\WINDOWS\System32\Wbem;C:\WINDOWS\System32\WindowsPowerShell\v1.0\;C:\WINDOWS\System32\OpenSSH\;C:\Program Files\Microsoft VS Code\bin;GRADLE_HOME\bin;C:\Program Files\nodejs\;C:\ProgramData\chocolatey\bin;C:\Program Files (x86)\Microsoft SQL Server\Client SDK\ODBC\130\Tools\Binn\;C:\Program Files (x86)\Microsoft SQL Server\140\Tools\Binn\;C:\Program Files (x86)\Microsoft SQL Server\140\DTS\Binn\;C:\Program Files (x86)\Microsoft SQL Server\140\Tools\Binn\ManagementStudio\;C:\Users\Leonardo Evangelista\AppData\Local\Microsoft\WindowsApps;C:\Program Files\Microsoft VS Code\bin;C:\Program Files\MySQL\MySQL Server 5.7\bin;C:\apache-maven-3.5.3\bin;C:\Program Files\MongoDB\Server\4.0\bin;C:\Users\Leonardo Evangelista\AppData\Roaming\npm;C:\Program Files\JetBrains\IntelliJ IDEA Community Edition 2018.3\bin;;C:\Program Files\heroku\bin
USERNAME=Leonardo Evangelista
OS=Windows_NT
PROCESSOR_IDENTIFIER=Intel64 Family 6 Model 61 Stepping 4, GenuineIntel



---------------  S Y S T E M  ---------------

OS: Windows 10.0 , 64 bit Build 17134 (10.0.17134.648)

CPU:total 4 (initial active 4) (2 cores per cpu, 2 threads per core) family 6 model 61 stepping 4, cmov, cx8, fxsr, mmx, sse, sse2, sse3, ssse3, sse4.1, sse4.2, popcnt, avx, avx2, aes, clmul, erms, 3dnowpref, lzcnt, ht, tsc, tscinvbit, bmi1, bmi2, adx

Memory: 4k page, physical 8297776k(473796k free), swap 8297776k(82840k free)

vm_info: Java HotSpot(TM) 64-Bit Server VM (25.161-b12) for windows-amd64 JRE (1.8.0_161-b12), built on Dec 19 2017 17:52:25 by "java_re" with MS VC++ 10.0 (VS2010)

time: Sun Mar 31 18:12:49 2019
elapsed time: 216 seconds (0d 0h 3m 36s)

