#
# There is insufficient memory for the Java Runtime Environment to continue.
# Native memory allocation (malloc) failed to allocate 1239856 bytes for Chunk::new
# Possible reasons:
#   The system is out of physical RAM or swap space
#   In 32 bit mode, the process size limit was hit
# Possible solutions:
#   Reduce memory load on the system
#   Increase physical memory or swap space
#   Check if swap backing store is full
#   Use 64 bit Java on a 64 bit OS
#   Decrease Java heap size (-Xmx/-Xms)
#   Decrease number of Java threads
#   Decrease Java thread stack sizes (-Xss)
#   Set larger code cache with -XX:ReservedCodeCacheSize=
# This output file may be truncated or incomplete.
#
#  Out of Memory Error (allocation.cpp:390), pid=14456, tid=0x0000000000003dfc
#
# JRE version: Java(TM) SE Runtime Environment (8.0_161-b12) (build 1.8.0_161-b12)
# Java VM: Java HotSpot(TM) 64-Bit Server VM (25.161-b12 mixed mode windows-amd64 compressed oops)
# Failed to write core dump. Minidumps are not enabled by default on client versions of Windows
#

---------------  T H R E A D  ---------------

Current thread (0x000000001973a000):  JavaThread "C2 CompilerThread1" daemon [_thread_in_native, id=15868, stack(0x0000000019eb0000,0x0000000019fb0000)]

Stack: [0x0000000019eb0000,0x0000000019fb0000]
[error occurred during error reporting (printing stack bounds), id 0xc0000005]

Native frames: (J=compiled Java code, j=interpreted, Vv=VM code, C=native code)


Current CompileTask:
C2:  16136 3807   !   4       java.net.URLClassLoader$1::run (63 bytes)


---------------  P R O C E S S  ---------------

Java Threads: ( => current thread )
  0x00000000197d6000 JavaThread "Service Thread" daemon [_thread_blocked, id=9600, stack(0x000000001a0b0000,0x000000001a1b0000)]
  0x000000001978d800 JavaThread "C1 CompilerThread2" daemon [_thread_in_native, id=10520, stack(0x0000000019fb0000,0x000000001a0b0000)]
=>0x000000001973a000 JavaThread "C2 CompilerThread1" daemon [_thread_in_native, id=15868, stack(0x0000000019eb0000,0x0000000019fb0000)]
  0x0000000019701000 JavaThread "C2 CompilerThread0" daemon [_thread_in_native, id=2392, stack(0x0000000019db0000,0x0000000019eb0000)]
  0x0000000017d1b800 JavaThread "JDWP Command Reader" daemon [_thread_in_native, id=9288, stack(0x0000000019570000,0x0000000019670000)]
  0x0000000017d18000 JavaThread "JDWP Event Helper Thread" daemon [_thread_blocked, id=10420, stack(0x0000000019470000,0x0000000019570000)]
  0x0000000017d09800 JavaThread "JDWP Transport Listener: dt_socket" daemon [_thread_blocked, id=15904, stack(0x0000000019370000,0x0000000019470000)]
  0x0000000017d00800 JavaThread "Attach Listener" daemon [_thread_blocked, id=8248, stack(0x0000000019270000,0x0000000019370000)]
  0x0000000017cfd000 JavaThread "Signal Dispatcher" daemon [_thread_blocked, id=9100, stack(0x0000000019170000,0x0000000019270000)]
  0x0000000017cea000 JavaThread "Finalizer" daemon [_thread_blocked, id=10692, stack(0x0000000018f60000,0x0000000019060000)]
  0x0000000003194000 JavaThread "Reference Handler" daemon [_thread_blocked, id=14020, stack(0x0000000018e60000,0x0000000018f60000)]
  0x00000000030a3800 JavaThread "main" [_thread_in_vm, id=10920, stack(0x0000000002ea0000,0x0000000002fa0000)]

Other Threads:
  0x0000000017cc7800 VMThread [stack: 0x0000000018d60000,0x0000000018e60000] [id=15736]
  0x00000000197ee000 WatcherThread [stack: 0x000000001a1b0000,0x000000001a2b0000] [id=11680]

VM state:not at safepoint (normal execution)

VM Mutex/Monitor currently owned by a thread: None

Heap:
 PSYoungGen      total 71680K, used 60855K [0x00000000d5d00000, 0x00000000da800000, 0x0000000100000000)
  eden space 66560K, 83% used [0x00000000d5d00000,0x00000000d9371e78,0x00000000d9e00000)
  from space 5120K, 99% used [0x00000000d9e00000,0x00000000da2fc010,0x00000000da300000)
  to   space 5120K, 0% used [0x00000000da300000,0x00000000da300000,0x00000000da800000)
 ParOldGen       total 87552K, used 24898K [0x0000000081600000, 0x0000000086b80000, 0x00000000d5d00000)
  object space 87552K, 28% used [0x0000000081600000,0x0000000082e50938,0x0000000086b80000)
 Metaspace       used 19159K, capacity 19642K, committed 19840K, reserved 1067008K
  class space    used 2241K, capacity 2373K, committed 2432K, reserved 1048576K

Card table byte_map: [0x0000000012560000,0x0000000012960000] byte_map_base: 0x0000000012155000

Marking Bits: (ParMarkBitMap*) 0x000000005284f860
 Begin Bits: [0x0000000013010000, 0x0000000014fb8000)
 End Bits:   [0x0000000014fb8000, 0x0000000016f60000)

Polling page: 0x0000000000bf0000

CodeCache: size=245760Kb used=12997Kb max_used=14190Kb free=232762Kb
 bounds [0x00000000031a0000, 0x0000000003f90000, 0x00000000121a0000]
 total_blobs=3740 nmethods=3385 adapters=275
 compilation: enabled

Compilation events (10 events):
Event: 16.021 Thread 0x000000001978d800 3820       3       java.util.jar.JarFile::getManifestFromReference (113 bytes)
Event: 16.023 Thread 0x000000001978d800 nmethod 3820 0x000000000330a490 code [0x000000000330a7a0, 0x000000000330bef8]
Event: 16.029 Thread 0x000000001978d800 3821       3       java.lang.ClassLoader::loadClass (7 bytes)
Event: 16.030 Thread 0x000000001978d800 nmethod 3821 0x0000000003617b90 code [0x0000000003617d00, 0x0000000003617f28]
Event: 16.038 Thread 0x000000001978d800 3822       3       org.eclipse.sisu.space.asm.ByteVector::putByte (39 bytes)
Event: 16.038 Thread 0x000000001978d800 nmethod 3822 0x0000000003414e10 code [0x0000000003414f80, 0x00000000034151a8]
Event: 16.067 Thread 0x000000001978d800 3824       3       org.eclipse.sisu.space.asm.ByteVector::put12 (64 bytes)
Event: 16.068 Thread 0x000000001978d800 nmethod 3824 0x00000000036fc990 code [0x00000000036fcb00, 0x00000000036fcd88]
Event: 16.068 Thread 0x000000001978d800 3825       3       org.eclipse.sisu.space.asm.Item::isEqualTo (342 bytes)
Event: 16.069 Thread 0x000000001978d800 nmethod 3825 0x00000000033d0910 code [0x00000000033d0b40, 0x00000000033d17c8]

GC Heap History (10 events):
Event: 5.570 GC heap before
{Heap before GC invocations=3 (full 0):
 PSYoungGen      total 38400K, used 38388K [0x00000000d5d00000, 0x00000000d8780000, 0x0000000100000000)
  eden space 33280K, 100% used [0x00000000d5d00000,0x00000000d7d80000,0x00000000d7d80000)
  from space 5120K, 99% used [0x00000000d8280000,0x00000000d877d2d0,0x00000000d8780000)
  to   space 5120K, 0% used [0x00000000d7d80000,0x00000000d7d80000,0x00000000d8280000)
 ParOldGen       total 87552K, used 405K [0x0000000081600000, 0x0000000086b80000, 0x00000000d5d00000)
  object space 87552K, 0% used [0x0000000081600000,0x0000000081665588,0x0000000086b80000)
 Metaspace       used 14704K, capacity 14970K, committed 15232K, reserved 1062912K
  class space    used 1814K, capacity 1875K, committed 1920K, reserved 1048576K
Event: 5.592 GC heap after
Heap after GC invocations=3 (full 0):
 PSYoungGen      total 38400K, used 5088K [0x00000000d5d00000, 0x00000000da800000, 0x0000000100000000)
  eden space 33280K, 0% used [0x00000000d5d00000,0x00000000d5d00000,0x00000000d7d80000)
  from space 5120K, 99% used [0x00000000d7d80000,0x00000000d8278040,0x00000000d8280000)
  to   space 5120K, 0% used [0x00000000da300000,0x00000000da300000,0x00000000da800000)
 ParOldGen       total 87552K, used 3181K [0x0000000081600000, 0x0000000086b80000, 0x00000000d5d00000)
  object space 87552K, 3% used [0x0000000081600000,0x000000008191b580,0x0000000086b80000)
 Metaspace       used 14704K, capacity 14970K, committed 15232K, reserved 1062912K
  class space    used 1814K, capacity 1875K, committed 1920K, reserved 1048576K
}
Event: 6.968 GC heap before
{Heap before GC invocations=4 (full 0):
 PSYoungGen      total 38400K, used 38368K [0x00000000d5d00000, 0x00000000da800000, 0x0000000100000000)
  eden space 33280K, 100% used [0x00000000d5d00000,0x00000000d7d80000,0x00000000d7d80000)
  from space 5120K, 99% used [0x00000000d7d80000,0x00000000d8278040,0x00000000d8280000)
  to   space 5120K, 0% used [0x00000000da300000,0x00000000da300000,0x00000000da800000)
 ParOldGen       total 87552K, used 3181K [0x0000000081600000, 0x0000000086b80000, 0x00000000d5d00000)
  object space 87552K, 3% used [0x0000000081600000,0x000000008191b580,0x0000000086b80000)
 Metaspace       used 15305K, capacity 15544K, committed 15744K, reserved 1062912K
  class space    used 1850K, capacity 1912K, committed 1920K, reserved 1048576K
Event: 7.008 GC heap after
Heap after GC invocations=4 (full 0):
 PSYoungGen      total 71680K, used 5088K [0x00000000d5d00000, 0x00000000da800000, 0x0000000100000000)
  eden space 66560K, 0% used [0x00000000d5d00000,0x00000000d5d00000,0x00000000d9e00000)
  from space 5120K, 99% used [0x00000000da300000,0x00000000da7f8020,0x00000000da800000)
  to   space 5120K, 0% used [0x00000000d9e00000,0x00000000d9e00000,0x00000000da300000)
 ParOldGen       total 87552K, used 7962K [0x0000000081600000, 0x0000000086b80000, 0x00000000d5d00000)
  object space 87552K, 9% used [0x0000000081600000,0x0000000081dc68d0,0x0000000086b80000)
 Metaspace       used 15305K, capacity 15544K, committed 15744K, reserved 1062912K
  class space    used 1850K, capacity 1912K, committed 1920K, reserved 1048576K
}
Event: 8.790 GC heap before
{Heap before GC invocations=5 (full 0):
 PSYoungGen      total 71680K, used 71648K [0x00000000d5d00000, 0x00000000da800000, 0x0000000100000000)
  eden space 66560K, 100% used [0x00000000d5d00000,0x00000000d9e00000,0x00000000d9e00000)
  from space 5120K, 99% used [0x00000000da300000,0x00000000da7f8020,0x00000000da800000)
  to   space 5120K, 0% used [0x00000000d9e00000,0x00000000d9e00000,0x00000000da300000)
 ParOldGen       total 87552K, used 7962K [0x0000000081600000, 0x0000000086b80000, 0x00000000d5d00000)
  object space 87552K, 9% used [0x0000000081600000,0x0000000081dc68d0,0x0000000086b80000)
 Metaspace       used 15909K, capacity 16284K, committed 16384K, reserved 1062912K
  class space    used 1890K, capacity 1982K, committed 2048K, reserved 1048576K
Event: 8.821 GC heap after
Heap after GC invocations=5 (full 0):
 PSYoungGen      total 71680K, used 5088K [0x00000000d5d00000, 0x00000000da800000, 0x0000000100000000)
  eden space 66560K, 0% used [0x00000000d5d00000,0x00000000d5d00000,0x00000000d9e00000)
  from space 5120K, 99% used [0x00000000d9e00000,0x00000000da2f8040,0x00000000da300000)
  to   space 5120K, 0% used [0x00000000da300000,0x00000000da300000,0x00000000da800000)
 ParOldGen       total 87552K, used 14770K [0x0000000081600000, 0x0000000086b80000, 0x00000000d5d00000)
  object space 87552K, 16% used [0x0000000081600000,0x000000008246c9b0,0x0000000086b80000)
 Metaspace       used 15909K, capacity 16284K, committed 16384K, reserved 1062912K
  class space    used 1890K, capacity 1982K, committed 2048K, reserved 1048576K
}
Event: 11.185 GC heap before
{Heap before GC invocations=6 (full 0):
 PSYoungGen      total 71680K, used 71648K [0x00000000d5d00000, 0x00000000da800000, 0x0000000100000000)
  eden space 66560K, 100% used [0x00000000d5d00000,0x00000000d9e00000,0x00000000d9e00000)
  from space 5120K, 99% used [0x00000000d9e00000,0x00000000da2f8040,0x00000000da300000)
  to   space 5120K, 0% used [0x00000000da300000,0x00000000da300000,0x00000000da800000)
 ParOldGen       total 87552K, used 14770K [0x0000000081600000, 0x0000000086b80000, 0x00000000d5d00000)
  object space 87552K, 16% used [0x0000000081600000,0x000000008246c9b0,0x0000000086b80000)
 Metaspace       used 16407K, capacity 16794K, committed 16896K, reserved 1064960K
  class space    used 1904K, capacity 2019K, committed 2048K, reserved 1048576K
Event: 11.207 GC heap after
Heap after GC invocations=6 (full 0):
 PSYoungGen      total 71680K, used 5088K [0x00000000d5d00000, 0x00000000da800000, 0x0000000100000000)
  eden space 66560K, 0% used [0x00000000d5d00000,0x00000000d5d00000,0x00000000d9e00000)
  from space 5120K, 99% used [0x00000000da300000,0x00000000da7f8020,0x00000000da800000)
  to   space 5120K, 0% used [0x00000000d9e00000,0x00000000d9e00000,0x00000000da300000)
 ParOldGen       total 87552K, used 19930K [0x0000000081600000, 0x0000000086b80000, 0x00000000d5d00000)
  object space 87552K, 22% used [0x0000000081600000,0x0000000082976838,0x0000000086b80000)
 Metaspace       used 16407K, capacity 16794K, committed 16896K, reserved 1064960K
  class space    used 1904K, capacity 2019K, committed 2048K, reserved 1048576K
}
Event: 14.700 GC heap before
{Heap before GC invocations=7 (full 0):
 PSYoungGen      total 71680K, used 71648K [0x00000000d5d00000, 0x00000000da800000, 0x0000000100000000)
  eden space 66560K, 100% used [0x00000000d5d00000,0x00000000d9e00000,0x00000000d9e00000)
  from space 5120K, 99% used [0x00000000da300000,0x00000000da7f8020,0x00000000da800000)
  to   space 5120K, 0% used [0x00000000d9e00000,0x00000000d9e00000,0x00000000da300000)
 ParOldGen       total 87552K, used 19930K [0x0000000081600000, 0x0000000086b80000, 0x00000000d5d00000)
  object space 87552K, 22% used [0x0000000081600000,0x0000000082976838,0x0000000086b80000)
 Metaspace       used 17881K, capacity 18302K, committed 18560K, reserved 1064960K
  class space    used 2041K, capacity 2163K, committed 2176K, reserved 1048576K
Event: 14.720 GC heap after
Heap after GC invocations=7 (full 0):
 PSYoungGen      total 71680K, used 5104K [0x00000000d5d00000, 0x00000000da800000, 0x0000000100000000)
  eden space 66560K, 0% used [0x00000000d5d00000,0x00000000d5d00000,0x00000000d9e00000)
  from space 5120K, 99% used [0x00000000d9e00000,0x00000000da2fc010,0x00000000da300000)
  to   space 5120K, 0% used [0x00000000da300000,0x00000000da300000,0x00000000da800000)
 ParOldGen       total 87552K, used 24898K [0x0000000081600000, 0x0000000086b80000, 0x00000000d5d00000)
  object space 87552K, 28% used [0x0000000081600000,0x0000000082e50938,0x0000000086b80000)
 Metaspace       used 17881K, capacity 18302K, committed 18560K, reserved 1064960K
  class space    used 2041K, capacity 2163K, committed 2176K, reserved 1048576K
}

Deoptimization events (10 events):
Event: 11.889 Thread 0x00000000030a3800 Uncommon trap: reason=class_check action=maybe_recompile pc=0x0000000003c8a028 method=org.eclipse.sisu.wire.EntryListAdapter$ValueIterator.hasNext()Z @ 4
Event: 12.087 Thread 0x00000000030a3800 Uncommon trap: reason=bimorphic action=maybe_recompile pc=0x00000000037da904 method=java.util.regex.Pattern$CharProperty.match(Ljava/util/regex/Matcher;ILjava/lang/CharSequence;)Z @ 37
Event: 12.796 Thread 0x00000000030a3800 Uncommon trap: reason=unstable_if action=reinterpret pc=0x0000000003d68e78 method=java.util.IdentityHashMap.closeDeletion(I)V @ 22
Event: 12.834 Thread 0x00000000030a3800 Uncommon trap: reason=class_check action=maybe_recompile pc=0x0000000003c8a028 method=org.eclipse.sisu.wire.EntryListAdapter$ValueIterator.hasNext()Z @ 4
Event: 13.015 Thread 0x00000000030a3800 Uncommon trap: reason=bimorphic action=maybe_recompile pc=0x00000000037da904 method=java.util.regex.Pattern$CharProperty.match(Ljava/util/regex/Matcher;ILjava/lang/CharSequence;)Z @ 37
Event: 13.023 Thread 0x00000000030a3800 Uncommon trap: reason=unstable_if action=reinterpret pc=0x0000000003a7451c method=com.google.inject.internal.InjectorImpl.callInContext(Lcom/google/inject/internal/ContextualCallable;)Ljava/lang/Object; @ 161
Event: 14.849 Thread 0x00000000030a3800 Uncommon trap: reason=unstable_if action=reinterpret pc=0x0000000003c1578c method=org.codehaus.plexus.util.xml.pull.MXParser.parseAttribute()C @ 1002
Event: 15.426 Thread 0x00000000030a3800 Uncommon trap: reason=unstable_if action=reinterpret pc=0x0000000003d7b40c method=org.eclipse.aether.util.graph.transformer.ConflictResolver$State.deriveOptional(Lorg/eclipse/aether/graph/DependencyNode;Ljava/lang/Object;)Z @ 23
Event: 15.521 Thread 0x00000000030a3800 Uncommon trap: reason=class_check action=maybe_recompile pc=0x0000000003c8a028 method=org.eclipse.sisu.wire.EntryListAdapter$ValueIterator.hasNext()Z @ 4
Event: 15.579 Thread 0x00000000030a3800 Uncommon trap: reason=unstable_if action=reinterpret pc=0x0000000003e1d6e8 method=java.util.jar.Manifest$FastInputStream.readLine([BII)I @ 87

Classes redefined (0 events):
No events

Internal exceptions (10 events):
Event: 7.908 Thread 0x00000000030a3800 Implicit null exception at 0x0000000003a34100 to 0x0000000003a355e9
Event: 13.023 Thread 0x00000000030a3800 Implicit null exception at 0x0000000003a72a3e to 0x0000000003a744fd
Event: 15.824 Thread 0x00000000030a3800 Exception <a 'java/lang/NoClassDefFoundError': org/sonatype/aether/graph/DependencyNode> (0x00000000d8a8ded8) thrown at [C:\re\workspace\8-2-build-windows-amd64-cygwin\jdk8u161\10277\hotspot\src\share\vm\classfile\systemDictionary.cpp, line 199]
Event: 15.852 Thread 0x00000000030a3800 Exception <a 'java/lang/NoClassDefFoundError': org/sonatype/aether/artifact/Artifact> (0x00000000d8bde080) thrown at [C:\re\workspace\8-2-build-windows-amd64-cygwin\jdk8u161\10277\hotspot\src\share\vm\classfile\systemDictionary.cpp, line 199]
Event: 15.863 Thread 0x00000000030a3800 Exception <a 'java/lang/NoClassDefFoundError': org/sonatype/aether/resolution/ArtifactDescriptorException> (0x00000000d8c55538) thrown at [C:\re\workspace\8-2-build-windows-amd64-cygwin\jdk8u161\10277\hotspot\src\share\vm\classfile\systemDictionary.cpp, l
Event: 15.911 Thread 0x00000000030a3800 Exception <a 'java/lang/NoClassDefFoundError': org/sonatype/aether/resolution/ArtifactResolutionException> (0x00000000d8d93310) thrown at [C:\re\workspace\8-2-build-windows-amd64-cygwin\jdk8u161\10277\hotspot\src\share\vm\classfile\systemDictionary.cpp, l
Event: 15.980 Thread 0x00000000030a3800 Exception <a 'java/lang/NoClassDefFoundError': org/sonatype/aether/deployment/DeploymentException> (0x00000000d8f0e580) thrown at [C:\re\workspace\8-2-build-windows-amd64-cygwin\jdk8u161\10277\hotspot\src\share\vm\classfile\systemDictionary.cpp, line 199]
Event: 16.043 Thread 0x00000000030a3800 Exception <a 'java/lang/NoClassDefFoundError': org/sonatype/aether/collection/DependencyCollectionException> (0x00000000d90c63e0) thrown at [C:\re\workspace\8-2-build-windows-amd64-cygwin\jdk8u161\10277\hotspot\src\share\vm\classfile\systemDictionary.cpp,
Event: 16.094 Thread 0x00000000030a3800 Exception <a 'java/lang/NoClassDefFoundError': org/sonatype/aether/artifact/Artifact> (0x00000000d912ab00) thrown at [C:\re\workspace\8-2-build-windows-amd64-cygwin\jdk8u161\10277\hotspot\src\share\vm\classfile\systemDictionary.cpp, line 199]
Event: 16.099 Thread 0x00000000030a3800 Exception <a 'java/lang/NoClassDefFoundError': org/sonatype/aether/installation/InstallationException> (0x00000000d9151a40) thrown at [C:\re\workspace\8-2-build-windows-amd64-cygwin\jdk8u161\10277\hotspot\src\share\vm\classfile\systemDictionary.cpp, line 

Events (10 events):
Event: 16.105 Thread 0x00000000030a3800 DEOPT PACKING pc=0x00000000033df9e1 sp=0x0000000002f9b4d0
Event: 16.105 Thread 0x00000000030a3800 DEOPT UNPACKING pc=0x00000000031e7890 sp=0x0000000002f9b200 mode 1
Event: 16.105 Thread 0x00000000030a3800 DEOPT PACKING pc=0x00000000036876f0 sp=0x0000000002f9b520
Event: 16.105 Thread 0x00000000030a3800 DEOPT UNPACKING pc=0x00000000031e7890 sp=0x0000000002f9b2c0 mode 1
Event: 16.105 Thread 0x00000000030a3800 DEOPT PACKING pc=0x0000000003e3351c sp=0x0000000002f9b630
Event: 16.105 Thread 0x00000000030a3800 DEOPT UNPACKING pc=0x00000000031e7890 sp=0x0000000002f9b2b8 mode 1
Event: 16.106 Thread 0x00000000030a3800 DEOPT PACKING pc=0x0000000003e465fc sp=0x0000000002f9b430
Event: 16.106 Thread 0x00000000030a3800 DEOPT UNPACKING pc=0x00000000031e7890 sp=0x0000000002f9b168 mode 1
Event: 16.106 Thread 0x00000000030a3800 DEOPT PACKING pc=0x0000000003e47bfc sp=0x0000000002f9b4b0
Event: 16.106 Thread 0x00000000030a3800 DEOPT UNPACKING pc=0x00000000031e7890 sp=0x0000000002f9b248 mode 1


Dynamic libraries:
0x00007ff761670000 - 0x00007ff7616a7000 	C:\Program Files\Java\jdk1.8.0_161\bin\java.exe
0x00007ff86ff40000 - 0x00007ff870121000 	C:\WINDOWS\SYSTEM32\ntdll.dll
0x00007ff86d3d0000 - 0x00007ff86d482000 	C:\WINDOWS\System32\KERNEL32.DLL
0x00007ff86d0b0000 - 0x00007ff86d323000 	C:\WINDOWS\System32\KERNELBASE.dll
0x00007ff86e020000 - 0x00007ff86e0c1000 	C:\WINDOWS\System32\ADVAPI32.dll
0x00007ff86f6f0000 - 0x00007ff86f78e000 	C:\WINDOWS\System32\msvcrt.dll
0x00007ff86fcb0000 - 0x00007ff86fd0b000 	C:\WINDOWS\System32\sechost.dll
0x00007ff86f5c0000 - 0x00007ff86f6e4000 	C:\WINDOWS\System32\RPCRT4.dll
0x00007ff86d540000 - 0x00007ff86d6d0000 	C:\WINDOWS\System32\USER32.dll
0x00007ff86d090000 - 0x00007ff86d0b0000 	C:\WINDOWS\System32\win32u.dll
0x00007ff86f830000 - 0x00007ff86f858000 	C:\WINDOWS\System32\GDI32.dll
0x00007ff86ce10000 - 0x00007ff86cfa2000 	C:\WINDOWS\System32\gdi32full.dll
0x00007ff86d330000 - 0x00007ff86d3cf000 	C:\WINDOWS\System32\msvcp_win.dll
0x00007ff86c600000 - 0x00007ff86c6f8000 	C:\WINDOWS\System32\ucrtbase.dll
0x00007ff85fbb0000 - 0x00007ff85fe19000 	C:\WINDOWS\WinSxS\amd64_microsoft.windows.common-controls_6595b64144ccf1df_6.0.17134.648_none_fb45a0e93062a6d2\COMCTL32.dll
0x00007ff86d830000 - 0x00007ff86db52000 	C:\WINDOWS\System32\combase.dll
0x00007ff86d010000 - 0x00007ff86d08a000 	C:\WINDOWS\System32\bcryptPrimitives.dll
0x00007ff86f590000 - 0x00007ff86f5bd000 	C:\WINDOWS\System32\IMM32.DLL
0x00000000528d0000 - 0x00000000529a2000 	C:\Program Files\Java\jdk1.8.0_161\jre\bin\msvcr100.dll
0x0000000052030000 - 0x00000000528cf000 	C:\Program Files\Java\jdk1.8.0_161\jre\bin\server\jvm.dll
0x00007ff86ddd0000 - 0x00007ff86ddd8000 	C:\WINDOWS\System32\PSAPI.DLL
0x00007ff868ac0000 - 0x00007ff868ae3000 	C:\WINDOWS\SYSTEM32\WINMM.dll
0x00007ff8612e0000 - 0x00007ff8612ea000 	C:\WINDOWS\SYSTEM32\VERSION.dll
0x00007ff85b080000 - 0x00007ff85b089000 	C:\WINDOWS\SYSTEM32\WSOCK32.dll
0x00007ff86e0e0000 - 0x00007ff86e14c000 	C:\WINDOWS\System32\WS2_32.dll
0x00007ff868700000 - 0x00007ff86872a000 	C:\WINDOWS\SYSTEM32\winmmbase.dll
0x00007ff86c500000 - 0x00007ff86c549000 	C:\WINDOWS\System32\cfgmgr32.dll
0x0000000052020000 - 0x000000005202f000 	C:\Program Files\Java\jdk1.8.0_161\jre\bin\verify.dll
0x0000000051ff0000 - 0x0000000052019000 	C:\Program Files\Java\jdk1.8.0_161\jre\bin\java.dll
0x0000000051f50000 - 0x0000000051f85000 	C:\Program Files\Java\jdk1.8.0_161\jre\bin\jdwp.dll
0x0000000051f40000 - 0x0000000051f48000 	C:\Program Files\Java\jdk1.8.0_161\jre\bin\npt.dll
0x0000000051f10000 - 0x0000000051f33000 	C:\Program Files\Java\jdk1.8.0_161\jre\bin\instrument.dll
0x0000000051fd0000 - 0x0000000051fe6000 	C:\Program Files\Java\jdk1.8.0_161\jre\bin\zip.dll
0x00007ff86e150000 - 0x00007ff86f590000 	C:\WINDOWS\System32\SHELL32.dll
0x00007ff86d490000 - 0x00007ff86d539000 	C:\WINDOWS\System32\shcore.dll
0x00007ff86c700000 - 0x00007ff86ce0d000 	C:\WINDOWS\System32\windows.storage.dll
0x00007ff86dfc0000 - 0x00007ff86e011000 	C:\WINDOWS\System32\shlwapi.dll
0x00007ff86c260000 - 0x00007ff86c271000 	C:\WINDOWS\System32\kernel.appcore.dll
0x00007ff86c2d0000 - 0x00007ff86c2ef000 	C:\WINDOWS\System32\profapi.dll
0x00007ff86c280000 - 0x00007ff86c2cc000 	C:\WINDOWS\System32\powrprof.dll
0x00007ff86c250000 - 0x00007ff86c25a000 	C:\WINDOWS\System32\FLTLIB.DLL
0x0000000051f00000 - 0x0000000051f09000 	C:\Program Files\Java\jdk1.8.0_161\jre\bin\dt_socket.dll
0x00007ff86ba70000 - 0x00007ff86bad6000 	C:\WINDOWS\system32\mswsock.dll
0x00007ff86bc20000 - 0x00007ff86bc37000 	C:\WINDOWS\SYSTEM32\CRYPTSP.dll
0x00007ff86b650000 - 0x00007ff86b683000 	C:\WINDOWS\system32\rsaenh.dll
0x00007ff86bd50000 - 0x00007ff86bd75000 	C:\WINDOWS\SYSTEM32\bcrypt.dll
0x00007ff86c150000 - 0x00007ff86c178000 	C:\WINDOWS\SYSTEM32\USERENV.dll
0x00007ff86bc40000 - 0x00007ff86bc4b000 	C:\WINDOWS\SYSTEM32\CRYPTBASE.dll
0x0000000051fb0000 - 0x0000000051fca000 	C:\Program Files\Java\jdk1.8.0_161\jre\bin\net.dll
0x00007ff86b7f0000 - 0x00007ff86b828000 	C:\WINDOWS\SYSTEM32\IPHLPAPI.DLL
0x00007ff86e0d0000 - 0x00007ff86e0d8000 	C:\WINDOWS\System32\NSI.dll
0x00007ff864740000 - 0x00007ff864756000 	C:\WINDOWS\SYSTEM32\dhcpcsvc6.DLL
0x00007ff865a20000 - 0x00007ff865a3a000 	C:\WINDOWS\SYSTEM32\dhcpcsvc.DLL
0x0000000051f90000 - 0x0000000051fa1000 	C:\Program Files\Java\jdk1.8.0_161\jre\bin\nio.dll

VM Arguments:
jvm_args: -agentlib:jdwp=transport=dt_socket,address=127.0.0.1:51020,suspend=y,server=n -Dmaven.multiModuleProjectDirectory=C:\ToStringTech\Projeto REFP\REFP-BACKEND -Dmaven.home=C:\Program Files\JetBrains\IntelliJ IDEA Community Edition 2018.3\plugins\maven\lib\maven3 -Dclassworlds.conf=C:\Program Files\JetBrains\IntelliJ IDEA Community Edition 2018.3\plugins\maven\lib\maven3\bin\m2.conf -javaagent:C:\Users\LEONAR~1\AppData\Local\Temp\captureAgent3230jars\debugger-agent.jar -Dfile.encoding=UTF-8 
java_command: org.codehaus.classworlds.Launcher -Didea.version=2018.3.3 -DskipTests=true spring-boot:run
java_class_path (initial): C:\Program Files\JetBrains\IntelliJ IDEA Community Edition 2018.3\plugins\maven\lib\maven3\boot\plexus-classworlds-2.5.2.jar;C:\Program Files\JetBrains\IntelliJ IDEA Community Edition 2018.3\lib\idea_rt.jar;C:\Users\LEONAR~1\AppData\Local\Temp\captureAgent3230jars\debugger-agent.jar
Launcher Type: SUN_STANDARD

Environment Variables:
PATH=C:\app\LeonardoEvangelista\product\18.0.0\dbhomeXE\bin;C:\oracle\product\12.2.0\dbhome_2\bin;C:\oracle\product\12.2.0\dbhome_1\bin;C:\ProgramData\Boxstarter;C:\Program Files (x86)\Common Files\Oracle\Java\javapath;C:\ProgramData\Oracle\Java\javapath;C:\WINDOWS\system32;C:\WINDOWS;C:\WINDOWS\System32\Wbem;C:\WINDOWS\System32\WindowsPowerShell\v1.0\;C:\Program Files (x86)\NVIDIA Corporation\PhysX\Common;C:\Program Files\Git\cmd;C:\Program Files\Java\jdk1.8.0_161\bin;C:\WINDOWS\system32;C:\WINDOWS;C:\WINDOWS\System32\Wbem;C:\WINDOWS\System32\WindowsPowerShell\v1.0\;C:\WINDOWS\System32\OpenSSH\;C:\Program Files\Microsoft VS Code\bin;GRADLE_HOME\bin;C:\Program Files\nodejs\;C:\ProgramData\chocolatey\bin;C:\Program Files (x86)\Microsoft SQL Server\Client SDK\ODBC\130\Tools\Binn\;C:\Program Files (x86)\Microsoft SQL Server\140\Tools\Binn\;C:\Program Files (x86)\Microsoft SQL Server\140\DTS\Binn\;C:\Program Files (x86)\Microsoft SQL Server\140\Tools\Binn\ManagementStudio\;C:\Users\Leonardo Evangelista\AppData\Local\Microsoft\WindowsApps;C:\Program Files\Microsoft VS Code\bin;C:\Program Files\MySQL\MySQL Server 5.7\bin;C:\apache-maven-3.5.3\bin;C:\Program Files\MongoDB\Server\4.0\bin;C:\Users\Leonardo Evangelista\AppData\Roaming\npm;C:\Program Files\JetBrains\IntelliJ IDEA Community Edition 2018.3\bin;;C:\Program Files\heroku\bin
USERNAME=Leonardo Evangelista
OS=Windows_NT
PROCESSOR_IDENTIFIER=Intel64 Family 6 Model 61 Stepping 4, GenuineIntel



---------------  S Y S T E M  ---------------

OS: Windows 10.0 , 64 bit Build 17134 (10.0.17134.648)

CPU:total 4 (initial active 4) (2 cores per cpu, 2 threads per core) family 6 model 61 stepping 4, cmov, cx8, fxsr, mmx, sse, sse2, sse3, ssse3, sse4.1, sse4.2, popcnt, avx, avx2, aes, clmul, erms, 3dnowpref, lzcnt, ht, tsc, tscinvbit, bmi1, bmi2, adx

Memory: 4k page, physical 8297776k(623656k free), swap 8297776k(5688k free)

vm_info: Java HotSpot(TM) 64-Bit Server VM (25.161-b12) for windows-amd64 JRE (1.8.0_161-b12), built on Dec 19 2017 17:52:25 by "java_re" with MS VC++ 10.0 (VS2010)

time: Sat Mar 30 10:58:24 2019
elapsed time: 16 seconds (0d 0h 0m 16s)

