2020-04-24 19:04:27,199 INFO org.springframework.boot.StartupInfoLogger [main] Starting RefpApplication on DESKTOP-ERNB8HD with PID 16164 (C:\Users\alber\Documents\tcc1\refp-backend\bin\main started by alber in C:\Users\alber\Documents\tcc1\refp-backend)
2020-04-24 19:04:27,202 INFO org.springframework.boot.SpringApplication [main] No active profile set, falling back to default profiles: default
2020-04-24 19:04:28,125 INFO org.springframework.data.repository.config.RepositoryConfigurationDelegate [main] Bootstrapping Spring Data JPA repositories in DEFAULT mode.
2020-04-24 19:04:28,198 INFO org.springframework.data.repository.config.RepositoryConfigurationDelegate [main] Finished Spring Data repository scanning in 67ms. Found 4 JPA repository interfaces.
2020-04-24 19:04:28,395 INFO org.springframework.context.support.PostProcessorRegistrationDelegate$BeanPostProcessorChecker [main] Bean 'org.springframework.transaction.annotation.ProxyTransactionManagementConfiguration' of type [org.springframework.transaction.annotation.ProxyTransactionManagementConfiguration] is not eligible for getting processed by all BeanPostProcessors (for example: not eligible for auto-proxying)
2020-04-24 19:04:28,563 INFO org.springframework.boot.web.embedded.tomcat.TomcatWebServer [main] Tomcat initialized with port(s): 8080 (http)
2020-04-24 19:04:28,571 INFO org.apache.juli.logging.DirectJDKLog [main] Initializing ProtocolHandler ["http-nio-8080"]
2020-04-24 19:04:28,571 INFO org.apache.juli.logging.DirectJDKLog [main] Starting service [Tomcat]
2020-04-24 19:04:28,572 INFO org.apache.juli.logging.DirectJDKLog [main] Starting Servlet engine: [Apache Tomcat/9.0.29]
2020-04-24 19:04:28,676 INFO org.apache.juli.logging.DirectJDKLog [main] Initializing Spring embedded WebApplicationContext
2020-04-24 19:04:28,677 INFO org.springframework.boot.web.servlet.context.ServletWebServerApplicationContext [main] Root WebApplicationContext: initialization completed in 1319 ms
2020-04-24 19:04:28,815 INFO org.hibernate.jpa.internal.util.LogHelper [main] HHH000204: Processing PersistenceUnitInfo [name: default]
2020-04-24 19:04:28,878 INFO org.hibernate.Version [main] HHH000412: Hibernate Core {5.4.9.Final}
2020-04-24 19:04:28,997 INFO org.hibernate.annotations.common.reflection.java.JavaReflectionManager [main] HCANN000001: Hibernate Commons Annotations {5.1.0.Final}
2020-04-24 19:04:29,077 INFO com.zaxxer.hikari.HikariDataSource [main] HikariPool-1 - Starting...
2020-04-24 19:04:29,391 INFO com.zaxxer.hikari.HikariDataSource [main] HikariPool-1 - Start completed.
2020-04-24 19:04:29,405 INFO org.hibernate.dialect.Dialect [main] HHH000400: Using dialect: org.hibernate.dialect.MySQL8Dialect
2020-04-24 19:04:30,080 INFO org.hibernate.engine.transaction.jta.platform.internal.JtaPlatformInitiator [main] HHH000490: Using JtaPlatform implementation: [org.hibernate.engine.transaction.jta.platform.internal.NoJtaPlatform]
2020-04-24 19:04:30,086 INFO org.springframework.orm.jpa.AbstractEntityManagerFactoryBean [main] Initialized JPA EntityManagerFactory for persistence unit 'default'
2020-04-24 19:04:30,628 WARN org.springframework.boot.autoconfigure.orm.jpa.JpaBaseConfiguration$JpaWebConfiguration [main] spring.jpa.open-in-view is enabled by default. Therefore, database queries may be performed during view rendering. Explicitly configure spring.jpa.open-in-view to disable this warning
2020-04-24 19:04:30,764 INFO springfox.documentation.spring.web.PropertySourcedRequestMappingHandlerMapping [main] Mapped URL path [/v2/api-docs] onto method [springfox.documentation.swagger2.web.Swagger2Controller#getDocumentation(String, HttpServletRequest)]
2020-04-24 19:04:30,807 INFO org.springframework.scheduling.concurrent.ExecutorConfigurationSupport [main] Initializing ExecutorService 'applicationTaskExecutor'
2020-04-24 19:04:30,943 INFO org.quartz.impl.StdSchedulerFactory [main] Using default implementation for ThreadExecutor
2020-04-24 19:04:30,954 INFO org.quartz.core.SchedulerSignalerImpl [main] Initialized Scheduler Signaller of type: class org.quartz.core.SchedulerSignalerImpl
2020-04-24 19:04:30,954 INFO org.quartz.core.QuartzScheduler [main] Quartz Scheduler v.2.3.2 created.
2020-04-24 19:04:30,955 INFO org.quartz.simpl.RAMJobStore [main] RAMJobStore initialized.
2020-04-24 19:04:30,955 INFO org.quartz.core.QuartzScheduler [main] Scheduler meta-data: Quartz Scheduler (v2.3.2) 'quartzScheduler' with instanceId 'NON_CLUSTERED'
  Scheduler class: 'org.quartz.core.QuartzScheduler' - running locally.
  NOT STARTED.
  Currently in standby mode.
  Number of jobs executed: 0
  Using thread pool 'org.quartz.simpl.SimpleThreadPool' - with 10 threads.
  Using job-store 'org.quartz.simpl.RAMJobStore' - which does not support persistence. and is not clustered.

2020-04-24 19:04:30,955 INFO org.quartz.impl.StdSchedulerFactory [main] Quartz scheduler 'quartzScheduler' initialized from an externally provided properties instance.
2020-04-24 19:04:30,955 INFO org.quartz.impl.StdSchedulerFactory [main] Quartz scheduler version: 2.3.2
2020-04-24 19:04:30,956 INFO org.quartz.core.QuartzScheduler [main] JobFactory set to: org.springframework.scheduling.quartz.SpringBeanJobFactory@5b784f16
2020-04-24 19:04:30,986 INFO springfox.documentation.spring.web.plugins.DocumentationPluginsBootstrapper [main] Context refreshed
2020-04-24 19:04:30,996 INFO springfox.documentation.spring.web.plugins.DocumentationPluginsBootstrapper [main] Found 1 custom documentation plugin(s)
2020-04-24 19:04:31,028 INFO springfox.documentation.spring.web.scanners.ApiListingReferenceScanner [main] Scanning for api listing references
2020-04-24 19:04:31,121 INFO springfox.documentation.spring.web.readers.operation.CachingOperationNameGenerator [main] Generating unique operation named: deleteProjectUsingDELETE_1
2020-04-24 19:04:31,154 INFO springfox.documentation.spring.web.readers.operation.CachingOperationNameGenerator [main] Generating unique operation named: deleteProjectUsingDELETE_2
2020-04-24 19:04:31,159 INFO springfox.documentation.spring.web.readers.operation.CachingOperationNameGenerator [main] Generating unique operation named: findProjectByIdUsingGET_1
2020-04-24 19:04:31,163 INFO springfox.documentation.spring.web.readers.operation.CachingOperationNameGenerator [main] Generating unique operation named: updateProjectUsingPUT_1
2020-04-24 19:04:31,172 INFO org.springframework.scheduling.quartz.SchedulerFactoryBean [main] Starting Quartz Scheduler now
2020-04-24 19:04:31,172 INFO org.quartz.core.QuartzScheduler [main] Scheduler quartzScheduler_$_NON_CLUSTERED started.
2020-04-24 19:04:31,177 INFO org.apache.juli.logging.DirectJDKLog [main] Starting ProtocolHandler ["http-nio-8080"]
2020-04-24 19:04:31,193 INFO org.springframework.boot.web.embedded.tomcat.TomcatWebServer [main] Tomcat started on port(s): 8080 (http) with context path ''
2020-04-24 19:04:31,194 INFO org.springframework.boot.StartupInfoLogger [main] Started RefpApplication in 4.247 seconds (JVM running for 4.856)
2020-04-24 19:04:36,174 INFO org.apache.juli.logging.DirectJDKLog [http-nio-8080-exec-1] Initializing Spring DispatcherServlet 'dispatcherServlet'
2020-04-24 19:04:36,175 INFO org.springframework.web.servlet.FrameworkServlet [http-nio-8080-exec-1] Initializing Servlet 'dispatcherServlet'
2020-04-24 19:04:36,181 INFO org.springframework.web.servlet.FrameworkServlet [http-nio-8080-exec-1] Completed initialization in 6 ms
2020-04-24 19:10:17,351 INFO org.springframework.boot.admin.SpringApplicationAdminMXBeanRegistrar$SpringApplicationAdmin [RMI TCP Connection(4)-127.0.0.1] Application shutdown requested.
2020-04-24 19:10:17,353 INFO org.quartz.core.QuartzScheduler [RMI TCP Connection(4)-127.0.0.1] Scheduler quartzScheduler_$_NON_CLUSTERED paused.
2020-04-24 19:10:17,353 INFO org.springframework.scheduling.quartz.SchedulerFactoryBean [RMI TCP Connection(4)-127.0.0.1] Shutting down Quartz Scheduler
2020-04-24 19:10:17,353 INFO org.quartz.core.QuartzScheduler [RMI TCP Connection(4)-127.0.0.1] Scheduler quartzScheduler_$_NON_CLUSTERED shutting down.
2020-04-24 19:10:17,353 INFO org.quartz.core.QuartzScheduler [RMI TCP Connection(4)-127.0.0.1] Scheduler quartzScheduler_$_NON_CLUSTERED paused.
2020-04-24 19:10:17,354 INFO org.quartz.core.QuartzScheduler [RMI TCP Connection(4)-127.0.0.1] Scheduler quartzScheduler_$_NON_CLUSTERED shutdown complete.
2020-04-24 19:10:17,354 INFO org.springframework.scheduling.concurrent.ExecutorConfigurationSupport [RMI TCP Connection(4)-127.0.0.1] Shutting down ExecutorService 'applicationTaskExecutor'
2020-04-24 19:10:17,357 INFO org.springframework.orm.jpa.AbstractEntityManagerFactoryBean [RMI TCP Connection(4)-127.0.0.1] Closing JPA EntityManagerFactory for persistence unit 'default'
2020-04-24 19:10:17,359 INFO com.zaxxer.hikari.HikariDataSource [RMI TCP Connection(4)-127.0.0.1] HikariPool-1 - Shutdown initiated...
2020-04-24 19:10:17,367 INFO com.zaxxer.hikari.HikariDataSource [RMI TCP Connection(4)-127.0.0.1] HikariPool-1 - Shutdown completed.
2020-04-24 23:54:32,166 INFO org.springframework.boot.StartupInfoLogger [main] Starting RefpApplication on DESKTOP-ERNB8HD with PID 15660 (C:\Users\alber\Documents\tcc1\refp-backend\bin\main started by alber in C:\Users\alber\Documents\tcc1\refp-backend)
2020-04-24 23:54:32,167 INFO org.springframework.boot.SpringApplication [main] No active profile set, falling back to default profiles: default
2020-04-24 23:54:32,975 INFO org.springframework.data.repository.config.RepositoryConfigurationDelegate [main] Bootstrapping Spring Data JPA repositories in DEFAULT mode.
2020-04-24 23:54:33,049 INFO org.springframework.data.repository.config.RepositoryConfigurationDelegate [main] Finished Spring Data repository scanning in 68ms. Found 4 JPA repository interfaces.
2020-04-24 23:54:33,244 INFO org.springframework.context.support.PostProcessorRegistrationDelegate$BeanPostProcessorChecker [main] Bean 'org.springframework.transaction.annotation.ProxyTransactionManagementConfiguration' of type [org.springframework.transaction.annotation.ProxyTransactionManagementConfiguration] is not eligible for getting processed by all BeanPostProcessors (for example: not eligible for auto-proxying)
2020-04-24 23:54:33,412 INFO org.springframework.boot.web.embedded.tomcat.TomcatWebServer [main] Tomcat initialized with port(s): 8080 (http)
2020-04-24 23:54:33,420 INFO org.apache.juli.logging.DirectJDKLog [main] Initializing ProtocolHandler ["http-nio-8080"]
2020-04-24 23:54:33,421 INFO org.apache.juli.logging.DirectJDKLog [main] Starting service [Tomcat]
2020-04-24 23:54:33,421 INFO org.apache.juli.logging.DirectJDKLog [main] Starting Servlet engine: [Apache Tomcat/9.0.29]
2020-04-24 23:54:33,532 INFO org.apache.juli.logging.DirectJDKLog [main] Initializing Spring embedded WebApplicationContext
2020-04-24 23:54:33,533 INFO org.springframework.boot.web.servlet.context.ServletWebServerApplicationContext [main] Root WebApplicationContext: initialization completed in 1217 ms
2020-04-24 23:54:33,679 INFO org.hibernate.jpa.internal.util.LogHelper [main] HHH000204: Processing PersistenceUnitInfo [name: default]
2020-04-24 23:54:33,747 INFO org.hibernate.Version [main] HHH000412: Hibernate Core {5.4.9.Final}
2020-04-24 23:54:33,859 INFO org.hibernate.annotations.common.reflection.java.JavaReflectionManager [main] HCANN000001: Hibernate Commons Annotations {5.1.0.Final}
2020-04-24 23:54:33,936 INFO com.zaxxer.hikari.HikariDataSource [main] HikariPool-1 - Starting...
2020-04-24 23:54:34,227 INFO com.zaxxer.hikari.HikariDataSource [main] HikariPool-1 - Start completed.
2020-04-24 23:54:34,243 INFO org.hibernate.dialect.Dialect [main] HHH000400: Using dialect: org.hibernate.dialect.MySQL8Dialect
2020-04-24 23:54:34,924 INFO org.hibernate.engine.transaction.jta.platform.internal.JtaPlatformInitiator [main] HHH000490: Using JtaPlatform implementation: [org.hibernate.engine.transaction.jta.platform.internal.NoJtaPlatform]
2020-04-24 23:54:34,930 INFO org.springframework.orm.jpa.AbstractEntityManagerFactoryBean [main] Initialized JPA EntityManagerFactory for persistence unit 'default'
2020-04-24 23:54:35,430 WARN org.springframework.boot.autoconfigure.orm.jpa.JpaBaseConfiguration$JpaWebConfiguration [main] spring.jpa.open-in-view is enabled by default. Therefore, database queries may be performed during view rendering. Explicitly configure spring.jpa.open-in-view to disable this warning
2020-04-24 23:54:35,582 INFO springfox.documentation.spring.web.PropertySourcedRequestMappingHandlerMapping [main] Mapped URL path [/v2/api-docs] onto method [springfox.documentation.swagger2.web.Swagger2Controller#getDocumentation(String, HttpServletRequest)]
2020-04-24 23:54:35,629 INFO org.springframework.scheduling.concurrent.ExecutorConfigurationSupport [main] Initializing ExecutorService 'applicationTaskExecutor'
2020-04-24 23:54:35,736 INFO org.quartz.impl.StdSchedulerFactory [main] Using default implementation for ThreadExecutor
2020-04-24 23:54:35,746 INFO org.quartz.core.SchedulerSignalerImpl [main] Initialized Scheduler Signaller of type: class org.quartz.core.SchedulerSignalerImpl
2020-04-24 23:54:35,746 INFO org.quartz.core.QuartzScheduler [main] Quartz Scheduler v.2.3.2 created.
2020-04-24 23:54:35,747 INFO org.quartz.simpl.RAMJobStore [main] RAMJobStore initialized.
2020-04-24 23:54:35,747 INFO org.quartz.core.QuartzScheduler [main] Scheduler meta-data: Quartz Scheduler (v2.3.2) 'quartzScheduler' with instanceId 'NON_CLUSTERED'
  Scheduler class: 'org.quartz.core.QuartzScheduler' - running locally.
  NOT STARTED.
  Currently in standby mode.
  Number of jobs executed: 0
  Using thread pool 'org.quartz.simpl.SimpleThreadPool' - with 10 threads.
  Using job-store 'org.quartz.simpl.RAMJobStore' - which does not support persistence. and is not clustered.

2020-04-24 23:54:35,747 INFO org.quartz.impl.StdSchedulerFactory [main] Quartz scheduler 'quartzScheduler' initialized from an externally provided properties instance.
2020-04-24 23:54:35,747 INFO org.quartz.impl.StdSchedulerFactory [main] Quartz scheduler version: 2.3.2
2020-04-24 23:54:35,747 INFO org.quartz.core.QuartzScheduler [main] JobFactory set to: org.springframework.scheduling.quartz.SpringBeanJobFactory@cc4a0dd
2020-04-24 23:54:35,775 INFO springfox.documentation.spring.web.plugins.DocumentationPluginsBootstrapper [main] Context refreshed
2020-04-24 23:54:35,785 INFO springfox.documentation.spring.web.plugins.DocumentationPluginsBootstrapper [main] Found 1 custom documentation plugin(s)
2020-04-24 23:54:35,814 INFO springfox.documentation.spring.web.scanners.ApiListingReferenceScanner [main] Scanning for api listing references
2020-04-24 23:54:35,900 INFO springfox.documentation.spring.web.readers.operation.CachingOperationNameGenerator [main] Generating unique operation named: deleteProjectUsingDELETE_1
2020-04-24 23:54:35,929 INFO springfox.documentation.spring.web.readers.operation.CachingOperationNameGenerator [main] Generating unique operation named: deleteProjectUsingDELETE_2
2020-04-24 23:54:35,934 INFO springfox.documentation.spring.web.readers.operation.CachingOperationNameGenerator [main] Generating unique operation named: findProjectByIdUsingGET_1
2020-04-24 23:54:35,938 INFO springfox.documentation.spring.web.readers.operation.CachingOperationNameGenerator [main] Generating unique operation named: updateProjectUsingPUT_1
2020-04-24 23:54:35,946 INFO org.springframework.scheduling.quartz.SchedulerFactoryBean [main] Starting Quartz Scheduler now
2020-04-24 23:54:35,947 INFO org.quartz.core.QuartzScheduler [main] Scheduler quartzScheduler_$_NON_CLUSTERED started.
2020-04-24 23:54:35,951 INFO org.apache.juli.logging.DirectJDKLog [main] Starting ProtocolHandler ["http-nio-8080"]
2020-04-24 23:54:35,967 INFO org.springframework.boot.web.embedded.tomcat.TomcatWebServer [main] Tomcat started on port(s): 8080 (http) with context path ''
2020-04-24 23:54:35,968 INFO org.springframework.boot.StartupInfoLogger [main] Started RefpApplication in 4.056 seconds (JVM running for 4.681)
2020-04-24 23:54:43,700 INFO org.apache.juli.logging.DirectJDKLog [http-nio-8080-exec-1] Initializing Spring DispatcherServlet 'dispatcherServlet'
2020-04-24 23:54:43,701 INFO org.springframework.web.servlet.FrameworkServlet [http-nio-8080-exec-1] Initializing Servlet 'dispatcherServlet'
2020-04-24 23:54:43,706 INFO org.springframework.web.servlet.FrameworkServlet [http-nio-8080-exec-1] Completed initialization in 5 ms
2020-04-24 23:55:55,067 INFO org.springframework.boot.admin.SpringApplicationAdminMXBeanRegistrar$SpringApplicationAdmin [RMI TCP Connection(3)-127.0.0.1] Application shutdown requested.
2020-04-24 23:55:55,069 INFO org.quartz.core.QuartzScheduler [RMI TCP Connection(3)-127.0.0.1] Scheduler quartzScheduler_$_NON_CLUSTERED paused.
2020-04-24 23:55:55,069 INFO org.springframework.scheduling.quartz.SchedulerFactoryBean [RMI TCP Connection(3)-127.0.0.1] Shutting down Quartz Scheduler
2020-04-24 23:55:55,070 INFO org.quartz.core.QuartzScheduler [RMI TCP Connection(3)-127.0.0.1] Scheduler quartzScheduler_$_NON_CLUSTERED shutting down.
2020-04-24 23:55:55,070 INFO org.quartz.core.QuartzScheduler [RMI TCP Connection(3)-127.0.0.1] Scheduler quartzScheduler_$_NON_CLUSTERED paused.
2020-04-24 23:55:55,070 INFO org.quartz.core.QuartzScheduler [RMI TCP Connection(3)-127.0.0.1] Scheduler quartzScheduler_$_NON_CLUSTERED shutdown complete.
2020-04-24 23:55:55,070 INFO org.springframework.scheduling.concurrent.ExecutorConfigurationSupport [RMI TCP Connection(3)-127.0.0.1] Shutting down ExecutorService 'applicationTaskExecutor'
2020-04-24 23:55:55,073 INFO org.springframework.orm.jpa.AbstractEntityManagerFactoryBean [RMI TCP Connection(3)-127.0.0.1] Closing JPA EntityManagerFactory for persistence unit 'default'
2020-04-24 23:55:55,075 INFO com.zaxxer.hikari.HikariDataSource [RMI TCP Connection(3)-127.0.0.1] HikariPool-1 - Shutdown initiated...
2020-04-24 23:55:55,082 INFO com.zaxxer.hikari.HikariDataSource [RMI TCP Connection(3)-127.0.0.1] HikariPool-1 - Shutdown completed.
2020-04-24 23:56:07,617 INFO org.springframework.boot.StartupInfoLogger [main] Starting RefpApplication on DESKTOP-ERNB8HD with PID 9888 (C:\Users\alber\Documents\tcc1\refp-backend\bin\main started by alber in C:\Users\alber\Documents\tcc1\refp-backend)
2020-04-24 23:56:07,619 INFO org.springframework.boot.SpringApplication [main] No active profile set, falling back to default profiles: default
2020-04-24 23:56:08,269 INFO org.springframework.data.repository.config.RepositoryConfigurationDelegate [main] Bootstrapping Spring Data JPA repositories in DEFAULT mode.
2020-04-24 23:56:08,334 INFO org.springframework.data.repository.config.RepositoryConfigurationDelegate [main] Finished Spring Data repository scanning in 61ms. Found 4 JPA repository interfaces.
2020-04-24 23:56:08,503 INFO org.springframework.context.support.PostProcessorRegistrationDelegate$BeanPostProcessorChecker [main] Bean 'org.springframework.transaction.annotation.ProxyTransactionManagementConfiguration' of type [org.springframework.transaction.annotation.ProxyTransactionManagementConfiguration] is not eligible for getting processed by all BeanPostProcessors (for example: not eligible for auto-proxying)
2020-04-24 23:56:08,640 INFO org.springframework.boot.web.embedded.tomcat.TomcatWebServer [main] Tomcat initialized with port(s): 8080 (http)
2020-04-24 23:56:08,646 INFO org.apache.juli.logging.DirectJDKLog [main] Initializing ProtocolHandler ["http-nio-8080"]
2020-04-24 23:56:08,647 INFO org.apache.juli.logging.DirectJDKLog [main] Starting service [Tomcat]
2020-04-24 23:56:08,647 INFO org.apache.juli.logging.DirectJDKLog [main] Starting Servlet engine: [Apache Tomcat/9.0.29]
2020-04-24 23:56:08,742 INFO org.apache.juli.logging.DirectJDKLog [main] Initializing Spring embedded WebApplicationContext
2020-04-24 23:56:08,742 INFO org.springframework.boot.web.servlet.context.ServletWebServerApplicationContext [main] Root WebApplicationContext: initialization completed in 1008 ms
2020-04-24 23:56:08,853 INFO org.hibernate.jpa.internal.util.LogHelper [main] HHH000204: Processing PersistenceUnitInfo [name: default]
2020-04-24 23:56:08,890 INFO org.hibernate.Version [main] HHH000412: Hibernate Core {5.4.9.Final}
2020-04-24 23:56:08,962 INFO org.hibernate.annotations.common.reflection.java.JavaReflectionManager [main] HCANN000001: Hibernate Commons Annotations {5.1.0.Final}
2020-04-24 23:56:09,017 INFO com.zaxxer.hikari.HikariDataSource [main] HikariPool-1 - Starting...
2020-04-24 23:56:09,229 INFO com.zaxxer.hikari.HikariDataSource [main] HikariPool-1 - Start completed.
2020-04-24 23:56:09,243 INFO org.hibernate.dialect.Dialect [main] HHH000400: Using dialect: org.hibernate.dialect.MySQL8Dialect
2020-04-24 23:56:09,764 INFO org.hibernate.engine.transaction.jta.platform.internal.JtaPlatformInitiator [main] HHH000490: Using JtaPlatform implementation: [org.hibernate.engine.transaction.jta.platform.internal.NoJtaPlatform]
2020-04-24 23:56:09,768 INFO org.springframework.orm.jpa.AbstractEntityManagerFactoryBean [main] Initialized JPA EntityManagerFactory for persistence unit 'default'
2020-04-24 23:56:10,174 WARN org.springframework.boot.autoconfigure.orm.jpa.JpaBaseConfiguration$JpaWebConfiguration [main] spring.jpa.open-in-view is enabled by default. Therefore, database queries may be performed during view rendering. Explicitly configure spring.jpa.open-in-view to disable this warning
2020-04-24 23:56:10,303 INFO springfox.documentation.spring.web.PropertySourcedRequestMappingHandlerMapping [main] Mapped URL path [/v2/api-docs] onto method [springfox.documentation.swagger2.web.Swagger2Controller#getDocumentation(String, HttpServletRequest)]
2020-04-24 23:56:10,345 INFO org.springframework.scheduling.concurrent.ExecutorConfigurationSupport [main] Initializing ExecutorService 'applicationTaskExecutor'
2020-04-24 23:56:10,431 INFO org.quartz.impl.StdSchedulerFactory [main] Using default implementation for ThreadExecutor
2020-04-24 23:56:10,437 INFO org.quartz.core.SchedulerSignalerImpl [main] Initialized Scheduler Signaller of type: class org.quartz.core.SchedulerSignalerImpl
2020-04-24 23:56:10,437 INFO org.quartz.core.QuartzScheduler [main] Quartz Scheduler v.2.3.2 created.
2020-04-24 23:56:10,437 INFO org.quartz.simpl.RAMJobStore [main] RAMJobStore initialized.
2020-04-24 23:56:10,438 INFO org.quartz.core.QuartzScheduler [main] Scheduler meta-data: Quartz Scheduler (v2.3.2) 'quartzScheduler' with instanceId 'NON_CLUSTERED'
  Scheduler class: 'org.quartz.core.QuartzScheduler' - running locally.
  NOT STARTED.
  Currently in standby mode.
  Number of jobs executed: 0
  Using thread pool 'org.quartz.simpl.SimpleThreadPool' - with 10 threads.
  Using job-store 'org.quartz.simpl.RAMJobStore' - which does not support persistence. and is not clustered.

2020-04-24 23:56:10,438 INFO org.quartz.impl.StdSchedulerFactory [main] Quartz scheduler 'quartzScheduler' initialized from an externally provided properties instance.
2020-04-24 23:56:10,438 INFO org.quartz.impl.StdSchedulerFactory [main] Quartz scheduler version: 2.3.2
2020-04-24 23:56:10,438 INFO org.quartz.core.QuartzScheduler [main] JobFactory set to: org.springframework.scheduling.quartz.SpringBeanJobFactory@eaf3dd0
2020-04-24 23:56:10,465 INFO springfox.documentation.spring.web.plugins.DocumentationPluginsBootstrapper [main] Context refreshed
2020-04-24 23:56:10,471 INFO springfox.documentation.spring.web.plugins.DocumentationPluginsBootstrapper [main] Found 1 custom documentation plugin(s)
2020-04-24 23:56:10,497 INFO springfox.documentation.spring.web.scanners.ApiListingReferenceScanner [main] Scanning for api listing references
2020-04-24 23:56:10,571 INFO springfox.documentation.spring.web.readers.operation.CachingOperationNameGenerator [main] Generating unique operation named: deleteProjectUsingDELETE_1
2020-04-24 23:56:10,599 INFO springfox.documentation.spring.web.readers.operation.CachingOperationNameGenerator [main] Generating unique operation named: deleteProjectUsingDELETE_2
2020-04-24 23:56:10,603 INFO springfox.documentation.spring.web.readers.operation.CachingOperationNameGenerator [main] Generating unique operation named: findProjectByIdUsingGET_1
2020-04-24 23:56:10,607 INFO springfox.documentation.spring.web.readers.operation.CachingOperationNameGenerator [main] Generating unique operation named: updateProjectUsingPUT_1
2020-04-24 23:56:10,614 INFO org.springframework.scheduling.quartz.SchedulerFactoryBean [main] Starting Quartz Scheduler now
2020-04-24 23:56:10,614 INFO org.quartz.core.QuartzScheduler [main] Scheduler quartzScheduler_$_NON_CLUSTERED started.
2020-04-24 23:56:10,619 INFO org.apache.juli.logging.DirectJDKLog [main] Starting ProtocolHandler ["http-nio-8080"]
2020-04-24 23:56:10,633 INFO org.springframework.boot.web.embedded.tomcat.TomcatWebServer [main] Tomcat started on port(s): 8080 (http) with context path ''
2020-04-24 23:56:10,634 INFO org.springframework.boot.StartupInfoLogger [main] Started RefpApplication in 3.221 seconds (JVM running for 3.773)
2020-04-24 23:56:15,602 INFO org.apache.juli.logging.DirectJDKLog [http-nio-8080-exec-1] Initializing Spring DispatcherServlet 'dispatcherServlet'
2020-04-24 23:56:15,603 INFO org.springframework.web.servlet.FrameworkServlet [http-nio-8080-exec-1] Initializing Servlet 'dispatcherServlet'
2020-04-24 23:56:15,607 INFO org.springframework.web.servlet.FrameworkServlet [http-nio-8080-exec-1] Completed initialization in 4 ms
2020-04-24 23:56:33,440 WARN org.springframework.web.servlet.mvc.method.annotation.ResponseEntityExceptionHandler [http-nio-8080-exec-6] Request method 'POST' not supported
2020-04-24 23:57:28,530 INFO org.springframework.boot.admin.SpringApplicationAdminMXBeanRegistrar$SpringApplicationAdmin [RMI TCP Connection(3)-127.0.0.1] Application shutdown requested.
2020-04-24 23:57:28,532 INFO org.quartz.core.QuartzScheduler [RMI TCP Connection(3)-127.0.0.1] Scheduler quartzScheduler_$_NON_CLUSTERED paused.
2020-04-24 23:57:28,533 INFO org.springframework.scheduling.quartz.SchedulerFactoryBean [RMI TCP Connection(3)-127.0.0.1] Shutting down Quartz Scheduler
2020-04-24 23:57:28,533 INFO org.quartz.core.QuartzScheduler [RMI TCP Connection(3)-127.0.0.1] Scheduler quartzScheduler_$_NON_CLUSTERED shutting down.
2020-04-24 23:57:28,533 INFO org.quartz.core.QuartzScheduler [RMI TCP Connection(3)-127.0.0.1] Scheduler quartzScheduler_$_NON_CLUSTERED paused.
2020-04-24 23:57:28,534 INFO org.quartz.core.QuartzScheduler [RMI TCP Connection(3)-127.0.0.1] Scheduler quartzScheduler_$_NON_CLUSTERED shutdown complete.
2020-04-24 23:57:28,534 INFO org.springframework.scheduling.concurrent.ExecutorConfigurationSupport [RMI TCP Connection(3)-127.0.0.1] Shutting down ExecutorService 'applicationTaskExecutor'
2020-04-24 23:57:28,536 INFO org.springframework.orm.jpa.AbstractEntityManagerFactoryBean [RMI TCP Connection(3)-127.0.0.1] Closing JPA EntityManagerFactory for persistence unit 'default'
2020-04-24 23:57:28,539 INFO com.zaxxer.hikari.HikariDataSource [RMI TCP Connection(3)-127.0.0.1] HikariPool-1 - Shutdown initiated...
2020-04-24 23:57:28,547 INFO com.zaxxer.hikari.HikariDataSource [RMI TCP Connection(3)-127.0.0.1] HikariPool-1 - Shutdown completed.
2020-04-24 23:57:45,494 INFO org.springframework.boot.StartupInfoLogger [main] Starting RefpApplication on DESKTOP-ERNB8HD with PID 6652 (C:\Users\alber\Documents\tcc1\refp-backend\bin\main started by alber in C:\Users\alber\Documents\tcc1\refp-backend)
2020-04-24 23:57:45,496 INFO org.springframework.boot.SpringApplication [main] No active profile set, falling back to default profiles: default
2020-04-24 23:57:46,160 INFO org.springframework.data.repository.config.RepositoryConfigurationDelegate [main] Bootstrapping Spring Data JPA repositories in DEFAULT mode.
2020-04-24 23:57:46,224 INFO org.springframework.data.repository.config.RepositoryConfigurationDelegate [main] Finished Spring Data repository scanning in 59ms. Found 4 JPA repository interfaces.
2020-04-24 23:57:46,399 INFO org.springframework.context.support.PostProcessorRegistrationDelegate$BeanPostProcessorChecker [main] Bean 'org.springframework.transaction.annotation.ProxyTransactionManagementConfiguration' of type [org.springframework.transaction.annotation.ProxyTransactionManagementConfiguration] is not eligible for getting processed by all BeanPostProcessors (for example: not eligible for auto-proxying)
2020-04-24 23:57:46,542 INFO org.springframework.boot.web.embedded.tomcat.TomcatWebServer [main] Tomcat initialized with port(s): 8080 (http)
2020-04-24 23:57:46,548 INFO org.apache.juli.logging.DirectJDKLog [main] Initializing ProtocolHandler ["http-nio-8080"]
2020-04-24 23:57:46,548 INFO org.apache.juli.logging.DirectJDKLog [main] Starting service [Tomcat]
2020-04-24 23:57:46,548 INFO org.apache.juli.logging.DirectJDKLog [main] Starting Servlet engine: [Apache Tomcat/9.0.29]
2020-04-24 23:57:46,644 INFO org.apache.juli.logging.DirectJDKLog [main] Initializing Spring embedded WebApplicationContext
2020-04-24 23:57:46,645 INFO org.springframework.boot.web.servlet.context.ServletWebServerApplicationContext [main] Root WebApplicationContext: initialization completed in 1032 ms
2020-04-24 23:57:46,757 INFO org.hibernate.jpa.internal.util.LogHelper [main] HHH000204: Processing PersistenceUnitInfo [name: default]
2020-04-24 23:57:46,795 INFO org.hibernate.Version [main] HHH000412: Hibernate Core {5.4.9.Final}
2020-04-24 23:57:46,865 INFO org.hibernate.annotations.common.reflection.java.JavaReflectionManager [main] HCANN000001: Hibernate Commons Annotations {5.1.0.Final}
2020-04-24 23:57:46,925 INFO com.zaxxer.hikari.HikariDataSource [main] HikariPool-1 - Starting...
2020-04-24 23:57:47,147 INFO com.zaxxer.hikari.HikariDataSource [main] HikariPool-1 - Start completed.
2020-04-24 23:57:47,158 INFO org.hibernate.dialect.Dialect [main] HHH000400: Using dialect: org.hibernate.dialect.MySQL8Dialect
2020-04-24 23:57:47,699 INFO org.hibernate.engine.transaction.jta.platform.internal.JtaPlatformInitiator [main] HHH000490: Using JtaPlatform implementation: [org.hibernate.engine.transaction.jta.platform.internal.NoJtaPlatform]
2020-04-24 23:57:47,703 INFO org.springframework.orm.jpa.AbstractEntityManagerFactoryBean [main] Initialized JPA EntityManagerFactory for persistence unit 'default'
2020-04-24 23:57:48,118 WARN org.springframework.boot.autoconfigure.orm.jpa.JpaBaseConfiguration$JpaWebConfiguration [main] spring.jpa.open-in-view is enabled by default. Therefore, database queries may be performed during view rendering. Explicitly configure spring.jpa.open-in-view to disable this warning
2020-04-24 23:57:48,234 INFO springfox.documentation.spring.web.PropertySourcedRequestMappingHandlerMapping [main] Mapped URL path [/v2/api-docs] onto method [springfox.documentation.swagger2.web.Swagger2Controller#getDocumentation(String, HttpServletRequest)]
2020-04-24 23:57:48,272 INFO org.springframework.scheduling.concurrent.ExecutorConfigurationSupport [main] Initializing ExecutorService 'applicationTaskExecutor'
2020-04-24 23:57:48,378 INFO org.quartz.impl.StdSchedulerFactory [main] Using default implementation for ThreadExecutor
2020-04-24 23:57:48,385 INFO org.quartz.core.SchedulerSignalerImpl [main] Initialized Scheduler Signaller of type: class org.quartz.core.SchedulerSignalerImpl
2020-04-24 23:57:48,385 INFO org.quartz.core.QuartzScheduler [main] Quartz Scheduler v.2.3.2 created.
2020-04-24 23:57:48,385 INFO org.quartz.simpl.RAMJobStore [main] RAMJobStore initialized.
2020-04-24 23:57:48,386 INFO org.quartz.core.QuartzScheduler [main] Scheduler meta-data: Quartz Scheduler (v2.3.2) 'quartzScheduler' with instanceId 'NON_CLUSTERED'
  Scheduler class: 'org.quartz.core.QuartzScheduler' - running locally.
  NOT STARTED.
  Currently in standby mode.
  Number of jobs executed: 0
  Using thread pool 'org.quartz.simpl.SimpleThreadPool' - with 10 threads.
  Using job-store 'org.quartz.simpl.RAMJobStore' - which does not support persistence. and is not clustered.

2020-04-24 23:57:48,386 INFO org.quartz.impl.StdSchedulerFactory [main] Quartz scheduler 'quartzScheduler' initialized from an externally provided properties instance.
2020-04-24 23:57:48,386 INFO org.quartz.impl.StdSchedulerFactory [main] Quartz scheduler version: 2.3.2
2020-04-24 23:57:48,386 INFO org.quartz.core.QuartzScheduler [main] JobFactory set to: org.springframework.scheduling.quartz.SpringBeanJobFactory@2a20332b
2020-04-24 23:57:48,416 INFO springfox.documentation.spring.web.plugins.DocumentationPluginsBootstrapper [main] Context refreshed
2020-04-24 23:57:48,423 INFO springfox.documentation.spring.web.plugins.DocumentationPluginsBootstrapper [main] Found 1 custom documentation plugin(s)
2020-04-24 23:57:48,449 INFO springfox.documentation.spring.web.scanners.ApiListingReferenceScanner [main] Scanning for api listing references
2020-04-24 23:57:48,525 INFO springfox.documentation.spring.web.readers.operation.CachingOperationNameGenerator [main] Generating unique operation named: deleteProjectUsingDELETE_1
2020-04-24 23:57:48,552 INFO springfox.documentation.spring.web.readers.operation.CachingOperationNameGenerator [main] Generating unique operation named: deleteProjectUsingDELETE_2
2020-04-24 23:57:48,557 INFO springfox.documentation.spring.web.readers.operation.CachingOperationNameGenerator [main] Generating unique operation named: findProjectByIdUsingGET_1
2020-04-24 23:57:48,562 INFO springfox.documentation.spring.web.readers.operation.CachingOperationNameGenerator [main] Generating unique operation named: updateProjectUsingPUT_1
2020-04-24 23:57:48,569 INFO org.springframework.scheduling.quartz.SchedulerFactoryBean [main] Starting Quartz Scheduler now
2020-04-24 23:57:48,569 INFO org.quartz.core.QuartzScheduler [main] Scheduler quartzScheduler_$_NON_CLUSTERED started.
2020-04-24 23:57:48,574 INFO org.apache.juli.logging.DirectJDKLog [main] Starting ProtocolHandler ["http-nio-8080"]
2020-04-24 23:57:48,589 INFO org.springframework.boot.web.embedded.tomcat.TomcatWebServer [main] Tomcat started on port(s): 8080 (http) with context path ''
2020-04-24 23:57:48,591 INFO org.springframework.boot.StartupInfoLogger [main] Started RefpApplication in 3.301 seconds (JVM running for 3.875)
2020-04-24 23:57:52,366 INFO org.apache.juli.logging.DirectJDKLog [http-nio-8080-exec-1] Initializing Spring DispatcherServlet 'dispatcherServlet'
2020-04-24 23:57:52,367 INFO org.springframework.web.servlet.FrameworkServlet [http-nio-8080-exec-1] Initializing Servlet 'dispatcherServlet'
2020-04-24 23:57:52,371 INFO org.springframework.web.servlet.FrameworkServlet [http-nio-8080-exec-1] Completed initialization in 4 ms
2020-04-24 23:58:30,034 INFO org.springframework.boot.admin.SpringApplicationAdminMXBeanRegistrar$SpringApplicationAdmin [RMI TCP Connection(4)-127.0.0.1] Application shutdown requested.
2020-04-24 23:58:30,035 INFO org.quartz.core.QuartzScheduler [RMI TCP Connection(4)-127.0.0.1] Scheduler quartzScheduler_$_NON_CLUSTERED paused.
2020-04-24 23:58:30,036 INFO org.springframework.scheduling.quartz.SchedulerFactoryBean [RMI TCP Connection(4)-127.0.0.1] Shutting down Quartz Scheduler
2020-04-24 23:58:30,036 INFO org.quartz.core.QuartzScheduler [RMI TCP Connection(4)-127.0.0.1] Scheduler quartzScheduler_$_NON_CLUSTERED shutting down.
2020-04-24 23:58:30,036 INFO org.quartz.core.QuartzScheduler [RMI TCP Connection(4)-127.0.0.1] Scheduler quartzScheduler_$_NON_CLUSTERED paused.
2020-04-24 23:58:30,036 INFO org.quartz.core.QuartzScheduler [RMI TCP Connection(4)-127.0.0.1] Scheduler quartzScheduler_$_NON_CLUSTERED shutdown complete.
2020-04-24 23:58:30,037 INFO org.springframework.scheduling.concurrent.ExecutorConfigurationSupport [RMI TCP Connection(4)-127.0.0.1] Shutting down ExecutorService 'applicationTaskExecutor'
2020-04-24 23:58:30,039 INFO org.springframework.orm.jpa.AbstractEntityManagerFactoryBean [RMI TCP Connection(4)-127.0.0.1] Closing JPA EntityManagerFactory for persistence unit 'default'
2020-04-24 23:58:30,041 INFO com.zaxxer.hikari.HikariDataSource [RMI TCP Connection(4)-127.0.0.1] HikariPool-1 - Shutdown initiated...
2020-04-24 23:58:30,049 INFO com.zaxxer.hikari.HikariDataSource [RMI TCP Connection(4)-127.0.0.1] HikariPool-1 - Shutdown completed.
2020-04-24 23:58:34,600 INFO org.springframework.boot.StartupInfoLogger [main] Starting RefpApplication on DESKTOP-ERNB8HD with PID 15064 (C:\Users\alber\Documents\tcc1\refp-backend\bin\main started by alber in C:\Users\alber\Documents\tcc1\refp-backend)
2020-04-24 23:58:34,602 INFO org.springframework.boot.SpringApplication [main] No active profile set, falling back to default profiles: default
2020-04-24 23:58:35,258 INFO org.springframework.data.repository.config.RepositoryConfigurationDelegate [main] Bootstrapping Spring Data JPA repositories in DEFAULT mode.
2020-04-24 23:58:35,322 INFO org.springframework.data.repository.config.RepositoryConfigurationDelegate [main] Finished Spring Data repository scanning in 59ms. Found 4 JPA repository interfaces.
2020-04-24 23:58:35,491 INFO org.springframework.context.support.PostProcessorRegistrationDelegate$BeanPostProcessorChecker [main] Bean 'org.springframework.transaction.annotation.ProxyTransactionManagementConfiguration' of type [org.springframework.transaction.annotation.ProxyTransactionManagementConfiguration] is not eligible for getting processed by all BeanPostProcessors (for example: not eligible for auto-proxying)
2020-04-24 23:58:35,633 INFO org.springframework.boot.web.embedded.tomcat.TomcatWebServer [main] Tomcat initialized with port(s): 8080 (http)
2020-04-24 23:58:35,639 INFO org.apache.juli.logging.DirectJDKLog [main] Initializing ProtocolHandler ["http-nio-8080"]
2020-04-24 23:58:35,639 INFO org.apache.juli.logging.DirectJDKLog [main] Starting service [Tomcat]
2020-04-24 23:58:35,639 INFO org.apache.juli.logging.DirectJDKLog [main] Starting Servlet engine: [Apache Tomcat/9.0.29]
2020-04-24 23:58:35,734 INFO org.apache.juli.logging.DirectJDKLog [main] Initializing Spring embedded WebApplicationContext
2020-04-24 23:58:35,734 INFO org.springframework.boot.web.servlet.context.ServletWebServerApplicationContext [main] Root WebApplicationContext: initialization completed in 1021 ms
2020-04-24 23:58:35,842 INFO org.hibernate.jpa.internal.util.LogHelper [main] HHH000204: Processing PersistenceUnitInfo [name: default]
2020-04-24 23:58:35,877 INFO org.hibernate.Version [main] HHH000412: Hibernate Core {5.4.9.Final}
2020-04-24 23:58:35,943 INFO org.hibernate.annotations.common.reflection.java.JavaReflectionManager [main] HCANN000001: Hibernate Commons Annotations {5.1.0.Final}
2020-04-24 23:58:35,997 INFO com.zaxxer.hikari.HikariDataSource [main] HikariPool-1 - Starting...
2020-04-24 23:58:36,214 INFO com.zaxxer.hikari.HikariDataSource [main] HikariPool-1 - Start completed.
2020-04-24 23:58:36,225 INFO org.hibernate.dialect.Dialect [main] HHH000400: Using dialect: org.hibernate.dialect.MySQL8Dialect
2020-04-24 23:58:36,788 INFO org.hibernate.engine.transaction.jta.platform.internal.JtaPlatformInitiator [main] HHH000490: Using JtaPlatform implementation: [org.hibernate.engine.transaction.jta.platform.internal.NoJtaPlatform]
2020-04-24 23:58:36,793 INFO org.springframework.orm.jpa.AbstractEntityManagerFactoryBean [main] Initialized JPA EntityManagerFactory for persistence unit 'default'
2020-04-24 23:58:37,214 WARN org.springframework.boot.autoconfigure.orm.jpa.JpaBaseConfiguration$JpaWebConfiguration [main] spring.jpa.open-in-view is enabled by default. Therefore, database queries may be performed during view rendering. Explicitly configure spring.jpa.open-in-view to disable this warning
2020-04-24 23:58:37,343 INFO springfox.documentation.spring.web.PropertySourcedRequestMappingHandlerMapping [main] Mapped URL path [/v2/api-docs] onto method [springfox.documentation.swagger2.web.Swagger2Controller#getDocumentation(String, HttpServletRequest)]
2020-04-24 23:58:37,384 INFO org.springframework.scheduling.concurrent.ExecutorConfigurationSupport [main] Initializing ExecutorService 'applicationTaskExecutor'
2020-04-24 23:58:37,467 INFO org.quartz.impl.StdSchedulerFactory [main] Using default implementation for ThreadExecutor
2020-04-24 23:58:37,472 INFO org.quartz.core.SchedulerSignalerImpl [main] Initialized Scheduler Signaller of type: class org.quartz.core.SchedulerSignalerImpl
2020-04-24 23:58:37,473 INFO org.quartz.core.QuartzScheduler [main] Quartz Scheduler v.2.3.2 created.
2020-04-24 23:58:37,473 INFO org.quartz.simpl.RAMJobStore [main] RAMJobStore initialized.
2020-04-24 23:58:37,473 INFO org.quartz.core.QuartzScheduler [main] Scheduler meta-data: Quartz Scheduler (v2.3.2) 'quartzScheduler' with instanceId 'NON_CLUSTERED'
  Scheduler class: 'org.quartz.core.QuartzScheduler' - running locally.
  NOT STARTED.
  Currently in standby mode.
  Number of jobs executed: 0
  Using thread pool 'org.quartz.simpl.SimpleThreadPool' - with 10 threads.
  Using job-store 'org.quartz.simpl.RAMJobStore' - which does not support persistence. and is not clustered.

2020-04-24 23:58:37,473 INFO org.quartz.impl.StdSchedulerFactory [main] Quartz scheduler 'quartzScheduler' initialized from an externally provided properties instance.
2020-04-24 23:58:37,473 INFO org.quartz.impl.StdSchedulerFactory [main] Quartz scheduler version: 2.3.2
2020-04-24 23:58:37,474 INFO org.quartz.core.QuartzScheduler [main] JobFactory set to: org.springframework.scheduling.quartz.SpringBeanJobFactory@56114349
2020-04-24 23:58:37,500 INFO springfox.documentation.spring.web.plugins.DocumentationPluginsBootstrapper [main] Context refreshed
2020-04-24 23:58:37,506 INFO springfox.documentation.spring.web.plugins.DocumentationPluginsBootstrapper [main] Found 1 custom documentation plugin(s)
2020-04-24 23:58:37,532 INFO springfox.documentation.spring.web.scanners.ApiListingReferenceScanner [main] Scanning for api listing references
2020-04-24 23:58:37,608 INFO springfox.documentation.spring.web.readers.operation.CachingOperationNameGenerator [main] Generating unique operation named: deleteProjectUsingDELETE_1
2020-04-24 23:58:37,637 INFO springfox.documentation.spring.web.readers.operation.CachingOperationNameGenerator [main] Generating unique operation named: deleteProjectUsingDELETE_2
2020-04-24 23:58:37,641 INFO springfox.documentation.spring.web.readers.operation.CachingOperationNameGenerator [main] Generating unique operation named: findProjectByIdUsingGET_1
2020-04-24 23:58:37,646 INFO springfox.documentation.spring.web.readers.operation.CachingOperationNameGenerator [main] Generating unique operation named: updateProjectUsingPUT_1
2020-04-24 23:58:37,652 INFO org.springframework.scheduling.quartz.SchedulerFactoryBean [main] Starting Quartz Scheduler now
2020-04-24 23:58:37,652 INFO org.quartz.core.QuartzScheduler [main] Scheduler quartzScheduler_$_NON_CLUSTERED started.
2020-04-24 23:58:37,657 INFO org.apache.juli.logging.DirectJDKLog [main] Starting ProtocolHandler ["http-nio-8080"]
2020-04-24 23:58:37,671 INFO org.springframework.boot.web.embedded.tomcat.TomcatWebServer [main] Tomcat started on port(s): 8080 (http) with context path ''
2020-04-24 23:58:37,672 INFO org.springframework.boot.StartupInfoLogger [main] Started RefpApplication in 3.286 seconds (JVM running for 3.851)
2020-04-24 23:58:41,775 INFO org.apache.juli.logging.DirectJDKLog [http-nio-8080-exec-1] Initializing Spring DispatcherServlet 'dispatcherServlet'
2020-04-24 23:58:41,776 INFO org.springframework.web.servlet.FrameworkServlet [http-nio-8080-exec-1] Initializing Servlet 'dispatcherServlet'
2020-04-24 23:58:41,781 INFO org.springframework.web.servlet.FrameworkServlet [http-nio-8080-exec-1] Completed initialization in 5 ms
2020-04-24 23:59:43,129 INFO org.springframework.boot.admin.SpringApplicationAdminMXBeanRegistrar$SpringApplicationAdmin [RMI TCP Connection(3)-127.0.0.1] Application shutdown requested.
2020-04-24 23:59:43,130 INFO org.quartz.core.QuartzScheduler [RMI TCP Connection(3)-127.0.0.1] Scheduler quartzScheduler_$_NON_CLUSTERED paused.
2020-04-24 23:59:43,131 INFO org.springframework.scheduling.quartz.SchedulerFactoryBean [RMI TCP Connection(3)-127.0.0.1] Shutting down Quartz Scheduler
2020-04-24 23:59:43,131 INFO org.quartz.core.QuartzScheduler [RMI TCP Connection(3)-127.0.0.1] Scheduler quartzScheduler_$_NON_CLUSTERED shutting down.
2020-04-24 23:59:43,131 INFO org.quartz.core.QuartzScheduler [RMI TCP Connection(3)-127.0.0.1] Scheduler quartzScheduler_$_NON_CLUSTERED paused.
2020-04-24 23:59:43,132 INFO org.quartz.core.QuartzScheduler [RMI TCP Connection(3)-127.0.0.1] Scheduler quartzScheduler_$_NON_CLUSTERED shutdown complete.
2020-04-24 23:59:43,132 INFO org.springframework.scheduling.concurrent.ExecutorConfigurationSupport [RMI TCP Connection(3)-127.0.0.1] Shutting down ExecutorService 'applicationTaskExecutor'
2020-04-24 23:59:43,135 INFO org.springframework.orm.jpa.AbstractEntityManagerFactoryBean [RMI TCP Connection(3)-127.0.0.1] Closing JPA EntityManagerFactory for persistence unit 'default'
2020-04-24 23:59:43,137 INFO com.zaxxer.hikari.HikariDataSource [RMI TCP Connection(3)-127.0.0.1] HikariPool-1 - Shutdown initiated...
2020-04-24 23:59:43,147 INFO com.zaxxer.hikari.HikariDataSource [RMI TCP Connection(3)-127.0.0.1] HikariPool-1 - Shutdown completed.
