2020-06-16 14:41:09,128 INFO org.springframework.boot.StartupInfoLogger [main] Starting RefpApplication on DESKTOP-ERNB8HD with PID 2700 (C:\Users\alber\Documents\python\refp-backend\bin\main started by alber in C:\Users\alber\Documents\python\refp-backend)
2020-06-16 14:41:09,131 INFO org.springframework.boot.SpringApplication [main] No active profile set, falling back to default profiles: default
2020-06-16 14:41:10,140 INFO org.springframework.data.repository.config.RepositoryConfigurationDelegate [main] Bootstrapping Spring Data JPA repositories in DEFAULT mode.
2020-06-16 14:41:10,225 INFO org.springframework.data.repository.config.RepositoryConfigurationDelegate [main] Finished Spring Data repository scanning in 77ms. Found 5 JPA repository interfaces.
2020-06-16 14:41:10,469 INFO org.springframework.context.support.PostProcessorRegistrationDelegate$BeanPostProcessorChecker [main] Bean 'org.springframework.transaction.annotation.ProxyTransactionManagementConfiguration' of type [org.springframework.transaction.annotation.ProxyTransactionManagementConfiguration] is not eligible for getting processed by all BeanPostProcessors (for example: not eligible for auto-proxying)
2020-06-16 14:41:10,639 INFO org.springframework.boot.web.embedded.tomcat.TomcatWebServer [main] Tomcat initialized with port(s): 8080 (http)
2020-06-16 14:41:10,646 INFO org.apache.juli.logging.DirectJDKLog [main] Initializing ProtocolHandler ["http-nio-8080"]
2020-06-16 14:41:10,647 INFO org.apache.juli.logging.DirectJDKLog [main] Starting service [Tomcat]
2020-06-16 14:41:10,647 INFO org.apache.juli.logging.DirectJDKLog [main] Starting Servlet engine: [Apache Tomcat/9.0.29]
2020-06-16 14:41:10,733 INFO org.apache.juli.logging.DirectJDKLog [main] Initializing Spring embedded WebApplicationContext
2020-06-16 14:41:10,733 INFO org.springframework.boot.web.servlet.context.ServletWebServerApplicationContext [main] Root WebApplicationContext: initialization completed in 1449 ms
2020-06-16 14:41:10,912 INFO org.hibernate.jpa.internal.util.LogHelper [main] HHH000204: Processing PersistenceUnitInfo [name: default]
2020-06-16 14:41:10,982 INFO org.hibernate.Version [main] HHH000412: Hibernate Core {5.4.9.Final}
2020-06-16 14:41:11,109 INFO org.hibernate.annotations.common.reflection.java.JavaReflectionManager [main] HCANN000001: Hibernate Commons Annotations {5.1.0.Final}
2020-06-16 14:41:11,195 INFO com.zaxxer.hikari.HikariDataSource [main] HikariPool-1 - Starting...
2020-06-16 14:41:11,481 INFO com.zaxxer.hikari.HikariDataSource [main] HikariPool-1 - Start completed.
2020-06-16 14:41:11,497 INFO org.hibernate.dialect.Dialect [main] HHH000400: Using dialect: org.hibernate.dialect.MySQL8Dialect
2020-06-16 14:41:12,273 INFO org.hibernate.engine.transaction.jta.platform.internal.JtaPlatformInitiator [main] HHH000490: Using JtaPlatform implementation: [org.hibernate.engine.transaction.jta.platform.internal.NoJtaPlatform]
2020-06-16 14:41:12,278 INFO org.springframework.orm.jpa.AbstractEntityManagerFactoryBean [main] Initialized JPA EntityManagerFactory for persistence unit 'default'
2020-06-16 14:41:13,225 WARN org.springframework.boot.autoconfigure.orm.jpa.JpaBaseConfiguration$JpaWebConfiguration [main] spring.jpa.open-in-view is enabled by default. Therefore, database queries may be performed during view rendering. Explicitly configure spring.jpa.open-in-view to disable this warning
2020-06-16 14:41:13,353 INFO springfox.documentation.spring.web.PropertySourcedRequestMappingHandlerMapping [main] Mapped URL path [/v2/api-docs] onto method [springfox.documentation.swagger2.web.Swagger2Controller#getDocumentation(String, HttpServletRequest)]
2020-06-16 14:41:13,397 INFO org.springframework.scheduling.concurrent.ExecutorConfigurationSupport [main] Initializing ExecutorService 'applicationTaskExecutor'
2020-06-16 14:41:13,501 INFO org.quartz.impl.StdSchedulerFactory [main] Using default implementation for ThreadExecutor
2020-06-16 14:41:13,511 INFO org.quartz.core.SchedulerSignalerImpl [main] Initialized Scheduler Signaller of type: class org.quartz.core.SchedulerSignalerImpl
2020-06-16 14:41:13,511 INFO org.quartz.core.QuartzScheduler [main] Quartz Scheduler v.2.3.2 created.
2020-06-16 14:41:13,512 INFO org.quartz.simpl.RAMJobStore [main] RAMJobStore initialized.
2020-06-16 14:41:13,512 INFO org.quartz.core.QuartzScheduler [main] Scheduler meta-data: Quartz Scheduler (v2.3.2) 'quartzScheduler' with instanceId 'NON_CLUSTERED'
  Scheduler class: 'org.quartz.core.QuartzScheduler' - running locally.
  NOT STARTED.
  Currently in standby mode.
  Number of jobs executed: 0
  Using thread pool 'org.quartz.simpl.SimpleThreadPool' - with 10 threads.
  Using job-store 'org.quartz.simpl.RAMJobStore' - which does not support persistence. and is not clustered.

2020-06-16 14:41:13,513 INFO org.quartz.impl.StdSchedulerFactory [main] Quartz scheduler 'quartzScheduler' initialized from an externally provided properties instance.
2020-06-16 14:41:13,513 INFO org.quartz.impl.StdSchedulerFactory [main] Quartz scheduler version: 2.3.2
2020-06-16 14:41:13,513 INFO org.quartz.core.QuartzScheduler [main] JobFactory set to: org.springframework.scheduling.quartz.SpringBeanJobFactory@21046afa
2020-06-16 14:41:13,544 INFO springfox.documentation.spring.web.plugins.DocumentationPluginsBootstrapper [main] Context refreshed
2020-06-16 14:41:13,555 INFO springfox.documentation.spring.web.plugins.DocumentationPluginsBootstrapper [main] Found 1 custom documentation plugin(s)
2020-06-16 14:41:13,587 INFO springfox.documentation.spring.web.scanners.ApiListingReferenceScanner [main] Scanning for api listing references
2020-06-16 14:41:13,684 INFO springfox.documentation.spring.web.readers.operation.CachingOperationNameGenerator [main] Generating unique operation named: deleteProjectUsingDELETE_1
2020-06-16 14:41:13,707 INFO springfox.documentation.spring.web.readers.operation.CachingOperationNameGenerator [main] Generating unique operation named: deleteProjectUsingDELETE_2
2020-06-16 14:41:13,712 INFO springfox.documentation.spring.web.readers.operation.CachingOperationNameGenerator [main] Generating unique operation named: findProjectByIdUsingGET_1
2020-06-16 14:41:13,718 INFO springfox.documentation.spring.web.readers.operation.CachingOperationNameGenerator [main] Generating unique operation named: updateProjectUsingPUT_1
2020-06-16 14:41:13,737 INFO org.springframework.scheduling.quartz.SchedulerFactoryBean [main] Starting Quartz Scheduler now
2020-06-16 14:41:13,737 INFO org.quartz.core.QuartzScheduler [main] Scheduler quartzScheduler_$_NON_CLUSTERED started.
2020-06-16 14:41:13,742 INFO org.apache.juli.logging.DirectJDKLog [main] Starting ProtocolHandler ["http-nio-8080"]
2020-06-16 14:41:13,765 INFO org.springframework.boot.web.embedded.tomcat.TomcatWebServer [main] Tomcat started on port(s): 8080 (http) with context path ''
2020-06-16 14:41:13,766 INFO org.springframework.boot.StartupInfoLogger [main] Started RefpApplication in 4.899 seconds (JVM running for 5.396)
2020-06-16 14:41:24,151 INFO org.apache.juli.logging.DirectJDKLog [http-nio-8080-exec-1] Initializing Spring DispatcherServlet 'dispatcherServlet'
2020-06-16 14:41:24,151 INFO org.springframework.web.servlet.FrameworkServlet [http-nio-8080-exec-1] Initializing Servlet 'dispatcherServlet'
2020-06-16 14:41:24,157 INFO org.springframework.web.servlet.FrameworkServlet [http-nio-8080-exec-1] Completed initialization in 6 ms
2020-06-16 14:41:37,942 WARN net.sf.jasperreports.engine.export.PdfGlyphRenderer [http-nio-8080-exec-9] Unpatched iText found, cannot use glyph rendering
2020-06-16 14:42:17,283 INFO org.springframework.boot.admin.SpringApplicationAdminMXBeanRegistrar$SpringApplicationAdmin [RMI TCP Connection(3)-127.0.0.1] Application shutdown requested.
2020-06-16 14:42:17,284 INFO org.quartz.core.QuartzScheduler [RMI TCP Connection(3)-127.0.0.1] Scheduler quartzScheduler_$_NON_CLUSTERED paused.
2020-06-16 14:42:17,285 INFO org.springframework.scheduling.quartz.SchedulerFactoryBean [RMI TCP Connection(3)-127.0.0.1] Shutting down Quartz Scheduler
2020-06-16 14:42:17,285 INFO org.quartz.core.QuartzScheduler [RMI TCP Connection(3)-127.0.0.1] Scheduler quartzScheduler_$_NON_CLUSTERED shutting down.
2020-06-16 14:42:17,285 INFO org.quartz.core.QuartzScheduler [RMI TCP Connection(3)-127.0.0.1] Scheduler quartzScheduler_$_NON_CLUSTERED paused.
2020-06-16 14:42:17,286 INFO org.quartz.core.QuartzScheduler [RMI TCP Connection(3)-127.0.0.1] Scheduler quartzScheduler_$_NON_CLUSTERED shutdown complete.
2020-06-16 14:42:17,286 INFO org.springframework.scheduling.concurrent.ExecutorConfigurationSupport [RMI TCP Connection(3)-127.0.0.1] Shutting down ExecutorService 'applicationTaskExecutor'
2020-06-16 14:42:17,288 INFO org.springframework.orm.jpa.AbstractEntityManagerFactoryBean [RMI TCP Connection(3)-127.0.0.1] Closing JPA EntityManagerFactory for persistence unit 'default'
2020-06-16 14:42:17,290 INFO com.zaxxer.hikari.HikariDataSource [RMI TCP Connection(3)-127.0.0.1] HikariPool-1 - Shutdown initiated...
2020-06-16 14:42:17,292 INFO com.zaxxer.hikari.HikariDataSource [RMI TCP Connection(3)-127.0.0.1] HikariPool-1 - Shutdown completed.
2020-06-16 14:42:53,370 INFO org.springframework.boot.StartupInfoLogger [main] Starting RefpApplication on DESKTOP-ERNB8HD with PID 2880 (C:\Users\alber\Documents\python\refp-backend\bin\main started by alber in C:\Users\alber\Documents\python\refp-backend)
2020-06-16 14:42:53,372 INFO org.springframework.boot.SpringApplication [main] No active profile set, falling back to default profiles: default
2020-06-16 14:42:54,025 INFO org.springframework.data.repository.config.RepositoryConfigurationDelegate [main] Bootstrapping Spring Data JPA repositories in DEFAULT mode.
2020-06-16 14:42:54,106 INFO org.springframework.data.repository.config.RepositoryConfigurationDelegate [main] Finished Spring Data repository scanning in 75ms. Found 5 JPA repository interfaces.
2020-06-16 14:42:54,318 INFO org.springframework.context.support.PostProcessorRegistrationDelegate$BeanPostProcessorChecker [main] Bean 'org.springframework.transaction.annotation.ProxyTransactionManagementConfiguration' of type [org.springframework.transaction.annotation.ProxyTransactionManagementConfiguration] is not eligible for getting processed by all BeanPostProcessors (for example: not eligible for auto-proxying)
2020-06-16 14:42:54,456 INFO org.springframework.boot.web.embedded.tomcat.TomcatWebServer [main] Tomcat initialized with port(s): 8080 (http)
2020-06-16 14:42:54,461 INFO org.apache.juli.logging.DirectJDKLog [main] Initializing ProtocolHandler ["http-nio-8080"]
2020-06-16 14:42:54,462 INFO org.apache.juli.logging.DirectJDKLog [main] Starting service [Tomcat]
2020-06-16 14:42:54,462 INFO org.apache.juli.logging.DirectJDKLog [main] Starting Servlet engine: [Apache Tomcat/9.0.29]
2020-06-16 14:42:54,540 INFO org.apache.juli.logging.DirectJDKLog [main] Initializing Spring embedded WebApplicationContext
2020-06-16 14:42:54,540 INFO org.springframework.boot.web.servlet.context.ServletWebServerApplicationContext [main] Root WebApplicationContext: initialization completed in 1026 ms
2020-06-16 14:42:54,691 INFO org.hibernate.jpa.internal.util.LogHelper [main] HHH000204: Processing PersistenceUnitInfo [name: default]
2020-06-16 14:42:54,746 INFO org.hibernate.Version [main] HHH000412: Hibernate Core {5.4.9.Final}
2020-06-16 14:42:54,830 INFO org.hibernate.annotations.common.reflection.java.JavaReflectionManager [main] HCANN000001: Hibernate Commons Annotations {5.1.0.Final}
2020-06-16 14:42:54,894 INFO com.zaxxer.hikari.HikariDataSource [main] HikariPool-1 - Starting...
2020-06-16 14:42:55,156 INFO com.zaxxer.hikari.HikariDataSource [main] HikariPool-1 - Start completed.
2020-06-16 14:42:55,169 INFO org.hibernate.dialect.Dialect [main] HHH000400: Using dialect: org.hibernate.dialect.MySQL8Dialect
2020-06-16 14:42:55,765 INFO org.hibernate.engine.transaction.jta.platform.internal.JtaPlatformInitiator [main] HHH000490: Using JtaPlatform implementation: [org.hibernate.engine.transaction.jta.platform.internal.NoJtaPlatform]
2020-06-16 14:42:55,770 INFO org.springframework.orm.jpa.AbstractEntityManagerFactoryBean [main] Initialized JPA EntityManagerFactory for persistence unit 'default'
2020-06-16 14:42:56,534 WARN org.springframework.boot.autoconfigure.orm.jpa.JpaBaseConfiguration$JpaWebConfiguration [main] spring.jpa.open-in-view is enabled by default. Therefore, database queries may be performed during view rendering. Explicitly configure spring.jpa.open-in-view to disable this warning
2020-06-16 14:42:56,649 INFO springfox.documentation.spring.web.PropertySourcedRequestMappingHandlerMapping [main] Mapped URL path [/v2/api-docs] onto method [springfox.documentation.swagger2.web.Swagger2Controller#getDocumentation(String, HttpServletRequest)]
2020-06-16 14:42:56,695 INFO org.springframework.scheduling.concurrent.ExecutorConfigurationSupport [main] Initializing ExecutorService 'applicationTaskExecutor'
2020-06-16 14:42:56,783 INFO org.quartz.impl.StdSchedulerFactory [main] Using default implementation for ThreadExecutor
2020-06-16 14:42:56,789 INFO org.quartz.core.SchedulerSignalerImpl [main] Initialized Scheduler Signaller of type: class org.quartz.core.SchedulerSignalerImpl
2020-06-16 14:42:56,789 INFO org.quartz.core.QuartzScheduler [main] Quartz Scheduler v.2.3.2 created.
2020-06-16 14:42:56,789 INFO org.quartz.simpl.RAMJobStore [main] RAMJobStore initialized.
2020-06-16 14:42:56,790 INFO org.quartz.core.QuartzScheduler [main] Scheduler meta-data: Quartz Scheduler (v2.3.2) 'quartzScheduler' with instanceId 'NON_CLUSTERED'
  Scheduler class: 'org.quartz.core.QuartzScheduler' - running locally.
  NOT STARTED.
  Currently in standby mode.
  Number of jobs executed: 0
  Using thread pool 'org.quartz.simpl.SimpleThreadPool' - with 10 threads.
  Using job-store 'org.quartz.simpl.RAMJobStore' - which does not support persistence. and is not clustered.

2020-06-16 14:42:56,790 INFO org.quartz.impl.StdSchedulerFactory [main] Quartz scheduler 'quartzScheduler' initialized from an externally provided properties instance.
2020-06-16 14:42:56,790 INFO org.quartz.impl.StdSchedulerFactory [main] Quartz scheduler version: 2.3.2
2020-06-16 14:42:56,790 INFO org.quartz.core.QuartzScheduler [main] JobFactory set to: org.springframework.scheduling.quartz.SpringBeanJobFactory@137d04d8
2020-06-16 14:42:56,819 INFO springfox.documentation.spring.web.plugins.DocumentationPluginsBootstrapper [main] Context refreshed
2020-06-16 14:42:56,826 INFO springfox.documentation.spring.web.plugins.DocumentationPluginsBootstrapper [main] Found 1 custom documentation plugin(s)
2020-06-16 14:42:56,855 INFO springfox.documentation.spring.web.scanners.ApiListingReferenceScanner [main] Scanning for api listing references
2020-06-16 14:42:56,940 INFO springfox.documentation.spring.web.readers.operation.CachingOperationNameGenerator [main] Generating unique operation named: deleteProjectUsingDELETE_1
2020-06-16 14:42:56,962 INFO springfox.documentation.spring.web.readers.operation.CachingOperationNameGenerator [main] Generating unique operation named: deleteProjectUsingDELETE_2
2020-06-16 14:42:56,966 INFO springfox.documentation.spring.web.readers.operation.CachingOperationNameGenerator [main] Generating unique operation named: findProjectByIdUsingGET_1
2020-06-16 14:42:56,971 INFO springfox.documentation.spring.web.readers.operation.CachingOperationNameGenerator [main] Generating unique operation named: updateProjectUsingPUT_1
2020-06-16 14:42:56,990 INFO org.springframework.scheduling.quartz.SchedulerFactoryBean [main] Starting Quartz Scheduler now
2020-06-16 14:42:56,990 INFO org.quartz.core.QuartzScheduler [main] Scheduler quartzScheduler_$_NON_CLUSTERED started.
2020-06-16 14:42:56,995 INFO org.apache.juli.logging.DirectJDKLog [main] Starting ProtocolHandler ["http-nio-8080"]
2020-06-16 14:42:57,010 INFO org.springframework.boot.web.embedded.tomcat.TomcatWebServer [main] Tomcat started on port(s): 8080 (http) with context path ''
2020-06-16 14:42:57,011 INFO org.springframework.boot.StartupInfoLogger [main] Started RefpApplication in 3.886 seconds (JVM running for 4.363)
2020-06-16 14:43:02,007 INFO org.apache.juli.logging.DirectJDKLog [http-nio-8080-exec-1] Initializing Spring DispatcherServlet 'dispatcherServlet'
2020-06-16 14:43:02,007 INFO org.springframework.web.servlet.FrameworkServlet [http-nio-8080-exec-1] Initializing Servlet 'dispatcherServlet'
2020-06-16 14:43:02,011 INFO org.springframework.web.servlet.FrameworkServlet [http-nio-8080-exec-1] Completed initialization in 4 ms
2020-06-16 14:43:06,904 WARN net.sf.jasperreports.engine.export.PdfGlyphRenderer [http-nio-8080-exec-9] Unpatched iText found, cannot use glyph rendering
2020-06-16 14:45:14,610 INFO org.springframework.boot.admin.SpringApplicationAdminMXBeanRegistrar$SpringApplicationAdmin [RMI TCP Connection(4)-127.0.0.1] Application shutdown requested.
2020-06-16 14:45:14,612 INFO org.quartz.core.QuartzScheduler [RMI TCP Connection(4)-127.0.0.1] Scheduler quartzScheduler_$_NON_CLUSTERED paused.
2020-06-16 14:45:14,612 INFO org.springframework.scheduling.quartz.SchedulerFactoryBean [RMI TCP Connection(4)-127.0.0.1] Shutting down Quartz Scheduler
2020-06-16 14:45:14,612 INFO org.quartz.core.QuartzScheduler [RMI TCP Connection(4)-127.0.0.1] Scheduler quartzScheduler_$_NON_CLUSTERED shutting down.
2020-06-16 14:45:14,612 INFO org.quartz.core.QuartzScheduler [RMI TCP Connection(4)-127.0.0.1] Scheduler quartzScheduler_$_NON_CLUSTERED paused.
2020-06-16 14:45:14,612 INFO org.quartz.core.QuartzScheduler [RMI TCP Connection(4)-127.0.0.1] Scheduler quartzScheduler_$_NON_CLUSTERED shutdown complete.
2020-06-16 14:45:14,613 INFO org.springframework.scheduling.concurrent.ExecutorConfigurationSupport [RMI TCP Connection(4)-127.0.0.1] Shutting down ExecutorService 'applicationTaskExecutor'
2020-06-16 14:45:14,615 INFO org.springframework.orm.jpa.AbstractEntityManagerFactoryBean [RMI TCP Connection(4)-127.0.0.1] Closing JPA EntityManagerFactory for persistence unit 'default'
2020-06-16 14:45:14,617 INFO com.zaxxer.hikari.HikariDataSource [RMI TCP Connection(4)-127.0.0.1] HikariPool-1 - Shutdown initiated...
2020-06-16 14:45:14,619 INFO com.zaxxer.hikari.HikariDataSource [RMI TCP Connection(4)-127.0.0.1] HikariPool-1 - Shutdown completed.
2020-06-16 14:45:59,418 INFO org.springframework.boot.StartupInfoLogger [main] Starting RefpApplication on DESKTOP-ERNB8HD with PID 1296 (C:\Users\alber\Documents\python\refp-backend\bin\main started by alber in C:\Users\alber\Documents\python\refp-backend)
2020-06-16 14:45:59,420 INFO org.springframework.boot.SpringApplication [main] No active profile set, falling back to default profiles: default
2020-06-16 14:46:00,091 INFO org.springframework.data.repository.config.RepositoryConfigurationDelegate [main] Bootstrapping Spring Data JPA repositories in DEFAULT mode.
2020-06-16 14:46:00,165 INFO org.springframework.data.repository.config.RepositoryConfigurationDelegate [main] Finished Spring Data repository scanning in 69ms. Found 5 JPA repository interfaces.
2020-06-16 14:46:00,380 INFO org.springframework.context.support.PostProcessorRegistrationDelegate$BeanPostProcessorChecker [main] Bean 'org.springframework.transaction.annotation.ProxyTransactionManagementConfiguration' of type [org.springframework.transaction.annotation.ProxyTransactionManagementConfiguration] is not eligible for getting processed by all BeanPostProcessors (for example: not eligible for auto-proxying)
2020-06-16 14:46:00,533 INFO org.springframework.boot.web.embedded.tomcat.TomcatWebServer [main] Tomcat initialized with port(s): 8080 (http)
2020-06-16 14:46:00,540 INFO org.apache.juli.logging.DirectJDKLog [main] Initializing ProtocolHandler ["http-nio-8080"]
2020-06-16 14:46:00,540 INFO org.apache.juli.logging.DirectJDKLog [main] Starting service [Tomcat]
2020-06-16 14:46:00,540 INFO org.apache.juli.logging.DirectJDKLog [main] Starting Servlet engine: [Apache Tomcat/9.0.29]
2020-06-16 14:46:00,631 INFO org.apache.juli.logging.DirectJDKLog [main] Initializing Spring embedded WebApplicationContext
2020-06-16 14:46:00,631 INFO org.springframework.boot.web.servlet.context.ServletWebServerApplicationContext [main] Root WebApplicationContext: initialization completed in 1061 ms
2020-06-16 14:46:00,776 INFO org.hibernate.jpa.internal.util.LogHelper [main] HHH000204: Processing PersistenceUnitInfo [name: default]
2020-06-16 14:46:00,828 INFO org.hibernate.Version [main] HHH000412: Hibernate Core {5.4.9.Final}
2020-06-16 14:46:00,906 INFO org.hibernate.annotations.common.reflection.java.JavaReflectionManager [main] HCANN000001: Hibernate Commons Annotations {5.1.0.Final}
2020-06-16 14:46:00,964 INFO com.zaxxer.hikari.HikariDataSource [main] HikariPool-1 - Starting...
2020-06-16 14:46:01,213 INFO com.zaxxer.hikari.HikariDataSource [main] HikariPool-1 - Start completed.
2020-06-16 14:46:01,225 INFO org.hibernate.dialect.Dialect [main] HHH000400: Using dialect: org.hibernate.dialect.MySQL8Dialect
2020-06-16 14:46:01,825 INFO org.hibernate.engine.transaction.jta.platform.internal.JtaPlatformInitiator [main] HHH000490: Using JtaPlatform implementation: [org.hibernate.engine.transaction.jta.platform.internal.NoJtaPlatform]
2020-06-16 14:46:01,830 INFO org.springframework.orm.jpa.AbstractEntityManagerFactoryBean [main] Initialized JPA EntityManagerFactory for persistence unit 'default'
2020-06-16 14:46:02,608 WARN org.springframework.boot.autoconfigure.orm.jpa.JpaBaseConfiguration$JpaWebConfiguration [main] spring.jpa.open-in-view is enabled by default. Therefore, database queries may be performed during view rendering. Explicitly configure spring.jpa.open-in-view to disable this warning
2020-06-16 14:46:02,727 INFO springfox.documentation.spring.web.PropertySourcedRequestMappingHandlerMapping [main] Mapped URL path [/v2/api-docs] onto method [springfox.documentation.swagger2.web.Swagger2Controller#getDocumentation(String, HttpServletRequest)]
2020-06-16 14:46:02,766 INFO org.springframework.scheduling.concurrent.ExecutorConfigurationSupport [main] Initializing ExecutorService 'applicationTaskExecutor'
2020-06-16 14:46:02,855 INFO org.quartz.impl.StdSchedulerFactory [main] Using default implementation for ThreadExecutor
2020-06-16 14:46:02,861 INFO org.quartz.core.SchedulerSignalerImpl [main] Initialized Scheduler Signaller of type: class org.quartz.core.SchedulerSignalerImpl
2020-06-16 14:46:02,861 INFO org.quartz.core.QuartzScheduler [main] Quartz Scheduler v.2.3.2 created.
2020-06-16 14:46:02,862 INFO org.quartz.simpl.RAMJobStore [main] RAMJobStore initialized.
2020-06-16 14:46:02,862 INFO org.quartz.core.QuartzScheduler [main] Scheduler meta-data: Quartz Scheduler (v2.3.2) 'quartzScheduler' with instanceId 'NON_CLUSTERED'
  Scheduler class: 'org.quartz.core.QuartzScheduler' - running locally.
  NOT STARTED.
  Currently in standby mode.
  Number of jobs executed: 0
  Using thread pool 'org.quartz.simpl.SimpleThreadPool' - with 10 threads.
  Using job-store 'org.quartz.simpl.RAMJobStore' - which does not support persistence. and is not clustered.

2020-06-16 14:46:02,862 INFO org.quartz.impl.StdSchedulerFactory [main] Quartz scheduler 'quartzScheduler' initialized from an externally provided properties instance.
2020-06-16 14:46:02,863 INFO org.quartz.impl.StdSchedulerFactory [main] Quartz scheduler version: 2.3.2
2020-06-16 14:46:02,863 INFO org.quartz.core.QuartzScheduler [main] JobFactory set to: org.springframework.scheduling.quartz.SpringBeanJobFactory@1c36ab22
2020-06-16 14:46:02,893 INFO springfox.documentation.spring.web.plugins.DocumentationPluginsBootstrapper [main] Context refreshed
2020-06-16 14:46:02,900 INFO springfox.documentation.spring.web.plugins.DocumentationPluginsBootstrapper [main] Found 1 custom documentation plugin(s)
2020-06-16 14:46:02,928 INFO springfox.documentation.spring.web.scanners.ApiListingReferenceScanner [main] Scanning for api listing references
2020-06-16 14:46:03,014 INFO springfox.documentation.spring.web.readers.operation.CachingOperationNameGenerator [main] Generating unique operation named: deleteProjectUsingDELETE_1
2020-06-16 14:46:03,036 INFO springfox.documentation.spring.web.readers.operation.CachingOperationNameGenerator [main] Generating unique operation named: deleteProjectUsingDELETE_2
2020-06-16 14:46:03,041 INFO springfox.documentation.spring.web.readers.operation.CachingOperationNameGenerator [main] Generating unique operation named: findProjectByIdUsingGET_1
2020-06-16 14:46:03,047 INFO springfox.documentation.spring.web.readers.operation.CachingOperationNameGenerator [main] Generating unique operation named: updateProjectUsingPUT_1
2020-06-16 14:46:03,071 INFO org.springframework.scheduling.quartz.SchedulerFactoryBean [main] Starting Quartz Scheduler now
2020-06-16 14:46:03,071 INFO org.quartz.core.QuartzScheduler [main] Scheduler quartzScheduler_$_NON_CLUSTERED started.
2020-06-16 14:46:03,077 INFO org.apache.juli.logging.DirectJDKLog [main] Starting ProtocolHandler ["http-nio-8080"]
2020-06-16 14:46:03,094 INFO org.springframework.boot.web.embedded.tomcat.TomcatWebServer [main] Tomcat started on port(s): 8080 (http) with context path ''
2020-06-16 14:46:03,096 INFO org.springframework.boot.StartupInfoLogger [main] Started RefpApplication in 3.93 seconds (JVM running for 4.407)
2020-06-16 14:46:11,134 INFO org.apache.juli.logging.DirectJDKLog [http-nio-8080-exec-1] Initializing Spring DispatcherServlet 'dispatcherServlet'
2020-06-16 14:46:11,134 INFO org.springframework.web.servlet.FrameworkServlet [http-nio-8080-exec-1] Initializing Servlet 'dispatcherServlet'
2020-06-16 14:46:11,139 INFO org.springframework.web.servlet.FrameworkServlet [http-nio-8080-exec-1] Completed initialization in 4 ms
2020-06-16 14:46:17,049 WARN net.sf.jasperreports.engine.export.PdfGlyphRenderer [http-nio-8080-exec-9] Unpatched iText found, cannot use glyph rendering
2020-06-16 14:53:11,390 INFO org.springframework.boot.admin.SpringApplicationAdminMXBeanRegistrar$SpringApplicationAdmin [RMI TCP Connection(4)-127.0.0.1] Application shutdown requested.
2020-06-16 14:53:11,392 INFO org.quartz.core.QuartzScheduler [RMI TCP Connection(4)-127.0.0.1] Scheduler quartzScheduler_$_NON_CLUSTERED paused.
2020-06-16 14:53:11,392 INFO org.springframework.scheduling.quartz.SchedulerFactoryBean [RMI TCP Connection(4)-127.0.0.1] Shutting down Quartz Scheduler
2020-06-16 14:53:11,392 INFO org.quartz.core.QuartzScheduler [RMI TCP Connection(4)-127.0.0.1] Scheduler quartzScheduler_$_NON_CLUSTERED shutting down.
2020-06-16 14:53:11,393 INFO org.quartz.core.QuartzScheduler [RMI TCP Connection(4)-127.0.0.1] Scheduler quartzScheduler_$_NON_CLUSTERED paused.
2020-06-16 14:53:11,393 INFO org.quartz.core.QuartzScheduler [RMI TCP Connection(4)-127.0.0.1] Scheduler quartzScheduler_$_NON_CLUSTERED shutdown complete.
2020-06-16 14:53:11,393 INFO org.springframework.scheduling.concurrent.ExecutorConfigurationSupport [RMI TCP Connection(4)-127.0.0.1] Shutting down ExecutorService 'applicationTaskExecutor'
2020-06-16 14:53:11,396 INFO org.springframework.orm.jpa.AbstractEntityManagerFactoryBean [RMI TCP Connection(4)-127.0.0.1] Closing JPA EntityManagerFactory for persistence unit 'default'
2020-06-16 14:53:11,398 INFO com.zaxxer.hikari.HikariDataSource [RMI TCP Connection(4)-127.0.0.1] HikariPool-1 - Shutdown initiated...
2020-06-16 14:53:11,400 INFO com.zaxxer.hikari.HikariDataSource [RMI TCP Connection(4)-127.0.0.1] HikariPool-1 - Shutdown completed.
2020-06-16 18:09:24,957 INFO org.springframework.boot.StartupInfoLogger [main] Starting RefpApplication on DESKTOP-ERNB8HD with PID 13436 (C:\Users\alber\Documents\python\refp-backend\bin\main started by alber in C:\Users\alber\Documents\python\refp-backend)
2020-06-16 18:09:24,959 INFO org.springframework.boot.SpringApplication [main] No active profile set, falling back to default profiles: default
2020-06-16 18:09:25,792 INFO org.springframework.data.repository.config.RepositoryConfigurationDelegate [main] Bootstrapping Spring Data JPA repositories in DEFAULT mode.
2020-06-16 18:09:25,888 INFO org.springframework.data.repository.config.RepositoryConfigurationDelegate [main] Finished Spring Data repository scanning in 89ms. Found 5 JPA repository interfaces.
2020-06-16 18:09:26,141 INFO org.springframework.context.support.PostProcessorRegistrationDelegate$BeanPostProcessorChecker [main] Bean 'org.springframework.transaction.annotation.ProxyTransactionManagementConfiguration' of type [org.springframework.transaction.annotation.ProxyTransactionManagementConfiguration] is not eligible for getting processed by all BeanPostProcessors (for example: not eligible for auto-proxying)
2020-06-16 18:09:26,320 INFO org.springframework.boot.web.embedded.tomcat.TomcatWebServer [main] Tomcat initialized with port(s): 8080 (http)
2020-06-16 18:09:26,327 INFO org.apache.juli.logging.DirectJDKLog [main] Initializing ProtocolHandler ["http-nio-8080"]
2020-06-16 18:09:26,328 INFO org.apache.juli.logging.DirectJDKLog [main] Starting service [Tomcat]
2020-06-16 18:09:26,328 INFO org.apache.juli.logging.DirectJDKLog [main] Starting Servlet engine: [Apache Tomcat/9.0.29]
2020-06-16 18:09:26,420 INFO org.apache.juli.logging.DirectJDKLog [main] Initializing Spring embedded WebApplicationContext
2020-06-16 18:09:26,421 INFO org.springframework.boot.web.servlet.context.ServletWebServerApplicationContext [main] Root WebApplicationContext: initialization completed in 1305 ms
2020-06-16 18:09:26,615 INFO org.hibernate.jpa.internal.util.LogHelper [main] HHH000204: Processing PersistenceUnitInfo [name: default]
2020-06-16 18:09:26,692 INFO org.hibernate.Version [main] HHH000412: Hibernate Core {5.4.9.Final}
2020-06-16 18:09:26,851 INFO org.hibernate.annotations.common.reflection.java.JavaReflectionManager [main] HCANN000001: Hibernate Commons Annotations {5.1.0.Final}
2020-06-16 18:09:26,940 INFO com.zaxxer.hikari.HikariDataSource [main] HikariPool-1 - Starting...
2020-06-16 18:09:27,243 INFO com.zaxxer.hikari.HikariDataSource [main] HikariPool-1 - Start completed.
2020-06-16 18:09:27,261 INFO org.hibernate.dialect.Dialect [main] HHH000400: Using dialect: org.hibernate.dialect.MySQL8Dialect
2020-06-16 18:09:28,027 INFO org.hibernate.engine.transaction.jta.platform.internal.JtaPlatformInitiator [main] HHH000490: Using JtaPlatform implementation: [org.hibernate.engine.transaction.jta.platform.internal.NoJtaPlatform]
2020-06-16 18:09:28,035 INFO org.springframework.orm.jpa.AbstractEntityManagerFactoryBean [main] Initialized JPA EntityManagerFactory for persistence unit 'default'
2020-06-16 18:09:29,068 WARN org.springframework.boot.autoconfigure.orm.jpa.JpaBaseConfiguration$JpaWebConfiguration [main] spring.jpa.open-in-view is enabled by default. Therefore, database queries may be performed during view rendering. Explicitly configure spring.jpa.open-in-view to disable this warning
2020-06-16 18:09:29,210 INFO springfox.documentation.spring.web.PropertySourcedRequestMappingHandlerMapping [main] Mapped URL path [/v2/api-docs] onto method [springfox.documentation.swagger2.web.Swagger2Controller#getDocumentation(String, HttpServletRequest)]
2020-06-16 18:09:29,260 INFO org.springframework.scheduling.concurrent.ExecutorConfigurationSupport [main] Initializing ExecutorService 'applicationTaskExecutor'
2020-06-16 18:09:29,376 INFO org.quartz.impl.StdSchedulerFactory [main] Using default implementation for ThreadExecutor
2020-06-16 18:09:29,387 INFO org.quartz.core.SchedulerSignalerImpl [main] Initialized Scheduler Signaller of type: class org.quartz.core.SchedulerSignalerImpl
2020-06-16 18:09:29,387 INFO org.quartz.core.QuartzScheduler [main] Quartz Scheduler v.2.3.2 created.
2020-06-16 18:09:29,387 INFO org.quartz.simpl.RAMJobStore [main] RAMJobStore initialized.
2020-06-16 18:09:29,388 INFO org.quartz.core.QuartzScheduler [main] Scheduler meta-data: Quartz Scheduler (v2.3.2) 'quartzScheduler' with instanceId 'NON_CLUSTERED'
  Scheduler class: 'org.quartz.core.QuartzScheduler' - running locally.
  NOT STARTED.
  Currently in standby mode.
  Number of jobs executed: 0
  Using thread pool 'org.quartz.simpl.SimpleThreadPool' - with 10 threads.
  Using job-store 'org.quartz.simpl.RAMJobStore' - which does not support persistence. and is not clustered.

2020-06-16 18:09:29,388 INFO org.quartz.impl.StdSchedulerFactory [main] Quartz scheduler 'quartzScheduler' initialized from an externally provided properties instance.
2020-06-16 18:09:29,388 INFO org.quartz.impl.StdSchedulerFactory [main] Quartz scheduler version: 2.3.2
2020-06-16 18:09:29,388 INFO org.quartz.core.QuartzScheduler [main] JobFactory set to: org.springframework.scheduling.quartz.SpringBeanJobFactory@97cb8dc
2020-06-16 18:09:29,425 INFO springfox.documentation.spring.web.plugins.DocumentationPluginsBootstrapper [main] Context refreshed
2020-06-16 18:09:29,436 INFO springfox.documentation.spring.web.plugins.DocumentationPluginsBootstrapper [main] Found 1 custom documentation plugin(s)
2020-06-16 18:09:29,472 INFO springfox.documentation.spring.web.scanners.ApiListingReferenceScanner [main] Scanning for api listing references
2020-06-16 18:09:29,578 INFO springfox.documentation.spring.web.readers.operation.CachingOperationNameGenerator [main] Generating unique operation named: deleteProjectUsingDELETE_1
2020-06-16 18:09:29,602 INFO springfox.documentation.spring.web.readers.operation.CachingOperationNameGenerator [main] Generating unique operation named: deleteProjectUsingDELETE_2
2020-06-16 18:09:29,607 INFO springfox.documentation.spring.web.readers.operation.CachingOperationNameGenerator [main] Generating unique operation named: findProjectByIdUsingGET_1
2020-06-16 18:09:29,614 INFO springfox.documentation.spring.web.readers.operation.CachingOperationNameGenerator [main] Generating unique operation named: updateProjectUsingPUT_1
2020-06-16 18:09:29,636 INFO org.springframework.scheduling.quartz.SchedulerFactoryBean [main] Starting Quartz Scheduler now
2020-06-16 18:09:29,636 INFO org.quartz.core.QuartzScheduler [main] Scheduler quartzScheduler_$_NON_CLUSTERED started.
2020-06-16 18:09:29,641 INFO org.apache.juli.logging.DirectJDKLog [main] Starting ProtocolHandler ["http-nio-8080"]
2020-06-16 18:09:29,666 INFO org.springframework.boot.web.embedded.tomcat.TomcatWebServer [main] Tomcat started on port(s): 8080 (http) with context path ''
2020-06-16 18:09:29,668 INFO org.springframework.boot.StartupInfoLogger [main] Started RefpApplication in 4.973 seconds (JVM running for 5.47)
2020-06-16 18:10:00,595 INFO org.apache.juli.logging.DirectJDKLog [http-nio-8080-exec-1] Initializing Spring DispatcherServlet 'dispatcherServlet'
2020-06-16 18:10:00,595 INFO org.springframework.web.servlet.FrameworkServlet [http-nio-8080-exec-1] Initializing Servlet 'dispatcherServlet'
2020-06-16 18:10:00,602 INFO org.springframework.web.servlet.FrameworkServlet [http-nio-8080-exec-1] Completed initialization in 7 ms
2020-06-16 18:10:12,838 WARN net.sf.jasperreports.engine.export.PdfGlyphRenderer [http-nio-8080-exec-9] Unpatched iText found, cannot use glyph rendering
2020-06-16 18:11:59,585 INFO org.springframework.boot.admin.SpringApplicationAdminMXBeanRegistrar$SpringApplicationAdmin [RMI TCP Connection(4)-127.0.0.1] Application shutdown requested.
2020-06-16 18:11:59,587 INFO org.quartz.core.QuartzScheduler [RMI TCP Connection(4)-127.0.0.1] Scheduler quartzScheduler_$_NON_CLUSTERED paused.
2020-06-16 18:11:59,588 INFO org.springframework.scheduling.quartz.SchedulerFactoryBean [RMI TCP Connection(4)-127.0.0.1] Shutting down Quartz Scheduler
2020-06-16 18:11:59,588 INFO org.quartz.core.QuartzScheduler [RMI TCP Connection(4)-127.0.0.1] Scheduler quartzScheduler_$_NON_CLUSTERED shutting down.
2020-06-16 18:11:59,588 INFO org.quartz.core.QuartzScheduler [RMI TCP Connection(4)-127.0.0.1] Scheduler quartzScheduler_$_NON_CLUSTERED paused.
2020-06-16 18:11:59,589 INFO org.quartz.core.QuartzScheduler [RMI TCP Connection(4)-127.0.0.1] Scheduler quartzScheduler_$_NON_CLUSTERED shutdown complete.
2020-06-16 18:11:59,589 INFO org.springframework.scheduling.concurrent.ExecutorConfigurationSupport [RMI TCP Connection(4)-127.0.0.1] Shutting down ExecutorService 'applicationTaskExecutor'
2020-06-16 18:11:59,591 INFO org.springframework.orm.jpa.AbstractEntityManagerFactoryBean [RMI TCP Connection(4)-127.0.0.1] Closing JPA EntityManagerFactory for persistence unit 'default'
2020-06-16 18:11:59,593 INFO com.zaxxer.hikari.HikariDataSource [RMI TCP Connection(4)-127.0.0.1] HikariPool-1 - Shutdown initiated...
2020-06-16 18:11:59,595 INFO com.zaxxer.hikari.HikariDataSource [RMI TCP Connection(4)-127.0.0.1] HikariPool-1 - Shutdown completed.
