2020-05-24 11:36:47,540 INFO org.springframework.boot.StartupInfoLogger [main] Starting RefpApplication on DESKTOP-ERNB8HD with PID 7920 (C:\Users\alber\Documents\tcc1\refp-backend\bin\main started by alber in C:\Users\alber\Documents\tcc1\refp-backend)
2020-05-24 11:36:47,543 INFO org.springframework.boot.SpringApplication [main] No active profile set, falling back to default profiles: default
2020-05-24 11:36:48,363 INFO org.springframework.data.repository.config.RepositoryConfigurationDelegate [main] Bootstrapping Spring Data JPA repositories in DEFAULT mode.
2020-05-24 11:36:48,435 INFO org.springframework.data.repository.config.RepositoryConfigurationDelegate [main] Finished Spring Data repository scanning in 65ms. Found 4 JPA repository interfaces.
2020-05-24 11:36:48,645 INFO org.springframework.context.support.PostProcessorRegistrationDelegate$BeanPostProcessorChecker [main] Bean 'org.springframework.transaction.annotation.ProxyTransactionManagementConfiguration' of type [org.springframework.transaction.annotation.ProxyTransactionManagementConfiguration] is not eligible for getting processed by all BeanPostProcessors (for example: not eligible for auto-proxying)
2020-05-24 11:36:48,852 INFO org.springframework.boot.web.embedded.tomcat.TomcatWebServer [main] Tomcat initialized with port(s): 8080 (http)
2020-05-24 11:36:48,859 INFO org.apache.juli.logging.DirectJDKLog [main] Initializing ProtocolHandler ["http-nio-8080"]
2020-05-24 11:36:48,859 INFO org.apache.juli.logging.DirectJDKLog [main] Starting service [Tomcat]
2020-05-24 11:36:48,859 INFO org.apache.juli.logging.DirectJDKLog [main] Starting Servlet engine: [Apache Tomcat/9.0.29]
2020-05-24 11:36:48,937 INFO org.apache.juli.logging.DirectJDKLog [main] Initializing Spring embedded WebApplicationContext
2020-05-24 11:36:48,937 INFO org.springframework.boot.web.servlet.context.ServletWebServerApplicationContext [main] Root WebApplicationContext: initialization completed in 1196 ms
2020-05-24 11:36:49,105 INFO org.hibernate.jpa.internal.util.LogHelper [main] HHH000204: Processing PersistenceUnitInfo [name: default]
2020-05-24 11:36:49,164 INFO org.hibernate.Version [main] HHH000412: Hibernate Core {5.4.9.Final}
2020-05-24 11:36:49,287 INFO org.hibernate.annotations.common.reflection.java.JavaReflectionManager [main] HCANN000001: Hibernate Commons Annotations {5.1.0.Final}
2020-05-24 11:36:49,369 INFO com.zaxxer.hikari.HikariDataSource [main] HikariPool-1 - Starting...
2020-05-24 11:36:49,655 INFO com.zaxxer.hikari.HikariDataSource [main] HikariPool-1 - Start completed.
2020-05-24 11:36:49,671 INFO org.hibernate.dialect.Dialect [main] HHH000400: Using dialect: org.hibernate.dialect.MySQL8Dialect
2020-05-24 11:36:50,506 INFO org.hibernate.engine.transaction.jta.platform.internal.JtaPlatformInitiator [main] HHH000490: Using JtaPlatform implementation: [org.hibernate.engine.transaction.jta.platform.internal.NoJtaPlatform]
2020-05-24 11:36:50,512 INFO org.springframework.orm.jpa.AbstractEntityManagerFactoryBean [main] Initialized JPA EntityManagerFactory for persistence unit 'default'
2020-05-24 11:36:51,167 WARN org.springframework.boot.autoconfigure.orm.jpa.JpaBaseConfiguration$JpaWebConfiguration [main] spring.jpa.open-in-view is enabled by default. Therefore, database queries may be performed during view rendering. Explicitly configure spring.jpa.open-in-view to disable this warning
2020-05-24 11:36:51,311 INFO springfox.documentation.spring.web.PropertySourcedRequestMappingHandlerMapping [main] Mapped URL path [/v2/api-docs] onto method [springfox.documentation.swagger2.web.Swagger2Controller#getDocumentation(String, HttpServletRequest)]
2020-05-24 11:36:51,353 INFO org.springframework.scheduling.concurrent.ExecutorConfigurationSupport [main] Initializing ExecutorService 'applicationTaskExecutor'
2020-05-24 11:36:51,469 INFO org.quartz.impl.StdSchedulerFactory [main] Using default implementation for ThreadExecutor
2020-05-24 11:36:51,479 INFO org.quartz.core.SchedulerSignalerImpl [main] Initialized Scheduler Signaller of type: class org.quartz.core.SchedulerSignalerImpl
2020-05-24 11:36:51,479 INFO org.quartz.core.QuartzScheduler [main] Quartz Scheduler v.2.3.2 created.
2020-05-24 11:36:51,479 INFO org.quartz.simpl.RAMJobStore [main] RAMJobStore initialized.
2020-05-24 11:36:51,480 INFO org.quartz.core.QuartzScheduler [main] Scheduler meta-data: Quartz Scheduler (v2.3.2) 'quartzScheduler' with instanceId 'NON_CLUSTERED'
  Scheduler class: 'org.quartz.core.QuartzScheduler' - running locally.
  NOT STARTED.
  Currently in standby mode.
  Number of jobs executed: 0
  Using thread pool 'org.quartz.simpl.SimpleThreadPool' - with 10 threads.
  Using job-store 'org.quartz.simpl.RAMJobStore' - which does not support persistence. and is not clustered.

2020-05-24 11:36:51,480 INFO org.quartz.impl.StdSchedulerFactory [main] Quartz scheduler 'quartzScheduler' initialized from an externally provided properties instance.
2020-05-24 11:36:51,480 INFO org.quartz.impl.StdSchedulerFactory [main] Quartz scheduler version: 2.3.2
2020-05-24 11:36:51,480 INFO org.quartz.core.QuartzScheduler [main] JobFactory set to: org.springframework.scheduling.quartz.SpringBeanJobFactory@788a0513
2020-05-24 11:36:51,510 INFO springfox.documentation.spring.web.plugins.DocumentationPluginsBootstrapper [main] Context refreshed
2020-05-24 11:36:51,521 INFO springfox.documentation.spring.web.plugins.DocumentationPluginsBootstrapper [main] Found 1 custom documentation plugin(s)
2020-05-24 11:36:51,552 INFO springfox.documentation.spring.web.scanners.ApiListingReferenceScanner [main] Scanning for api listing references
2020-05-24 11:36:51,639 INFO springfox.documentation.spring.web.readers.operation.CachingOperationNameGenerator [main] Generating unique operation named: deleteProjectUsingDELETE_1
2020-05-24 11:36:51,669 INFO springfox.documentation.spring.web.readers.operation.CachingOperationNameGenerator [main] Generating unique operation named: deleteProjectUsingDELETE_2
2020-05-24 11:36:51,673 INFO springfox.documentation.spring.web.readers.operation.CachingOperationNameGenerator [main] Generating unique operation named: findProjectByIdUsingGET_1
2020-05-24 11:36:51,678 INFO springfox.documentation.spring.web.readers.operation.CachingOperationNameGenerator [main] Generating unique operation named: updateProjectUsingPUT_1
2020-05-24 11:36:51,685 INFO org.springframework.scheduling.quartz.SchedulerFactoryBean [main] Starting Quartz Scheduler now
2020-05-24 11:36:51,685 INFO org.quartz.core.QuartzScheduler [main] Scheduler quartzScheduler_$_NON_CLUSTERED started.
2020-05-24 11:36:51,690 INFO org.apache.juli.logging.DirectJDKLog [main] Starting ProtocolHandler ["http-nio-8080"]
2020-05-24 11:36:51,711 INFO org.springframework.boot.web.embedded.tomcat.TomcatWebServer [main] Tomcat started on port(s): 8080 (http) with context path ''
2020-05-24 11:36:51,712 INFO org.springframework.boot.StartupInfoLogger [main] Started RefpApplication in 4.479 seconds (JVM running for 5.046)
2020-05-24 11:37:08,880 INFO org.apache.juli.logging.DirectJDKLog [http-nio-8080-exec-1] Initializing Spring DispatcherServlet 'dispatcherServlet'
2020-05-24 11:37:08,880 INFO org.springframework.web.servlet.FrameworkServlet [http-nio-8080-exec-1] Initializing Servlet 'dispatcherServlet'
2020-05-24 11:37:08,886 INFO org.springframework.web.servlet.FrameworkServlet [http-nio-8080-exec-1] Completed initialization in 6 ms
2020-05-24 11:56:34,687 INFO org.springframework.boot.admin.SpringApplicationAdminMXBeanRegistrar$SpringApplicationAdmin [RMI TCP Connection(4)-127.0.0.1] Application shutdown requested.
2020-05-24 11:56:34,689 INFO org.quartz.core.QuartzScheduler [RMI TCP Connection(4)-127.0.0.1] Scheduler quartzScheduler_$_NON_CLUSTERED paused.
2020-05-24 11:56:34,689 INFO org.springframework.scheduling.quartz.SchedulerFactoryBean [RMI TCP Connection(4)-127.0.0.1] Shutting down Quartz Scheduler
2020-05-24 11:56:34,689 INFO org.quartz.core.QuartzScheduler [RMI TCP Connection(4)-127.0.0.1] Scheduler quartzScheduler_$_NON_CLUSTERED shutting down.
2020-05-24 11:56:34,690 INFO org.quartz.core.QuartzScheduler [RMI TCP Connection(4)-127.0.0.1] Scheduler quartzScheduler_$_NON_CLUSTERED paused.
2020-05-24 11:56:34,690 INFO org.quartz.core.QuartzScheduler [RMI TCP Connection(4)-127.0.0.1] Scheduler quartzScheduler_$_NON_CLUSTERED shutdown complete.
2020-05-24 11:56:34,690 INFO org.springframework.scheduling.concurrent.ExecutorConfigurationSupport [RMI TCP Connection(4)-127.0.0.1] Shutting down ExecutorService 'applicationTaskExecutor'
2020-05-24 11:56:34,693 INFO org.springframework.orm.jpa.AbstractEntityManagerFactoryBean [RMI TCP Connection(4)-127.0.0.1] Closing JPA EntityManagerFactory for persistence unit 'default'
2020-05-24 11:56:34,694 INFO com.zaxxer.hikari.HikariDataSource [RMI TCP Connection(4)-127.0.0.1] HikariPool-1 - Shutdown initiated...
2020-05-24 11:56:34,696 INFO com.zaxxer.hikari.HikariDataSource [RMI TCP Connection(4)-127.0.0.1] HikariPool-1 - Shutdown completed.
