2020-04-30 22:22:21,581 INFO org.springframework.boot.StartupInfoLogger [main] Starting RefpApplication on DESKTOP-ERNB8HD with PID 3664 (C:\Users\alber\Documents\tcc1\refp-backend\bin\main started by alber in C:\Users\alber\Documents\tcc1\refp-backend)
2020-04-30 22:22:21,583 INFO org.springframework.boot.SpringApplication [main] No active profile set, falling back to default profiles: default
2020-04-30 22:22:22,578 INFO org.springframework.data.repository.config.RepositoryConfigurationDelegate [main] Bootstrapping Spring Data JPA repositories in DEFAULT mode.
2020-04-30 22:22:22,655 INFO org.springframework.data.repository.config.RepositoryConfigurationDelegate [main] Finished Spring Data repository scanning in 70ms. Found 4 JPA repository interfaces.
2020-04-30 22:22:22,863 INFO org.springframework.context.support.PostProcessorRegistrationDelegate$BeanPostProcessorChecker [main] Bean 'org.springframework.transaction.annotation.ProxyTransactionManagementConfiguration' of type [org.springframework.transaction.annotation.ProxyTransactionManagementConfiguration] is not eligible for getting processed by all BeanPostProcessors (for example: not eligible for auto-proxying)
2020-04-30 22:22:23,035 INFO org.springframework.boot.web.embedded.tomcat.TomcatWebServer [main] Tomcat initialized with port(s): 8080 (http)
2020-04-30 22:22:23,044 INFO org.apache.juli.logging.DirectJDKLog [main] Initializing ProtocolHandler ["http-nio-8080"]
2020-04-30 22:22:23,044 INFO org.apache.juli.logging.DirectJDKLog [main] Starting service [Tomcat]
2020-04-30 22:22:23,044 INFO org.apache.juli.logging.DirectJDKLog [main] Starting Servlet engine: [Apache Tomcat/9.0.29]
2020-04-30 22:22:23,168 INFO org.apache.juli.logging.DirectJDKLog [main] Initializing Spring embedded WebApplicationContext
2020-04-30 22:22:23,168 INFO org.springframework.boot.web.servlet.context.ServletWebServerApplicationContext [main] Root WebApplicationContext: initialization completed in 1437 ms
2020-04-30 22:22:23,309 INFO org.hibernate.jpa.internal.util.LogHelper [main] HHH000204: Processing PersistenceUnitInfo [name: default]
2020-04-30 22:22:23,372 INFO org.hibernate.Version [main] HHH000412: Hibernate Core {5.4.9.Final}
2020-04-30 22:22:23,496 INFO org.hibernate.annotations.common.reflection.java.JavaReflectionManager [main] HCANN000001: Hibernate Commons Annotations {5.1.0.Final}
2020-04-30 22:22:23,580 INFO com.zaxxer.hikari.HikariDataSource [main] HikariPool-1 - Starting...
2020-04-30 22:22:23,852 INFO com.zaxxer.hikari.HikariDataSource [main] HikariPool-1 - Start completed.
2020-04-30 22:22:23,867 INFO org.hibernate.dialect.Dialect [main] HHH000400: Using dialect: org.hibernate.dialect.MySQL8Dialect
2020-04-30 22:22:24,617 INFO org.hibernate.engine.transaction.jta.platform.internal.JtaPlatformInitiator [main] HHH000490: Using JtaPlatform implementation: [org.hibernate.engine.transaction.jta.platform.internal.NoJtaPlatform]
2020-04-30 22:22:24,623 INFO org.springframework.orm.jpa.AbstractEntityManagerFactoryBean [main] Initialized JPA EntityManagerFactory for persistence unit 'default'
2020-04-30 22:22:25,137 WARN org.springframework.boot.autoconfigure.orm.jpa.JpaBaseConfiguration$JpaWebConfiguration [main] spring.jpa.open-in-view is enabled by default. Therefore, database queries may be performed during view rendering. Explicitly configure spring.jpa.open-in-view to disable this warning
2020-04-30 22:22:25,267 INFO springfox.documentation.spring.web.PropertySourcedRequestMappingHandlerMapping [main] Mapped URL path [/v2/api-docs] onto method [springfox.documentation.swagger2.web.Swagger2Controller#getDocumentation(String, HttpServletRequest)]
2020-04-30 22:22:25,327 INFO org.springframework.scheduling.concurrent.ExecutorConfigurationSupport [main] Initializing ExecutorService 'applicationTaskExecutor'
2020-04-30 22:22:25,434 INFO org.quartz.impl.StdSchedulerFactory [main] Using default implementation for ThreadExecutor
2020-04-30 22:22:25,441 INFO org.quartz.core.SchedulerSignalerImpl [main] Initialized Scheduler Signaller of type: class org.quartz.core.SchedulerSignalerImpl
2020-04-30 22:22:25,441 INFO org.quartz.core.QuartzScheduler [main] Quartz Scheduler v.2.3.2 created.
2020-04-30 22:22:25,442 INFO org.quartz.simpl.RAMJobStore [main] RAMJobStore initialized.
2020-04-30 22:22:25,442 INFO org.quartz.core.QuartzScheduler [main] Scheduler meta-data: Quartz Scheduler (v2.3.2) 'quartzScheduler' with instanceId 'NON_CLUSTERED'
  Scheduler class: 'org.quartz.core.QuartzScheduler' - running locally.
  NOT STARTED.
  Currently in standby mode.
  Number of jobs executed: 0
  Using thread pool 'org.quartz.simpl.SimpleThreadPool' - with 10 threads.
  Using job-store 'org.quartz.simpl.RAMJobStore' - which does not support persistence. and is not clustered.

2020-04-30 22:22:25,442 INFO org.quartz.impl.StdSchedulerFactory [main] Quartz scheduler 'quartzScheduler' initialized from an externally provided properties instance.
2020-04-30 22:22:25,442 INFO org.quartz.impl.StdSchedulerFactory [main] Quartz scheduler version: 2.3.2
2020-04-30 22:22:25,442 INFO org.quartz.core.QuartzScheduler [main] JobFactory set to: org.springframework.scheduling.quartz.SpringBeanJobFactory@42f9b425
2020-04-30 22:22:25,471 INFO springfox.documentation.spring.web.plugins.DocumentationPluginsBootstrapper [main] Context refreshed
2020-04-30 22:22:25,481 INFO springfox.documentation.spring.web.plugins.DocumentationPluginsBootstrapper [main] Found 1 custom documentation plugin(s)
2020-04-30 22:22:25,511 INFO springfox.documentation.spring.web.scanners.ApiListingReferenceScanner [main] Scanning for api listing references
2020-04-30 22:22:25,601 INFO springfox.documentation.spring.web.readers.operation.CachingOperationNameGenerator [main] Generating unique operation named: deleteProjectUsingDELETE_1
2020-04-30 22:22:25,630 INFO springfox.documentation.spring.web.readers.operation.CachingOperationNameGenerator [main] Generating unique operation named: deleteProjectUsingDELETE_2
2020-04-30 22:22:25,635 INFO springfox.documentation.spring.web.readers.operation.CachingOperationNameGenerator [main] Generating unique operation named: findProjectByIdUsingGET_1
2020-04-30 22:22:25,639 INFO springfox.documentation.spring.web.readers.operation.CachingOperationNameGenerator [main] Generating unique operation named: updateProjectUsingPUT_1
2020-04-30 22:22:25,647 INFO org.springframework.scheduling.quartz.SchedulerFactoryBean [main] Starting Quartz Scheduler now
2020-04-30 22:22:25,648 INFO org.quartz.core.QuartzScheduler [main] Scheduler quartzScheduler_$_NON_CLUSTERED started.
2020-04-30 22:22:25,653 INFO org.apache.juli.logging.DirectJDKLog [main] Starting ProtocolHandler ["http-nio-8080"]
2020-04-30 22:22:25,670 INFO org.springframework.boot.web.embedded.tomcat.TomcatWebServer [main] Tomcat started on port(s): 8080 (http) with context path ''
2020-04-30 22:22:25,672 INFO org.springframework.boot.StartupInfoLogger [main] Started RefpApplication in 4.361 seconds (JVM running for 5.042)
2020-04-30 22:22:38,142 INFO org.apache.juli.logging.DirectJDKLog [http-nio-8080-exec-1] Initializing Spring DispatcherServlet 'dispatcherServlet'
2020-04-30 22:22:38,143 INFO org.springframework.web.servlet.FrameworkServlet [http-nio-8080-exec-1] Initializing Servlet 'dispatcherServlet'
2020-04-30 22:22:38,148 INFO org.springframework.web.servlet.FrameworkServlet [http-nio-8080-exec-1] Completed initialization in 5 ms
2020-04-30 22:23:23,192 INFO org.springframework.boot.admin.SpringApplicationAdminMXBeanRegistrar$SpringApplicationAdmin [RMI TCP Connection(3)-127.0.0.1] Application shutdown requested.
2020-04-30 22:23:23,194 INFO org.quartz.core.QuartzScheduler [RMI TCP Connection(3)-127.0.0.1] Scheduler quartzScheduler_$_NON_CLUSTERED paused.
2020-04-30 22:23:23,194 INFO org.springframework.scheduling.quartz.SchedulerFactoryBean [RMI TCP Connection(3)-127.0.0.1] Shutting down Quartz Scheduler
2020-04-30 22:23:23,194 INFO org.quartz.core.QuartzScheduler [RMI TCP Connection(3)-127.0.0.1] Scheduler quartzScheduler_$_NON_CLUSTERED shutting down.
2020-04-30 22:23:23,195 INFO org.quartz.core.QuartzScheduler [RMI TCP Connection(3)-127.0.0.1] Scheduler quartzScheduler_$_NON_CLUSTERED paused.
2020-04-30 22:23:23,195 INFO org.quartz.core.QuartzScheduler [RMI TCP Connection(3)-127.0.0.1] Scheduler quartzScheduler_$_NON_CLUSTERED shutdown complete.
2020-04-30 22:23:23,195 INFO org.springframework.scheduling.concurrent.ExecutorConfigurationSupport [RMI TCP Connection(3)-127.0.0.1] Shutting down ExecutorService 'applicationTaskExecutor'
2020-04-30 22:23:23,198 INFO org.springframework.orm.jpa.AbstractEntityManagerFactoryBean [RMI TCP Connection(3)-127.0.0.1] Closing JPA EntityManagerFactory for persistence unit 'default'
2020-04-30 22:23:23,200 INFO com.zaxxer.hikari.HikariDataSource [RMI TCP Connection(3)-127.0.0.1] HikariPool-1 - Shutdown initiated...
2020-04-30 22:23:23,208 INFO com.zaxxer.hikari.HikariDataSource [RMI TCP Connection(3)-127.0.0.1] HikariPool-1 - Shutdown completed.
2020-04-30 22:30:41,031 INFO org.springframework.boot.StartupInfoLogger [main] Starting RefpApplication on DESKTOP-ERNB8HD with PID 12548 (C:\Users\alber\Documents\tcc1\refp-backend\bin\main started by alber in C:\Users\alber\Documents\tcc1\refp-backend)
2020-04-30 22:30:41,033 INFO org.springframework.boot.SpringApplication [main] No active profile set, falling back to default profiles: default
2020-04-30 22:30:41,742 INFO org.springframework.data.repository.config.RepositoryConfigurationDelegate [main] Bootstrapping Spring Data JPA repositories in DEFAULT mode.
2020-04-30 22:30:41,811 INFO org.springframework.data.repository.config.RepositoryConfigurationDelegate [main] Finished Spring Data repository scanning in 63ms. Found 4 JPA repository interfaces.
2020-04-30 22:30:41,988 INFO org.springframework.context.support.PostProcessorRegistrationDelegate$BeanPostProcessorChecker [main] Bean 'org.springframework.transaction.annotation.ProxyTransactionManagementConfiguration' of type [org.springframework.transaction.annotation.ProxyTransactionManagementConfiguration] is not eligible for getting processed by all BeanPostProcessors (for example: not eligible for auto-proxying)
2020-04-30 22:30:42,136 INFO org.springframework.boot.web.embedded.tomcat.TomcatWebServer [main] Tomcat initialized with port(s): 8080 (http)
2020-04-30 22:30:42,141 INFO org.apache.juli.logging.DirectJDKLog [main] Initializing ProtocolHandler ["http-nio-8080"]
2020-04-30 22:30:42,142 INFO org.apache.juli.logging.DirectJDKLog [main] Starting service [Tomcat]
2020-04-30 22:30:42,142 INFO org.apache.juli.logging.DirectJDKLog [main] Starting Servlet engine: [Apache Tomcat/9.0.29]
2020-04-30 22:30:42,237 INFO org.apache.juli.logging.DirectJDKLog [main] Initializing Spring embedded WebApplicationContext
2020-04-30 22:30:42,237 INFO org.springframework.boot.web.servlet.context.ServletWebServerApplicationContext [main] Root WebApplicationContext: initialization completed in 1086 ms
2020-04-30 22:30:42,350 INFO org.hibernate.jpa.internal.util.LogHelper [main] HHH000204: Processing PersistenceUnitInfo [name: default]
2020-04-30 22:30:42,388 INFO org.hibernate.Version [main] HHH000412: Hibernate Core {5.4.9.Final}
2020-04-30 22:30:42,461 INFO org.hibernate.annotations.common.reflection.java.JavaReflectionManager [main] HCANN000001: Hibernate Commons Annotations {5.1.0.Final}
2020-04-30 22:30:42,521 INFO com.zaxxer.hikari.HikariDataSource [main] HikariPool-1 - Starting...
2020-04-30 22:30:42,740 INFO com.zaxxer.hikari.HikariDataSource [main] HikariPool-1 - Start completed.
2020-04-30 22:30:42,752 INFO org.hibernate.dialect.Dialect [main] HHH000400: Using dialect: org.hibernate.dialect.MySQL8Dialect
2020-04-30 22:30:43,309 INFO org.hibernate.engine.transaction.jta.platform.internal.JtaPlatformInitiator [main] HHH000490: Using JtaPlatform implementation: [org.hibernate.engine.transaction.jta.platform.internal.NoJtaPlatform]
2020-04-30 22:30:43,314 INFO org.springframework.orm.jpa.AbstractEntityManagerFactoryBean [main] Initialized JPA EntityManagerFactory for persistence unit 'default'
2020-04-30 22:30:43,754 WARN org.springframework.boot.autoconfigure.orm.jpa.JpaBaseConfiguration$JpaWebConfiguration [main] spring.jpa.open-in-view is enabled by default. Therefore, database queries may be performed during view rendering. Explicitly configure spring.jpa.open-in-view to disable this warning
2020-04-30 22:30:43,876 INFO springfox.documentation.spring.web.PropertySourcedRequestMappingHandlerMapping [main] Mapped URL path [/v2/api-docs] onto method [springfox.documentation.swagger2.web.Swagger2Controller#getDocumentation(String, HttpServletRequest)]
2020-04-30 22:30:43,932 INFO org.springframework.scheduling.concurrent.ExecutorConfigurationSupport [main] Initializing ExecutorService 'applicationTaskExecutor'
2020-04-30 22:30:44,022 INFO org.quartz.impl.StdSchedulerFactory [main] Using default implementation for ThreadExecutor
2020-04-30 22:30:44,027 INFO org.quartz.core.SchedulerSignalerImpl [main] Initialized Scheduler Signaller of type: class org.quartz.core.SchedulerSignalerImpl
2020-04-30 22:30:44,027 INFO org.quartz.core.QuartzScheduler [main] Quartz Scheduler v.2.3.2 created.
2020-04-30 22:30:44,028 INFO org.quartz.simpl.RAMJobStore [main] RAMJobStore initialized.
2020-04-30 22:30:44,028 INFO org.quartz.core.QuartzScheduler [main] Scheduler meta-data: Quartz Scheduler (v2.3.2) 'quartzScheduler' with instanceId 'NON_CLUSTERED'
  Scheduler class: 'org.quartz.core.QuartzScheduler' - running locally.
  NOT STARTED.
  Currently in standby mode.
  Number of jobs executed: 0
  Using thread pool 'org.quartz.simpl.SimpleThreadPool' - with 10 threads.
  Using job-store 'org.quartz.simpl.RAMJobStore' - which does not support persistence. and is not clustered.

2020-04-30 22:30:44,028 INFO org.quartz.impl.StdSchedulerFactory [main] Quartz scheduler 'quartzScheduler' initialized from an externally provided properties instance.
2020-04-30 22:30:44,029 INFO org.quartz.impl.StdSchedulerFactory [main] Quartz scheduler version: 2.3.2
2020-04-30 22:30:44,029 INFO org.quartz.core.QuartzScheduler [main] JobFactory set to: org.springframework.scheduling.quartz.SpringBeanJobFactory@46c7c593
2020-04-30 22:30:44,056 INFO springfox.documentation.spring.web.plugins.DocumentationPluginsBootstrapper [main] Context refreshed
2020-04-30 22:30:44,063 INFO springfox.documentation.spring.web.plugins.DocumentationPluginsBootstrapper [main] Found 1 custom documentation plugin(s)
2020-04-30 22:30:44,088 INFO springfox.documentation.spring.web.scanners.ApiListingReferenceScanner [main] Scanning for api listing references
2020-04-30 22:30:44,167 INFO springfox.documentation.spring.web.readers.operation.CachingOperationNameGenerator [main] Generating unique operation named: deleteProjectUsingDELETE_1
2020-04-30 22:30:44,199 INFO springfox.documentation.spring.web.readers.operation.CachingOperationNameGenerator [main] Generating unique operation named: deleteProjectUsingDELETE_2
2020-04-30 22:30:44,203 INFO springfox.documentation.spring.web.readers.operation.CachingOperationNameGenerator [main] Generating unique operation named: findProjectByIdUsingGET_1
2020-04-30 22:30:44,208 INFO springfox.documentation.spring.web.readers.operation.CachingOperationNameGenerator [main] Generating unique operation named: updateProjectUsingPUT_1
2020-04-30 22:30:44,215 INFO org.springframework.scheduling.quartz.SchedulerFactoryBean [main] Starting Quartz Scheduler now
2020-04-30 22:30:44,215 INFO org.quartz.core.QuartzScheduler [main] Scheduler quartzScheduler_$_NON_CLUSTERED started.
2020-04-30 22:30:44,220 INFO org.apache.juli.logging.DirectJDKLog [main] Starting ProtocolHandler ["http-nio-8080"]
2020-04-30 22:30:44,236 INFO org.springframework.boot.web.embedded.tomcat.TomcatWebServer [main] Tomcat started on port(s): 8080 (http) with context path ''
2020-04-30 22:30:44,237 INFO org.springframework.boot.StartupInfoLogger [main] Started RefpApplication in 3.414 seconds (JVM running for 3.978)
2020-04-30 22:30:56,254 INFO org.apache.juli.logging.DirectJDKLog [http-nio-8080-exec-1] Initializing Spring DispatcherServlet 'dispatcherServlet'
2020-04-30 22:30:56,254 INFO org.springframework.web.servlet.FrameworkServlet [http-nio-8080-exec-1] Initializing Servlet 'dispatcherServlet'
2020-04-30 22:30:56,259 INFO org.springframework.web.servlet.FrameworkServlet [http-nio-8080-exec-1] Completed initialization in 4 ms
2020-04-30 22:31:44,987 INFO org.springframework.boot.admin.SpringApplicationAdminMXBeanRegistrar$SpringApplicationAdmin [RMI TCP Connection(3)-127.0.0.1] Application shutdown requested.
2020-04-30 22:31:44,989 INFO org.quartz.core.QuartzScheduler [RMI TCP Connection(3)-127.0.0.1] Scheduler quartzScheduler_$_NON_CLUSTERED paused.
2020-04-30 22:31:44,990 INFO org.springframework.scheduling.quartz.SchedulerFactoryBean [RMI TCP Connection(3)-127.0.0.1] Shutting down Quartz Scheduler
2020-04-30 22:31:44,990 INFO org.quartz.core.QuartzScheduler [RMI TCP Connection(3)-127.0.0.1] Scheduler quartzScheduler_$_NON_CLUSTERED shutting down.
2020-04-30 22:31:44,990 INFO org.quartz.core.QuartzScheduler [RMI TCP Connection(3)-127.0.0.1] Scheduler quartzScheduler_$_NON_CLUSTERED paused.
2020-04-30 22:31:44,990 INFO org.quartz.core.QuartzScheduler [RMI TCP Connection(3)-127.0.0.1] Scheduler quartzScheduler_$_NON_CLUSTERED shutdown complete.
2020-04-30 22:31:44,991 INFO org.springframework.scheduling.concurrent.ExecutorConfigurationSupport [RMI TCP Connection(3)-127.0.0.1] Shutting down ExecutorService 'applicationTaskExecutor'
2020-04-30 22:31:44,993 INFO org.springframework.orm.jpa.AbstractEntityManagerFactoryBean [RMI TCP Connection(3)-127.0.0.1] Closing JPA EntityManagerFactory for persistence unit 'default'
2020-04-30 22:31:44,996 INFO com.zaxxer.hikari.HikariDataSource [RMI TCP Connection(3)-127.0.0.1] HikariPool-1 - Shutdown initiated...
2020-04-30 22:31:45,004 INFO com.zaxxer.hikari.HikariDataSource [RMI TCP Connection(3)-127.0.0.1] HikariPool-1 - Shutdown completed.
2020-04-30 22:33:52,189 INFO org.springframework.boot.StartupInfoLogger [main] Starting RefpApplication on DESKTOP-ERNB8HD with PID 15232 (C:\Users\alber\Documents\tcc1\refp-backend\bin\main started by alber in C:\Users\alber\Documents\tcc1\refp-backend)
2020-04-30 22:33:52,191 INFO org.springframework.boot.SpringApplication [main] No active profile set, falling back to default profiles: default
2020-04-30 22:33:52,869 INFO org.springframework.data.repository.config.RepositoryConfigurationDelegate [main] Bootstrapping Spring Data JPA repositories in DEFAULT mode.
2020-04-30 22:33:52,937 INFO org.springframework.data.repository.config.RepositoryConfigurationDelegate [main] Finished Spring Data repository scanning in 62ms. Found 4 JPA repository interfaces.
2020-04-30 22:33:53,148 INFO org.springframework.context.support.PostProcessorRegistrationDelegate$BeanPostProcessorChecker [main] Bean 'org.springframework.transaction.annotation.ProxyTransactionManagementConfiguration' of type [org.springframework.transaction.annotation.ProxyTransactionManagementConfiguration] is not eligible for getting processed by all BeanPostProcessors (for example: not eligible for auto-proxying)
2020-04-30 22:33:53,291 INFO org.springframework.boot.web.embedded.tomcat.TomcatWebServer [main] Tomcat initialized with port(s): 8080 (http)
2020-04-30 22:33:53,297 INFO org.apache.juli.logging.DirectJDKLog [main] Initializing ProtocolHandler ["http-nio-8080"]
2020-04-30 22:33:53,297 INFO org.apache.juli.logging.DirectJDKLog [main] Starting service [Tomcat]
2020-04-30 22:33:53,297 INFO org.apache.juli.logging.DirectJDKLog [main] Starting Servlet engine: [Apache Tomcat/9.0.29]
2020-04-30 22:33:53,392 INFO org.apache.juli.logging.DirectJDKLog [main] Initializing Spring embedded WebApplicationContext
2020-04-30 22:33:53,392 INFO org.springframework.boot.web.servlet.context.ServletWebServerApplicationContext [main] Root WebApplicationContext: initialization completed in 1086 ms
2020-04-30 22:33:53,506 INFO org.hibernate.jpa.internal.util.LogHelper [main] HHH000204: Processing PersistenceUnitInfo [name: default]
2020-04-30 22:33:53,543 INFO org.hibernate.Version [main] HHH000412: Hibernate Core {5.4.9.Final}
2020-04-30 22:33:53,615 INFO org.hibernate.annotations.common.reflection.java.JavaReflectionManager [main] HCANN000001: Hibernate Commons Annotations {5.1.0.Final}
2020-04-30 22:33:53,672 INFO com.zaxxer.hikari.HikariDataSource [main] HikariPool-1 - Starting...
2020-04-30 22:33:53,902 INFO com.zaxxer.hikari.HikariDataSource [main] HikariPool-1 - Start completed.
2020-04-30 22:33:53,914 INFO org.hibernate.dialect.Dialect [main] HHH000400: Using dialect: org.hibernate.dialect.MySQL8Dialect
2020-04-30 22:33:54,470 INFO org.hibernate.engine.transaction.jta.platform.internal.JtaPlatformInitiator [main] HHH000490: Using JtaPlatform implementation: [org.hibernate.engine.transaction.jta.platform.internal.NoJtaPlatform]
2020-04-30 22:33:54,475 INFO org.springframework.orm.jpa.AbstractEntityManagerFactoryBean [main] Initialized JPA EntityManagerFactory for persistence unit 'default'
2020-04-30 22:33:54,902 WARN org.springframework.boot.autoconfigure.orm.jpa.JpaBaseConfiguration$JpaWebConfiguration [main] spring.jpa.open-in-view is enabled by default. Therefore, database queries may be performed during view rendering. Explicitly configure spring.jpa.open-in-view to disable this warning
2020-04-30 22:33:55,032 INFO springfox.documentation.spring.web.PropertySourcedRequestMappingHandlerMapping [main] Mapped URL path [/v2/api-docs] onto method [springfox.documentation.swagger2.web.Swagger2Controller#getDocumentation(String, HttpServletRequest)]
2020-04-30 22:33:55,077 INFO org.springframework.scheduling.concurrent.ExecutorConfigurationSupport [main] Initializing ExecutorService 'applicationTaskExecutor'
2020-04-30 22:33:55,164 INFO org.quartz.impl.StdSchedulerFactory [main] Using default implementation for ThreadExecutor
2020-04-30 22:33:55,170 INFO org.quartz.core.SchedulerSignalerImpl [main] Initialized Scheduler Signaller of type: class org.quartz.core.SchedulerSignalerImpl
2020-04-30 22:33:55,170 INFO org.quartz.core.QuartzScheduler [main] Quartz Scheduler v.2.3.2 created.
2020-04-30 22:33:55,171 INFO org.quartz.simpl.RAMJobStore [main] RAMJobStore initialized.
2020-04-30 22:33:55,171 INFO org.quartz.core.QuartzScheduler [main] Scheduler meta-data: Quartz Scheduler (v2.3.2) 'quartzScheduler' with instanceId 'NON_CLUSTERED'
  Scheduler class: 'org.quartz.core.QuartzScheduler' - running locally.
  NOT STARTED.
  Currently in standby mode.
  Number of jobs executed: 0
  Using thread pool 'org.quartz.simpl.SimpleThreadPool' - with 10 threads.
  Using job-store 'org.quartz.simpl.RAMJobStore' - which does not support persistence. and is not clustered.

2020-04-30 22:33:55,171 INFO org.quartz.impl.StdSchedulerFactory [main] Quartz scheduler 'quartzScheduler' initialized from an externally provided properties instance.
2020-04-30 22:33:55,171 INFO org.quartz.impl.StdSchedulerFactory [main] Quartz scheduler version: 2.3.2
2020-04-30 22:33:55,171 INFO org.quartz.core.QuartzScheduler [main] JobFactory set to: org.springframework.scheduling.quartz.SpringBeanJobFactory@5add0cc0
2020-04-30 22:33:55,200 INFO springfox.documentation.spring.web.plugins.DocumentationPluginsBootstrapper [main] Context refreshed
2020-04-30 22:33:55,207 INFO springfox.documentation.spring.web.plugins.DocumentationPluginsBootstrapper [main] Found 1 custom documentation plugin(s)
2020-04-30 22:33:55,234 INFO springfox.documentation.spring.web.scanners.ApiListingReferenceScanner [main] Scanning for api listing references
2020-04-30 22:33:55,314 INFO springfox.documentation.spring.web.readers.operation.CachingOperationNameGenerator [main] Generating unique operation named: deleteProjectUsingDELETE_1
2020-04-30 22:33:55,343 INFO springfox.documentation.spring.web.readers.operation.CachingOperationNameGenerator [main] Generating unique operation named: deleteProjectUsingDELETE_2
2020-04-30 22:33:55,348 INFO springfox.documentation.spring.web.readers.operation.CachingOperationNameGenerator [main] Generating unique operation named: findProjectByIdUsingGET_1
2020-04-30 22:33:55,352 INFO springfox.documentation.spring.web.readers.operation.CachingOperationNameGenerator [main] Generating unique operation named: updateProjectUsingPUT_1
2020-04-30 22:33:55,359 INFO org.springframework.scheduling.quartz.SchedulerFactoryBean [main] Starting Quartz Scheduler now
2020-04-30 22:33:55,359 INFO org.quartz.core.QuartzScheduler [main] Scheduler quartzScheduler_$_NON_CLUSTERED started.
2020-04-30 22:33:55,364 INFO org.apache.juli.logging.DirectJDKLog [main] Starting ProtocolHandler ["http-nio-8080"]
2020-04-30 22:33:55,380 INFO org.springframework.boot.web.embedded.tomcat.TomcatWebServer [main] Tomcat started on port(s): 8080 (http) with context path ''
2020-04-30 22:33:55,381 INFO org.springframework.boot.StartupInfoLogger [main] Started RefpApplication in 3.401 seconds (JVM running for 3.965)
2020-04-30 22:34:01,108 INFO org.apache.juli.logging.DirectJDKLog [http-nio-8080-exec-1] Initializing Spring DispatcherServlet 'dispatcherServlet'
2020-04-30 22:34:01,109 INFO org.springframework.web.servlet.FrameworkServlet [http-nio-8080-exec-1] Initializing Servlet 'dispatcherServlet'
2020-04-30 22:34:01,113 INFO org.springframework.web.servlet.FrameworkServlet [http-nio-8080-exec-1] Completed initialization in 4 ms
2020-04-30 22:34:24,331 INFO org.springframework.boot.admin.SpringApplicationAdminMXBeanRegistrar$SpringApplicationAdmin [RMI TCP Connection(3)-127.0.0.1] Application shutdown requested.
2020-04-30 22:34:24,333 INFO org.quartz.core.QuartzScheduler [RMI TCP Connection(3)-127.0.0.1] Scheduler quartzScheduler_$_NON_CLUSTERED paused.
2020-04-30 22:34:24,334 INFO org.springframework.scheduling.quartz.SchedulerFactoryBean [RMI TCP Connection(3)-127.0.0.1] Shutting down Quartz Scheduler
2020-04-30 22:34:24,334 INFO org.quartz.core.QuartzScheduler [RMI TCP Connection(3)-127.0.0.1] Scheduler quartzScheduler_$_NON_CLUSTERED shutting down.
2020-04-30 22:34:24,334 INFO org.quartz.core.QuartzScheduler [RMI TCP Connection(3)-127.0.0.1] Scheduler quartzScheduler_$_NON_CLUSTERED paused.
2020-04-30 22:34:24,335 INFO org.quartz.core.QuartzScheduler [RMI TCP Connection(3)-127.0.0.1] Scheduler quartzScheduler_$_NON_CLUSTERED shutdown complete.
2020-04-30 22:34:24,335 INFO org.springframework.scheduling.concurrent.ExecutorConfigurationSupport [RMI TCP Connection(3)-127.0.0.1] Shutting down ExecutorService 'applicationTaskExecutor'
2020-04-30 22:34:24,337 INFO org.springframework.orm.jpa.AbstractEntityManagerFactoryBean [RMI TCP Connection(3)-127.0.0.1] Closing JPA EntityManagerFactory for persistence unit 'default'
2020-04-30 22:34:24,340 INFO com.zaxxer.hikari.HikariDataSource [RMI TCP Connection(3)-127.0.0.1] HikariPool-1 - Shutdown initiated...
2020-04-30 22:34:24,348 INFO com.zaxxer.hikari.HikariDataSource [RMI TCP Connection(3)-127.0.0.1] HikariPool-1 - Shutdown completed.
2020-04-30 22:34:35,361 INFO org.springframework.boot.StartupInfoLogger [main] Starting RefpApplication on DESKTOP-ERNB8HD with PID 6408 (C:\Users\alber\Documents\tcc1\refp-backend\bin\main started by alber in C:\Users\alber\Documents\tcc1\refp-backend)
2020-04-30 22:34:35,363 INFO org.springframework.boot.SpringApplication [main] No active profile set, falling back to default profiles: default
2020-04-30 22:34:36,063 INFO org.springframework.data.repository.config.RepositoryConfigurationDelegate [main] Bootstrapping Spring Data JPA repositories in DEFAULT mode.
2020-04-30 22:34:36,138 INFO org.springframework.data.repository.config.RepositoryConfigurationDelegate [main] Finished Spring Data repository scanning in 69ms. Found 4 JPA repository interfaces.
2020-04-30 22:34:36,316 INFO org.springframework.context.support.PostProcessorRegistrationDelegate$BeanPostProcessorChecker [main] Bean 'org.springframework.transaction.annotation.ProxyTransactionManagementConfiguration' of type [org.springframework.transaction.annotation.ProxyTransactionManagementConfiguration] is not eligible for getting processed by all BeanPostProcessors (for example: not eligible for auto-proxying)
2020-04-30 22:34:36,461 INFO org.springframework.boot.web.embedded.tomcat.TomcatWebServer [main] Tomcat initialized with port(s): 8080 (http)
2020-04-30 22:34:36,467 INFO org.apache.juli.logging.DirectJDKLog [main] Initializing ProtocolHandler ["http-nio-8080"]
2020-04-30 22:34:36,468 INFO org.apache.juli.logging.DirectJDKLog [main] Starting service [Tomcat]
2020-04-30 22:34:36,468 INFO org.apache.juli.logging.DirectJDKLog [main] Starting Servlet engine: [Apache Tomcat/9.0.29]
2020-04-30 22:34:36,563 INFO org.apache.juli.logging.DirectJDKLog [main] Initializing Spring embedded WebApplicationContext
2020-04-30 22:34:36,563 INFO org.springframework.boot.web.servlet.context.ServletWebServerApplicationContext [main] Root WebApplicationContext: initialization completed in 1083 ms
2020-04-30 22:34:36,677 INFO org.hibernate.jpa.internal.util.LogHelper [main] HHH000204: Processing PersistenceUnitInfo [name: default]
2020-04-30 22:34:36,718 INFO org.hibernate.Version [main] HHH000412: Hibernate Core {5.4.9.Final}
2020-04-30 22:34:36,791 INFO org.hibernate.annotations.common.reflection.java.JavaReflectionManager [main] HCANN000001: Hibernate Commons Annotations {5.1.0.Final}
2020-04-30 22:34:36,849 INFO com.zaxxer.hikari.HikariDataSource [main] HikariPool-1 - Starting...
2020-04-30 22:34:37,082 INFO com.zaxxer.hikari.HikariDataSource [main] HikariPool-1 - Start completed.
2020-04-30 22:34:37,094 INFO org.hibernate.dialect.Dialect [main] HHH000400: Using dialect: org.hibernate.dialect.MySQL8Dialect
2020-04-30 22:34:37,659 INFO org.hibernate.engine.transaction.jta.platform.internal.JtaPlatformInitiator [main] HHH000490: Using JtaPlatform implementation: [org.hibernate.engine.transaction.jta.platform.internal.NoJtaPlatform]
2020-04-30 22:34:37,664 INFO org.springframework.orm.jpa.AbstractEntityManagerFactoryBean [main] Initialized JPA EntityManagerFactory for persistence unit 'default'
2020-04-30 22:34:38,106 WARN org.springframework.boot.autoconfigure.orm.jpa.JpaBaseConfiguration$JpaWebConfiguration [main] spring.jpa.open-in-view is enabled by default. Therefore, database queries may be performed during view rendering. Explicitly configure spring.jpa.open-in-view to disable this warning
2020-04-30 22:34:38,236 INFO springfox.documentation.spring.web.PropertySourcedRequestMappingHandlerMapping [main] Mapped URL path [/v2/api-docs] onto method [springfox.documentation.swagger2.web.Swagger2Controller#getDocumentation(String, HttpServletRequest)]
2020-04-30 22:34:38,279 INFO org.springframework.scheduling.concurrent.ExecutorConfigurationSupport [main] Initializing ExecutorService 'applicationTaskExecutor'
2020-04-30 22:34:38,390 INFO org.quartz.impl.StdSchedulerFactory [main] Using default implementation for ThreadExecutor
2020-04-30 22:34:38,395 INFO org.quartz.core.SchedulerSignalerImpl [main] Initialized Scheduler Signaller of type: class org.quartz.core.SchedulerSignalerImpl
2020-04-30 22:34:38,396 INFO org.quartz.core.QuartzScheduler [main] Quartz Scheduler v.2.3.2 created.
2020-04-30 22:34:38,396 INFO org.quartz.simpl.RAMJobStore [main] RAMJobStore initialized.
2020-04-30 22:34:38,396 INFO org.quartz.core.QuartzScheduler [main] Scheduler meta-data: Quartz Scheduler (v2.3.2) 'quartzScheduler' with instanceId 'NON_CLUSTERED'
  Scheduler class: 'org.quartz.core.QuartzScheduler' - running locally.
  NOT STARTED.
  Currently in standby mode.
  Number of jobs executed: 0
  Using thread pool 'org.quartz.simpl.SimpleThreadPool' - with 10 threads.
  Using job-store 'org.quartz.simpl.RAMJobStore' - which does not support persistence. and is not clustered.

2020-04-30 22:34:38,396 INFO org.quartz.impl.StdSchedulerFactory [main] Quartz scheduler 'quartzScheduler' initialized from an externally provided properties instance.
2020-04-30 22:34:38,397 INFO org.quartz.impl.StdSchedulerFactory [main] Quartz scheduler version: 2.3.2
2020-04-30 22:34:38,397 INFO org.quartz.core.QuartzScheduler [main] JobFactory set to: org.springframework.scheduling.quartz.SpringBeanJobFactory@367e0b0e
2020-04-30 22:34:38,424 INFO springfox.documentation.spring.web.plugins.DocumentationPluginsBootstrapper [main] Context refreshed
2020-04-30 22:34:38,430 INFO springfox.documentation.spring.web.plugins.DocumentationPluginsBootstrapper [main] Found 1 custom documentation plugin(s)
2020-04-30 22:34:38,457 INFO springfox.documentation.spring.web.scanners.ApiListingReferenceScanner [main] Scanning for api listing references
2020-04-30 22:34:38,536 INFO springfox.documentation.spring.web.readers.operation.CachingOperationNameGenerator [main] Generating unique operation named: deleteProjectUsingDELETE_1
2020-04-30 22:34:38,567 INFO springfox.documentation.spring.web.readers.operation.CachingOperationNameGenerator [main] Generating unique operation named: deleteProjectUsingDELETE_2
2020-04-30 22:34:38,572 INFO springfox.documentation.spring.web.readers.operation.CachingOperationNameGenerator [main] Generating unique operation named: findProjectByIdUsingGET_1
2020-04-30 22:34:38,578 INFO springfox.documentation.spring.web.readers.operation.CachingOperationNameGenerator [main] Generating unique operation named: updateProjectUsingPUT_1
2020-04-30 22:34:38,585 INFO org.springframework.scheduling.quartz.SchedulerFactoryBean [main] Starting Quartz Scheduler now
2020-04-30 22:34:38,585 INFO org.quartz.core.QuartzScheduler [main] Scheduler quartzScheduler_$_NON_CLUSTERED started.
2020-04-30 22:34:38,591 INFO org.apache.juli.logging.DirectJDKLog [main] Starting ProtocolHandler ["http-nio-8080"]
2020-04-30 22:34:38,607 INFO org.springframework.boot.web.embedded.tomcat.TomcatWebServer [main] Tomcat started on port(s): 8080 (http) with context path ''
2020-04-30 22:34:38,609 INFO org.springframework.boot.StartupInfoLogger [main] Started RefpApplication in 3.457 seconds (JVM running for 4.042)
2020-04-30 22:34:43,551 INFO org.apache.juli.logging.DirectJDKLog [http-nio-8080-exec-1] Initializing Spring DispatcherServlet 'dispatcherServlet'
2020-04-30 22:34:43,551 INFO org.springframework.web.servlet.FrameworkServlet [http-nio-8080-exec-1] Initializing Servlet 'dispatcherServlet'
2020-04-30 22:34:43,556 INFO org.springframework.web.servlet.FrameworkServlet [http-nio-8080-exec-1] Completed initialization in 5 ms
2020-04-30 22:36:08,756 INFO org.springframework.boot.admin.SpringApplicationAdminMXBeanRegistrar$SpringApplicationAdmin [RMI TCP Connection(3)-127.0.0.1] Application shutdown requested.
2020-04-30 22:36:08,758 INFO org.quartz.core.QuartzScheduler [RMI TCP Connection(3)-127.0.0.1] Scheduler quartzScheduler_$_NON_CLUSTERED paused.
2020-04-30 22:36:08,758 INFO org.springframework.scheduling.quartz.SchedulerFactoryBean [RMI TCP Connection(3)-127.0.0.1] Shutting down Quartz Scheduler
2020-04-30 22:36:08,759 INFO org.quartz.core.QuartzScheduler [RMI TCP Connection(3)-127.0.0.1] Scheduler quartzScheduler_$_NON_CLUSTERED shutting down.
2020-04-30 22:36:08,759 INFO org.quartz.core.QuartzScheduler [RMI TCP Connection(3)-127.0.0.1] Scheduler quartzScheduler_$_NON_CLUSTERED paused.
2020-04-30 22:36:08,759 INFO org.quartz.core.QuartzScheduler [RMI TCP Connection(3)-127.0.0.1] Scheduler quartzScheduler_$_NON_CLUSTERED shutdown complete.
2020-04-30 22:36:08,759 INFO org.springframework.scheduling.concurrent.ExecutorConfigurationSupport [RMI TCP Connection(3)-127.0.0.1] Shutting down ExecutorService 'applicationTaskExecutor'
2020-04-30 22:36:08,762 INFO org.springframework.orm.jpa.AbstractEntityManagerFactoryBean [RMI TCP Connection(3)-127.0.0.1] Closing JPA EntityManagerFactory for persistence unit 'default'
2020-04-30 22:36:08,764 INFO com.zaxxer.hikari.HikariDataSource [RMI TCP Connection(3)-127.0.0.1] HikariPool-1 - Shutdown initiated...
2020-04-30 22:36:08,771 INFO com.zaxxer.hikari.HikariDataSource [RMI TCP Connection(3)-127.0.0.1] HikariPool-1 - Shutdown completed.
2020-04-30 22:36:34,991 INFO org.springframework.boot.StartupInfoLogger [main] Starting RefpApplication on DESKTOP-ERNB8HD with PID 3940 (C:\Users\alber\Documents\tcc1\refp-backend\bin\main started by alber in C:\Users\alber\Documents\tcc1\refp-backend)
2020-04-30 22:36:34,992 INFO org.springframework.boot.SpringApplication [main] No active profile set, falling back to default profiles: default
2020-04-30 22:36:35,667 INFO org.springframework.data.repository.config.RepositoryConfigurationDelegate [main] Bootstrapping Spring Data JPA repositories in DEFAULT mode.
2020-04-30 22:36:35,734 INFO org.springframework.data.repository.config.RepositoryConfigurationDelegate [main] Finished Spring Data repository scanning in 63ms. Found 4 JPA repository interfaces.
2020-04-30 22:36:35,918 INFO org.springframework.context.support.PostProcessorRegistrationDelegate$BeanPostProcessorChecker [main] Bean 'org.springframework.transaction.annotation.ProxyTransactionManagementConfiguration' of type [org.springframework.transaction.annotation.ProxyTransactionManagementConfiguration] is not eligible for getting processed by all BeanPostProcessors (for example: not eligible for auto-proxying)
2020-04-30 22:36:36,065 INFO org.springframework.boot.web.embedded.tomcat.TomcatWebServer [main] Tomcat initialized with port(s): 8080 (http)
2020-04-30 22:36:36,071 INFO org.apache.juli.logging.DirectJDKLog [main] Initializing ProtocolHandler ["http-nio-8080"]
2020-04-30 22:36:36,071 INFO org.apache.juli.logging.DirectJDKLog [main] Starting service [Tomcat]
2020-04-30 22:36:36,071 INFO org.apache.juli.logging.DirectJDKLog [main] Starting Servlet engine: [Apache Tomcat/9.0.29]
2020-04-30 22:36:36,166 INFO org.apache.juli.logging.DirectJDKLog [main] Initializing Spring embedded WebApplicationContext
2020-04-30 22:36:36,166 INFO org.springframework.boot.web.servlet.context.ServletWebServerApplicationContext [main] Root WebApplicationContext: initialization completed in 1056 ms
2020-04-30 22:36:36,281 INFO org.hibernate.jpa.internal.util.LogHelper [main] HHH000204: Processing PersistenceUnitInfo [name: default]
2020-04-30 22:36:36,318 INFO org.hibernate.Version [main] HHH000412: Hibernate Core {5.4.9.Final}
2020-04-30 22:36:36,388 INFO org.hibernate.annotations.common.reflection.java.JavaReflectionManager [main] HCANN000001: Hibernate Commons Annotations {5.1.0.Final}
2020-04-30 22:36:36,443 INFO com.zaxxer.hikari.HikariDataSource [main] HikariPool-1 - Starting...
2020-04-30 22:36:36,665 INFO com.zaxxer.hikari.HikariDataSource [main] HikariPool-1 - Start completed.
2020-04-30 22:36:36,678 INFO org.hibernate.dialect.Dialect [main] HHH000400: Using dialect: org.hibernate.dialect.MySQL8Dialect
2020-04-30 22:36:37,229 INFO org.hibernate.engine.transaction.jta.platform.internal.JtaPlatformInitiator [main] HHH000490: Using JtaPlatform implementation: [org.hibernate.engine.transaction.jta.platform.internal.NoJtaPlatform]
2020-04-30 22:36:37,234 INFO org.springframework.orm.jpa.AbstractEntityManagerFactoryBean [main] Initialized JPA EntityManagerFactory for persistence unit 'default'
2020-04-30 22:36:37,665 WARN org.springframework.boot.autoconfigure.orm.jpa.JpaBaseConfiguration$JpaWebConfiguration [main] spring.jpa.open-in-view is enabled by default. Therefore, database queries may be performed during view rendering. Explicitly configure spring.jpa.open-in-view to disable this warning
2020-04-30 22:36:37,794 INFO springfox.documentation.spring.web.PropertySourcedRequestMappingHandlerMapping [main] Mapped URL path [/v2/api-docs] onto method [springfox.documentation.swagger2.web.Swagger2Controller#getDocumentation(String, HttpServletRequest)]
2020-04-30 22:36:37,836 INFO org.springframework.scheduling.concurrent.ExecutorConfigurationSupport [main] Initializing ExecutorService 'applicationTaskExecutor'
2020-04-30 22:36:37,947 INFO org.quartz.impl.StdSchedulerFactory [main] Using default implementation for ThreadExecutor
2020-04-30 22:36:37,953 INFO org.quartz.core.SchedulerSignalerImpl [main] Initialized Scheduler Signaller of type: class org.quartz.core.SchedulerSignalerImpl
2020-04-30 22:36:37,953 INFO org.quartz.core.QuartzScheduler [main] Quartz Scheduler v.2.3.2 created.
2020-04-30 22:36:37,954 INFO org.quartz.simpl.RAMJobStore [main] RAMJobStore initialized.
2020-04-30 22:36:37,954 INFO org.quartz.core.QuartzScheduler [main] Scheduler meta-data: Quartz Scheduler (v2.3.2) 'quartzScheduler' with instanceId 'NON_CLUSTERED'
  Scheduler class: 'org.quartz.core.QuartzScheduler' - running locally.
  NOT STARTED.
  Currently in standby mode.
  Number of jobs executed: 0
  Using thread pool 'org.quartz.simpl.SimpleThreadPool' - with 10 threads.
  Using job-store 'org.quartz.simpl.RAMJobStore' - which does not support persistence. and is not clustered.

2020-04-30 22:36:37,954 INFO org.quartz.impl.StdSchedulerFactory [main] Quartz scheduler 'quartzScheduler' initialized from an externally provided properties instance.
2020-04-30 22:36:37,954 INFO org.quartz.impl.StdSchedulerFactory [main] Quartz scheduler version: 2.3.2
2020-04-30 22:36:37,955 INFO org.quartz.core.QuartzScheduler [main] JobFactory set to: org.springframework.scheduling.quartz.SpringBeanJobFactory@88fe9a8
2020-04-30 22:36:37,982 INFO springfox.documentation.spring.web.plugins.DocumentationPluginsBootstrapper [main] Context refreshed
2020-04-30 22:36:37,989 INFO springfox.documentation.spring.web.plugins.DocumentationPluginsBootstrapper [main] Found 1 custom documentation plugin(s)
2020-04-30 22:36:38,015 INFO springfox.documentation.spring.web.scanners.ApiListingReferenceScanner [main] Scanning for api listing references
2020-04-30 22:36:38,093 INFO springfox.documentation.spring.web.readers.operation.CachingOperationNameGenerator [main] Generating unique operation named: deleteProjectUsingDELETE_1
2020-04-30 22:36:38,124 INFO springfox.documentation.spring.web.readers.operation.CachingOperationNameGenerator [main] Generating unique operation named: deleteProjectUsingDELETE_2
2020-04-30 22:36:38,129 INFO springfox.documentation.spring.web.readers.operation.CachingOperationNameGenerator [main] Generating unique operation named: findProjectByIdUsingGET_1
2020-04-30 22:36:38,133 INFO springfox.documentation.spring.web.readers.operation.CachingOperationNameGenerator [main] Generating unique operation named: updateProjectUsingPUT_1
2020-04-30 22:36:38,140 INFO org.springframework.scheduling.quartz.SchedulerFactoryBean [main] Starting Quartz Scheduler now
2020-04-30 22:36:38,140 INFO org.quartz.core.QuartzScheduler [main] Scheduler quartzScheduler_$_NON_CLUSTERED started.
2020-04-30 22:36:38,146 INFO org.apache.juli.logging.DirectJDKLog [main] Starting ProtocolHandler ["http-nio-8080"]
2020-04-30 22:36:38,162 INFO org.springframework.boot.web.embedded.tomcat.TomcatWebServer [main] Tomcat started on port(s): 8080 (http) with context path ''
2020-04-30 22:36:38,164 INFO org.springframework.boot.StartupInfoLogger [main] Started RefpApplication in 3.378 seconds (JVM running for 3.939)
2020-04-30 22:36:42,398 INFO org.apache.juli.logging.DirectJDKLog [http-nio-8080-exec-1] Initializing Spring DispatcherServlet 'dispatcherServlet'
2020-04-30 22:36:42,399 INFO org.springframework.web.servlet.FrameworkServlet [http-nio-8080-exec-1] Initializing Servlet 'dispatcherServlet'
2020-04-30 22:36:42,403 INFO org.springframework.web.servlet.FrameworkServlet [http-nio-8080-exec-1] Completed initialization in 4 ms
2020-04-30 22:37:09,948 INFO org.springframework.boot.admin.SpringApplicationAdminMXBeanRegistrar$SpringApplicationAdmin [RMI TCP Connection(3)-127.0.0.1] Application shutdown requested.
2020-04-30 22:37:09,949 INFO org.quartz.core.QuartzScheduler [RMI TCP Connection(3)-127.0.0.1] Scheduler quartzScheduler_$_NON_CLUSTERED paused.
2020-04-30 22:37:09,950 INFO org.springframework.scheduling.quartz.SchedulerFactoryBean [RMI TCP Connection(3)-127.0.0.1] Shutting down Quartz Scheduler
2020-04-30 22:37:09,950 INFO org.quartz.core.QuartzScheduler [RMI TCP Connection(3)-127.0.0.1] Scheduler quartzScheduler_$_NON_CLUSTERED shutting down.
2020-04-30 22:37:09,950 INFO org.quartz.core.QuartzScheduler [RMI TCP Connection(3)-127.0.0.1] Scheduler quartzScheduler_$_NON_CLUSTERED paused.
2020-04-30 22:37:09,950 INFO org.quartz.core.QuartzScheduler [RMI TCP Connection(3)-127.0.0.1] Scheduler quartzScheduler_$_NON_CLUSTERED shutdown complete.
2020-04-30 22:37:09,951 INFO org.springframework.scheduling.concurrent.ExecutorConfigurationSupport [RMI TCP Connection(3)-127.0.0.1] Shutting down ExecutorService 'applicationTaskExecutor'
2020-04-30 22:37:09,953 INFO org.springframework.orm.jpa.AbstractEntityManagerFactoryBean [RMI TCP Connection(3)-127.0.0.1] Closing JPA EntityManagerFactory for persistence unit 'default'
2020-04-30 22:37:09,955 INFO com.zaxxer.hikari.HikariDataSource [RMI TCP Connection(3)-127.0.0.1] HikariPool-1 - Shutdown initiated...
2020-04-30 22:37:09,963 INFO com.zaxxer.hikari.HikariDataSource [RMI TCP Connection(3)-127.0.0.1] HikariPool-1 - Shutdown completed.
2020-04-30 22:37:23,664 INFO org.springframework.boot.StartupInfoLogger [main] Starting RefpApplication on DESKTOP-ERNB8HD with PID 3132 (C:\Users\alber\Documents\tcc1\refp-backend\bin\main started by alber in C:\Users\alber\Documents\tcc1\refp-backend)
2020-04-30 22:37:23,666 INFO org.springframework.boot.SpringApplication [main] No active profile set, falling back to default profiles: default
2020-04-30 22:37:24,358 INFO org.springframework.data.repository.config.RepositoryConfigurationDelegate [main] Bootstrapping Spring Data JPA repositories in DEFAULT mode.
2020-04-30 22:37:24,428 INFO org.springframework.data.repository.config.RepositoryConfigurationDelegate [main] Finished Spring Data repository scanning in 65ms. Found 4 JPA repository interfaces.
2020-04-30 22:37:24,604 INFO org.springframework.context.support.PostProcessorRegistrationDelegate$BeanPostProcessorChecker [main] Bean 'org.springframework.transaction.annotation.ProxyTransactionManagementConfiguration' of type [org.springframework.transaction.annotation.ProxyTransactionManagementConfiguration] is not eligible for getting processed by all BeanPostProcessors (for example: not eligible for auto-proxying)
2020-04-30 22:37:24,747 INFO org.springframework.boot.web.embedded.tomcat.TomcatWebServer [main] Tomcat initialized with port(s): 8080 (http)
2020-04-30 22:37:24,753 INFO org.apache.juli.logging.DirectJDKLog [main] Initializing ProtocolHandler ["http-nio-8080"]
2020-04-30 22:37:24,753 INFO org.apache.juli.logging.DirectJDKLog [main] Starting service [Tomcat]
2020-04-30 22:37:24,754 INFO org.apache.juli.logging.DirectJDKLog [main] Starting Servlet engine: [Apache Tomcat/9.0.29]
2020-04-30 22:37:24,848 INFO org.apache.juli.logging.DirectJDKLog [main] Initializing Spring embedded WebApplicationContext
2020-04-30 22:37:24,848 INFO org.springframework.boot.web.servlet.context.ServletWebServerApplicationContext [main] Root WebApplicationContext: initialization completed in 1068 ms
2020-04-30 22:37:24,960 INFO org.hibernate.jpa.internal.util.LogHelper [main] HHH000204: Processing PersistenceUnitInfo [name: default]
2020-04-30 22:37:25,000 INFO org.hibernate.Version [main] HHH000412: Hibernate Core {5.4.9.Final}
2020-04-30 22:37:25,072 INFO org.hibernate.annotations.common.reflection.java.JavaReflectionManager [main] HCANN000001: Hibernate Commons Annotations {5.1.0.Final}
2020-04-30 22:37:25,131 INFO com.zaxxer.hikari.HikariDataSource [main] HikariPool-1 - Starting...
2020-04-30 22:37:25,366 INFO com.zaxxer.hikari.HikariDataSource [main] HikariPool-1 - Start completed.
2020-04-30 22:37:25,379 INFO org.hibernate.dialect.Dialect [main] HHH000400: Using dialect: org.hibernate.dialect.MySQL8Dialect
2020-04-30 22:37:25,928 INFO org.hibernate.engine.transaction.jta.platform.internal.JtaPlatformInitiator [main] HHH000490: Using JtaPlatform implementation: [org.hibernate.engine.transaction.jta.platform.internal.NoJtaPlatform]
2020-04-30 22:37:25,933 INFO org.springframework.orm.jpa.AbstractEntityManagerFactoryBean [main] Initialized JPA EntityManagerFactory for persistence unit 'default'
2020-04-30 22:37:26,360 WARN org.springframework.boot.autoconfigure.orm.jpa.JpaBaseConfiguration$JpaWebConfiguration [main] spring.jpa.open-in-view is enabled by default. Therefore, database queries may be performed during view rendering. Explicitly configure spring.jpa.open-in-view to disable this warning
2020-04-30 22:37:26,496 INFO springfox.documentation.spring.web.PropertySourcedRequestMappingHandlerMapping [main] Mapped URL path [/v2/api-docs] onto method [springfox.documentation.swagger2.web.Swagger2Controller#getDocumentation(String, HttpServletRequest)]
2020-04-30 22:37:26,539 INFO org.springframework.scheduling.concurrent.ExecutorConfigurationSupport [main] Initializing ExecutorService 'applicationTaskExecutor'
2020-04-30 22:37:26,627 INFO org.quartz.impl.StdSchedulerFactory [main] Using default implementation for ThreadExecutor
2020-04-30 22:37:26,633 INFO org.quartz.core.SchedulerSignalerImpl [main] Initialized Scheduler Signaller of type: class org.quartz.core.SchedulerSignalerImpl
2020-04-30 22:37:26,633 INFO org.quartz.core.QuartzScheduler [main] Quartz Scheduler v.2.3.2 created.
2020-04-30 22:37:26,634 INFO org.quartz.simpl.RAMJobStore [main] RAMJobStore initialized.
2020-04-30 22:37:26,634 INFO org.quartz.core.QuartzScheduler [main] Scheduler meta-data: Quartz Scheduler (v2.3.2) 'quartzScheduler' with instanceId 'NON_CLUSTERED'
  Scheduler class: 'org.quartz.core.QuartzScheduler' - running locally.
  NOT STARTED.
  Currently in standby mode.
  Number of jobs executed: 0
  Using thread pool 'org.quartz.simpl.SimpleThreadPool' - with 10 threads.
  Using job-store 'org.quartz.simpl.RAMJobStore' - which does not support persistence. and is not clustered.

2020-04-30 22:37:26,634 INFO org.quartz.impl.StdSchedulerFactory [main] Quartz scheduler 'quartzScheduler' initialized from an externally provided properties instance.
2020-04-30 22:37:26,634 INFO org.quartz.impl.StdSchedulerFactory [main] Quartz scheduler version: 2.3.2
2020-04-30 22:37:26,635 INFO org.quartz.core.QuartzScheduler [main] JobFactory set to: org.springframework.scheduling.quartz.SpringBeanJobFactory@4f5d587c
2020-04-30 22:37:26,661 INFO springfox.documentation.spring.web.plugins.DocumentationPluginsBootstrapper [main] Context refreshed
2020-04-30 22:37:26,667 INFO springfox.documentation.spring.web.plugins.DocumentationPluginsBootstrapper [main] Found 1 custom documentation plugin(s)
2020-04-30 22:37:26,693 INFO springfox.documentation.spring.web.scanners.ApiListingReferenceScanner [main] Scanning for api listing references
2020-04-30 22:37:26,768 INFO springfox.documentation.spring.web.readers.operation.CachingOperationNameGenerator [main] Generating unique operation named: deleteProjectUsingDELETE_1
2020-04-30 22:37:26,799 INFO springfox.documentation.spring.web.readers.operation.CachingOperationNameGenerator [main] Generating unique operation named: deleteProjectUsingDELETE_2
2020-04-30 22:37:26,803 INFO springfox.documentation.spring.web.readers.operation.CachingOperationNameGenerator [main] Generating unique operation named: findProjectByIdUsingGET_1
2020-04-30 22:37:26,808 INFO springfox.documentation.spring.web.readers.operation.CachingOperationNameGenerator [main] Generating unique operation named: updateProjectUsingPUT_1
2020-04-30 22:37:26,815 INFO org.springframework.scheduling.quartz.SchedulerFactoryBean [main] Starting Quartz Scheduler now
2020-04-30 22:37:26,815 INFO org.quartz.core.QuartzScheduler [main] Scheduler quartzScheduler_$_NON_CLUSTERED started.
2020-04-30 22:37:26,821 INFO org.apache.juli.logging.DirectJDKLog [main] Starting ProtocolHandler ["http-nio-8080"]
2020-04-30 22:37:26,836 INFO org.springframework.boot.web.embedded.tomcat.TomcatWebServer [main] Tomcat started on port(s): 8080 (http) with context path ''
2020-04-30 22:37:26,837 INFO org.springframework.boot.StartupInfoLogger [main] Started RefpApplication in 3.38 seconds (JVM running for 3.937)
2020-04-30 22:37:30,503 INFO org.apache.juli.logging.DirectJDKLog [http-nio-8080-exec-1] Initializing Spring DispatcherServlet 'dispatcherServlet'
2020-04-30 22:37:30,504 INFO org.springframework.web.servlet.FrameworkServlet [http-nio-8080-exec-1] Initializing Servlet 'dispatcherServlet'
2020-04-30 22:37:30,509 INFO org.springframework.web.servlet.FrameworkServlet [http-nio-8080-exec-1] Completed initialization in 5 ms
2020-04-30 22:37:52,460 INFO org.springframework.boot.admin.SpringApplicationAdminMXBeanRegistrar$SpringApplicationAdmin [RMI TCP Connection(3)-127.0.0.1] Application shutdown requested.
2020-04-30 22:37:52,462 INFO org.quartz.core.QuartzScheduler [RMI TCP Connection(3)-127.0.0.1] Scheduler quartzScheduler_$_NON_CLUSTERED paused.
2020-04-30 22:37:52,462 INFO org.springframework.scheduling.quartz.SchedulerFactoryBean [RMI TCP Connection(3)-127.0.0.1] Shutting down Quartz Scheduler
2020-04-30 22:37:52,463 INFO org.quartz.core.QuartzScheduler [RMI TCP Connection(3)-127.0.0.1] Scheduler quartzScheduler_$_NON_CLUSTERED shutting down.
2020-04-30 22:37:52,463 INFO org.quartz.core.QuartzScheduler [RMI TCP Connection(3)-127.0.0.1] Scheduler quartzScheduler_$_NON_CLUSTERED paused.
2020-04-30 22:37:52,463 INFO org.quartz.core.QuartzScheduler [RMI TCP Connection(3)-127.0.0.1] Scheduler quartzScheduler_$_NON_CLUSTERED shutdown complete.
2020-04-30 22:37:52,463 INFO org.springframework.scheduling.concurrent.ExecutorConfigurationSupport [RMI TCP Connection(3)-127.0.0.1] Shutting down ExecutorService 'applicationTaskExecutor'
2020-04-30 22:37:52,466 INFO org.springframework.orm.jpa.AbstractEntityManagerFactoryBean [RMI TCP Connection(3)-127.0.0.1] Closing JPA EntityManagerFactory for persistence unit 'default'
2020-04-30 22:37:52,468 INFO com.zaxxer.hikari.HikariDataSource [RMI TCP Connection(3)-127.0.0.1] HikariPool-1 - Shutdown initiated...
2020-04-30 22:37:52,476 INFO com.zaxxer.hikari.HikariDataSource [RMI TCP Connection(3)-127.0.0.1] HikariPool-1 - Shutdown completed.
2020-04-30 22:38:21,346 INFO org.springframework.boot.StartupInfoLogger [main] Starting RefpApplication on DESKTOP-ERNB8HD with PID 13448 (C:\Users\alber\Documents\tcc1\refp-backend\bin\main started by alber in C:\Users\alber\Documents\tcc1\refp-backend)
2020-04-30 22:38:21,348 INFO org.springframework.boot.SpringApplication [main] No active profile set, falling back to default profiles: default
2020-04-30 22:38:22,043 INFO org.springframework.data.repository.config.RepositoryConfigurationDelegate [main] Bootstrapping Spring Data JPA repositories in DEFAULT mode.
2020-04-30 22:38:22,113 INFO org.springframework.data.repository.config.RepositoryConfigurationDelegate [main] Finished Spring Data repository scanning in 65ms. Found 4 JPA repository interfaces.
2020-04-30 22:38:22,314 INFO org.springframework.context.support.PostProcessorRegistrationDelegate$BeanPostProcessorChecker [main] Bean 'org.springframework.transaction.annotation.ProxyTransactionManagementConfiguration' of type [org.springframework.transaction.annotation.ProxyTransactionManagementConfiguration] is not eligible for getting processed by all BeanPostProcessors (for example: not eligible for auto-proxying)
2020-04-30 22:38:22,478 INFO org.springframework.boot.web.embedded.tomcat.TomcatWebServer [main] Tomcat initialized with port(s): 8080 (http)
2020-04-30 22:38:22,484 INFO org.apache.juli.logging.DirectJDKLog [main] Initializing ProtocolHandler ["http-nio-8080"]
2020-04-30 22:38:22,485 INFO org.apache.juli.logging.DirectJDKLog [main] Starting service [Tomcat]
2020-04-30 22:38:22,485 INFO org.apache.juli.logging.DirectJDKLog [main] Starting Servlet engine: [Apache Tomcat/9.0.29]
2020-04-30 22:38:22,584 INFO org.apache.juli.logging.DirectJDKLog [main] Initializing Spring embedded WebApplicationContext
2020-04-30 22:38:22,584 INFO org.springframework.boot.web.servlet.context.ServletWebServerApplicationContext [main] Root WebApplicationContext: initialization completed in 1120 ms
2020-04-30 22:38:22,698 INFO org.hibernate.jpa.internal.util.LogHelper [main] HHH000204: Processing PersistenceUnitInfo [name: default]
2020-04-30 22:38:22,737 INFO org.hibernate.Version [main] HHH000412: Hibernate Core {5.4.9.Final}
2020-04-30 22:38:22,813 INFO org.hibernate.annotations.common.reflection.java.JavaReflectionManager [main] HCANN000001: Hibernate Commons Annotations {5.1.0.Final}
2020-04-30 22:38:22,870 INFO com.zaxxer.hikari.HikariDataSource [main] HikariPool-1 - Starting...
2020-04-30 22:38:23,105 INFO com.zaxxer.hikari.HikariDataSource [main] HikariPool-1 - Start completed.
2020-04-30 22:38:23,118 INFO org.hibernate.dialect.Dialect [main] HHH000400: Using dialect: org.hibernate.dialect.MySQL8Dialect
2020-04-30 22:38:23,688 INFO org.hibernate.engine.transaction.jta.platform.internal.JtaPlatformInitiator [main] HHH000490: Using JtaPlatform implementation: [org.hibernate.engine.transaction.jta.platform.internal.NoJtaPlatform]
2020-04-30 22:38:23,693 INFO org.springframework.orm.jpa.AbstractEntityManagerFactoryBean [main] Initialized JPA EntityManagerFactory for persistence unit 'default'
2020-04-30 22:38:24,134 WARN org.springframework.boot.autoconfigure.orm.jpa.JpaBaseConfiguration$JpaWebConfiguration [main] spring.jpa.open-in-view is enabled by default. Therefore, database queries may be performed during view rendering. Explicitly configure spring.jpa.open-in-view to disable this warning
2020-04-30 22:38:24,266 INFO springfox.documentation.spring.web.PropertySourcedRequestMappingHandlerMapping [main] Mapped URL path [/v2/api-docs] onto method [springfox.documentation.swagger2.web.Swagger2Controller#getDocumentation(String, HttpServletRequest)]
2020-04-30 22:38:24,331 INFO org.springframework.scheduling.concurrent.ExecutorConfigurationSupport [main] Initializing ExecutorService 'applicationTaskExecutor'
2020-04-30 22:38:24,425 INFO org.quartz.impl.StdSchedulerFactory [main] Using default implementation for ThreadExecutor
2020-04-30 22:38:24,431 INFO org.quartz.core.SchedulerSignalerImpl [main] Initialized Scheduler Signaller of type: class org.quartz.core.SchedulerSignalerImpl
2020-04-30 22:38:24,432 INFO org.quartz.core.QuartzScheduler [main] Quartz Scheduler v.2.3.2 created.
2020-04-30 22:38:24,432 INFO org.quartz.simpl.RAMJobStore [main] RAMJobStore initialized.
2020-04-30 22:38:24,432 INFO org.quartz.core.QuartzScheduler [main] Scheduler meta-data: Quartz Scheduler (v2.3.2) 'quartzScheduler' with instanceId 'NON_CLUSTERED'
  Scheduler class: 'org.quartz.core.QuartzScheduler' - running locally.
  NOT STARTED.
  Currently in standby mode.
  Number of jobs executed: 0
  Using thread pool 'org.quartz.simpl.SimpleThreadPool' - with 10 threads.
  Using job-store 'org.quartz.simpl.RAMJobStore' - which does not support persistence. and is not clustered.

2020-04-30 22:38:24,432 INFO org.quartz.impl.StdSchedulerFactory [main] Quartz scheduler 'quartzScheduler' initialized from an externally provided properties instance.
2020-04-30 22:38:24,432 INFO org.quartz.impl.StdSchedulerFactory [main] Quartz scheduler version: 2.3.2
2020-04-30 22:38:24,433 INFO org.quartz.core.QuartzScheduler [main] JobFactory set to: org.springframework.scheduling.quartz.SpringBeanJobFactory@3a33d655
2020-04-30 22:38:24,462 INFO springfox.documentation.spring.web.plugins.DocumentationPluginsBootstrapper [main] Context refreshed
2020-04-30 22:38:24,469 INFO springfox.documentation.spring.web.plugins.DocumentationPluginsBootstrapper [main] Found 1 custom documentation plugin(s)
2020-04-30 22:38:24,496 INFO springfox.documentation.spring.web.scanners.ApiListingReferenceScanner [main] Scanning for api listing references
2020-04-30 22:38:24,576 INFO springfox.documentation.spring.web.readers.operation.CachingOperationNameGenerator [main] Generating unique operation named: deleteProjectUsingDELETE_1
2020-04-30 22:38:24,606 INFO springfox.documentation.spring.web.readers.operation.CachingOperationNameGenerator [main] Generating unique operation named: deleteProjectUsingDELETE_2
2020-04-30 22:38:24,610 INFO springfox.documentation.spring.web.readers.operation.CachingOperationNameGenerator [main] Generating unique operation named: findProjectByIdUsingGET_1
2020-04-30 22:38:24,615 INFO springfox.documentation.spring.web.readers.operation.CachingOperationNameGenerator [main] Generating unique operation named: updateProjectUsingPUT_1
2020-04-30 22:38:24,624 INFO org.springframework.scheduling.quartz.SchedulerFactoryBean [main] Starting Quartz Scheduler now
2020-04-30 22:38:24,624 INFO org.quartz.core.QuartzScheduler [main] Scheduler quartzScheduler_$_NON_CLUSTERED started.
2020-04-30 22:38:24,629 INFO org.apache.juli.logging.DirectJDKLog [main] Starting ProtocolHandler ["http-nio-8080"]
2020-04-30 22:38:24,648 INFO org.springframework.boot.web.embedded.tomcat.TomcatWebServer [main] Tomcat started on port(s): 8080 (http) with context path ''
2020-04-30 22:38:24,649 INFO org.springframework.boot.StartupInfoLogger [main] Started RefpApplication in 3.509 seconds (JVM running for 4.072)
2020-04-30 22:38:33,426 INFO org.apache.juli.logging.DirectJDKLog [http-nio-8080-exec-3] Initializing Spring DispatcherServlet 'dispatcherServlet'
2020-04-30 22:38:33,427 INFO org.springframework.web.servlet.FrameworkServlet [http-nio-8080-exec-3] Initializing Servlet 'dispatcherServlet'
2020-04-30 22:38:33,432 INFO org.springframework.web.servlet.FrameworkServlet [http-nio-8080-exec-3] Completed initialization in 5 ms
2020-04-30 22:38:54,889 INFO org.springframework.boot.admin.SpringApplicationAdminMXBeanRegistrar$SpringApplicationAdmin [RMI TCP Connection(3)-127.0.0.1] Application shutdown requested.
2020-04-30 22:38:54,891 INFO org.quartz.core.QuartzScheduler [RMI TCP Connection(3)-127.0.0.1] Scheduler quartzScheduler_$_NON_CLUSTERED paused.
2020-04-30 22:38:54,891 INFO org.springframework.scheduling.quartz.SchedulerFactoryBean [RMI TCP Connection(3)-127.0.0.1] Shutting down Quartz Scheduler
2020-04-30 22:38:54,892 INFO org.quartz.core.QuartzScheduler [RMI TCP Connection(3)-127.0.0.1] Scheduler quartzScheduler_$_NON_CLUSTERED shutting down.
2020-04-30 22:38:54,892 INFO org.quartz.core.QuartzScheduler [RMI TCP Connection(3)-127.0.0.1] Scheduler quartzScheduler_$_NON_CLUSTERED paused.
2020-04-30 22:38:54,892 INFO org.quartz.core.QuartzScheduler [RMI TCP Connection(3)-127.0.0.1] Scheduler quartzScheduler_$_NON_CLUSTERED shutdown complete.
2020-04-30 22:38:54,893 INFO org.springframework.scheduling.concurrent.ExecutorConfigurationSupport [RMI TCP Connection(3)-127.0.0.1] Shutting down ExecutorService 'applicationTaskExecutor'
2020-04-30 22:38:54,895 INFO org.springframework.orm.jpa.AbstractEntityManagerFactoryBean [RMI TCP Connection(3)-127.0.0.1] Closing JPA EntityManagerFactory for persistence unit 'default'
2020-04-30 22:38:54,897 INFO com.zaxxer.hikari.HikariDataSource [RMI TCP Connection(3)-127.0.0.1] HikariPool-1 - Shutdown initiated...
2020-04-30 22:38:54,907 INFO com.zaxxer.hikari.HikariDataSource [RMI TCP Connection(3)-127.0.0.1] HikariPool-1 - Shutdown completed.
2020-04-30 22:39:05,282 INFO org.springframework.boot.StartupInfoLogger [main] Starting RefpApplication on DESKTOP-ERNB8HD with PID 13828 (C:\Users\alber\Documents\tcc1\refp-backend\bin\main started by alber in C:\Users\alber\Documents\tcc1\refp-backend)
2020-04-30 22:39:05,284 INFO org.springframework.boot.SpringApplication [main] No active profile set, falling back to default profiles: default
2020-04-30 22:39:05,960 INFO org.springframework.data.repository.config.RepositoryConfigurationDelegate [main] Bootstrapping Spring Data JPA repositories in DEFAULT mode.
2020-04-30 22:39:06,035 INFO org.springframework.data.repository.config.RepositoryConfigurationDelegate [main] Finished Spring Data repository scanning in 71ms. Found 4 JPA repository interfaces.
2020-04-30 22:39:06,217 INFO org.springframework.context.support.PostProcessorRegistrationDelegate$BeanPostProcessorChecker [main] Bean 'org.springframework.transaction.annotation.ProxyTransactionManagementConfiguration' of type [org.springframework.transaction.annotation.ProxyTransactionManagementConfiguration] is not eligible for getting processed by all BeanPostProcessors (for example: not eligible for auto-proxying)
2020-04-30 22:39:06,363 INFO org.springframework.boot.web.embedded.tomcat.TomcatWebServer [main] Tomcat initialized with port(s): 8080 (http)
2020-04-30 22:39:06,370 INFO org.apache.juli.logging.DirectJDKLog [main] Initializing ProtocolHandler ["http-nio-8080"]
2020-04-30 22:39:06,370 INFO org.apache.juli.logging.DirectJDKLog [main] Starting service [Tomcat]
2020-04-30 22:39:06,370 INFO org.apache.juli.logging.DirectJDKLog [main] Starting Servlet engine: [Apache Tomcat/9.0.29]
2020-04-30 22:39:06,465 INFO org.apache.juli.logging.DirectJDKLog [main] Initializing Spring embedded WebApplicationContext
2020-04-30 22:39:06,465 INFO org.springframework.boot.web.servlet.context.ServletWebServerApplicationContext [main] Root WebApplicationContext: initialization completed in 1064 ms
2020-04-30 22:39:06,582 INFO org.hibernate.jpa.internal.util.LogHelper [main] HHH000204: Processing PersistenceUnitInfo [name: default]
2020-04-30 22:39:06,621 INFO org.hibernate.Version [main] HHH000412: Hibernate Core {5.4.9.Final}
2020-04-30 22:39:06,694 INFO org.hibernate.annotations.common.reflection.java.JavaReflectionManager [main] HCANN000001: Hibernate Commons Annotations {5.1.0.Final}
2020-04-30 22:39:06,751 INFO com.zaxxer.hikari.HikariDataSource [main] HikariPool-1 - Starting...
2020-04-30 22:39:06,976 INFO com.zaxxer.hikari.HikariDataSource [main] HikariPool-1 - Start completed.
2020-04-30 22:39:06,988 INFO org.hibernate.dialect.Dialect [main] HHH000400: Using dialect: org.hibernate.dialect.MySQL8Dialect
2020-04-30 22:39:07,543 INFO org.hibernate.engine.transaction.jta.platform.internal.JtaPlatformInitiator [main] HHH000490: Using JtaPlatform implementation: [org.hibernate.engine.transaction.jta.platform.internal.NoJtaPlatform]
2020-04-30 22:39:07,547 INFO org.springframework.orm.jpa.AbstractEntityManagerFactoryBean [main] Initialized JPA EntityManagerFactory for persistence unit 'default'
2020-04-30 22:39:07,978 WARN org.springframework.boot.autoconfigure.orm.jpa.JpaBaseConfiguration$JpaWebConfiguration [main] spring.jpa.open-in-view is enabled by default. Therefore, database queries may be performed during view rendering. Explicitly configure spring.jpa.open-in-view to disable this warning
2020-04-30 22:39:08,098 INFO springfox.documentation.spring.web.PropertySourcedRequestMappingHandlerMapping [main] Mapped URL path [/v2/api-docs] onto method [springfox.documentation.swagger2.web.Swagger2Controller#getDocumentation(String, HttpServletRequest)]
2020-04-30 22:39:08,138 INFO org.springframework.scheduling.concurrent.ExecutorConfigurationSupport [main] Initializing ExecutorService 'applicationTaskExecutor'
2020-04-30 22:39:08,245 INFO org.quartz.impl.StdSchedulerFactory [main] Using default implementation for ThreadExecutor
2020-04-30 22:39:08,251 INFO org.quartz.core.SchedulerSignalerImpl [main] Initialized Scheduler Signaller of type: class org.quartz.core.SchedulerSignalerImpl
2020-04-30 22:39:08,251 INFO org.quartz.core.QuartzScheduler [main] Quartz Scheduler v.2.3.2 created.
2020-04-30 22:39:08,252 INFO org.quartz.simpl.RAMJobStore [main] RAMJobStore initialized.
2020-04-30 22:39:08,252 INFO org.quartz.core.QuartzScheduler [main] Scheduler meta-data: Quartz Scheduler (v2.3.2) 'quartzScheduler' with instanceId 'NON_CLUSTERED'
  Scheduler class: 'org.quartz.core.QuartzScheduler' - running locally.
  NOT STARTED.
  Currently in standby mode.
  Number of jobs executed: 0
  Using thread pool 'org.quartz.simpl.SimpleThreadPool' - with 10 threads.
  Using job-store 'org.quartz.simpl.RAMJobStore' - which does not support persistence. and is not clustered.

2020-04-30 22:39:08,252 INFO org.quartz.impl.StdSchedulerFactory [main] Quartz scheduler 'quartzScheduler' initialized from an externally provided properties instance.
2020-04-30 22:39:08,252 INFO org.quartz.impl.StdSchedulerFactory [main] Quartz scheduler version: 2.3.2
2020-04-30 22:39:08,252 INFO org.quartz.core.QuartzScheduler [main] JobFactory set to: org.springframework.scheduling.quartz.SpringBeanJobFactory@6ccd3cf1
2020-04-30 22:39:08,279 INFO springfox.documentation.spring.web.plugins.DocumentationPluginsBootstrapper [main] Context refreshed
2020-04-30 22:39:08,286 INFO springfox.documentation.spring.web.plugins.DocumentationPluginsBootstrapper [main] Found 1 custom documentation plugin(s)
2020-04-30 22:39:08,311 INFO springfox.documentation.spring.web.scanners.ApiListingReferenceScanner [main] Scanning for api listing references
2020-04-30 22:39:08,391 INFO springfox.documentation.spring.web.readers.operation.CachingOperationNameGenerator [main] Generating unique operation named: deleteProjectUsingDELETE_1
2020-04-30 22:39:08,419 INFO springfox.documentation.spring.web.readers.operation.CachingOperationNameGenerator [main] Generating unique operation named: deleteProjectUsingDELETE_2
2020-04-30 22:39:08,425 INFO springfox.documentation.spring.web.readers.operation.CachingOperationNameGenerator [main] Generating unique operation named: findProjectByIdUsingGET_1
2020-04-30 22:39:08,430 INFO springfox.documentation.spring.web.readers.operation.CachingOperationNameGenerator [main] Generating unique operation named: updateProjectUsingPUT_1
2020-04-30 22:39:08,436 INFO org.springframework.scheduling.quartz.SchedulerFactoryBean [main] Starting Quartz Scheduler now
2020-04-30 22:39:08,437 INFO org.quartz.core.QuartzScheduler [main] Scheduler quartzScheduler_$_NON_CLUSTERED started.
2020-04-30 22:39:08,442 INFO org.apache.juli.logging.DirectJDKLog [main] Starting ProtocolHandler ["http-nio-8080"]
2020-04-30 22:39:08,457 INFO org.springframework.boot.web.embedded.tomcat.TomcatWebServer [main] Tomcat started on port(s): 8080 (http) with context path ''
2020-04-30 22:39:08,459 INFO org.springframework.boot.StartupInfoLogger [main] Started RefpApplication in 3.391 seconds (JVM running for 3.962)
2020-04-30 22:39:12,735 INFO org.apache.juli.logging.DirectJDKLog [http-nio-8080-exec-1] Initializing Spring DispatcherServlet 'dispatcherServlet'
2020-04-30 22:39:12,735 INFO org.springframework.web.servlet.FrameworkServlet [http-nio-8080-exec-1] Initializing Servlet 'dispatcherServlet'
2020-04-30 22:39:12,740 INFO org.springframework.web.servlet.FrameworkServlet [http-nio-8080-exec-1] Completed initialization in 5 ms
2020-04-30 22:39:32,036 INFO org.springframework.boot.admin.SpringApplicationAdminMXBeanRegistrar$SpringApplicationAdmin [RMI TCP Connection(3)-127.0.0.1] Application shutdown requested.
2020-04-30 22:39:32,038 INFO org.quartz.core.QuartzScheduler [RMI TCP Connection(3)-127.0.0.1] Scheduler quartzScheduler_$_NON_CLUSTERED paused.
2020-04-30 22:39:32,038 INFO org.springframework.scheduling.quartz.SchedulerFactoryBean [RMI TCP Connection(3)-127.0.0.1] Shutting down Quartz Scheduler
2020-04-30 22:39:32,039 INFO org.quartz.core.QuartzScheduler [RMI TCP Connection(3)-127.0.0.1] Scheduler quartzScheduler_$_NON_CLUSTERED shutting down.
2020-04-30 22:39:32,039 INFO org.quartz.core.QuartzScheduler [RMI TCP Connection(3)-127.0.0.1] Scheduler quartzScheduler_$_NON_CLUSTERED paused.
2020-04-30 22:39:32,039 INFO org.quartz.core.QuartzScheduler [RMI TCP Connection(3)-127.0.0.1] Scheduler quartzScheduler_$_NON_CLUSTERED shutdown complete.
2020-04-30 22:39:32,039 INFO org.springframework.scheduling.concurrent.ExecutorConfigurationSupport [RMI TCP Connection(3)-127.0.0.1] Shutting down ExecutorService 'applicationTaskExecutor'
2020-04-30 22:39:32,042 INFO org.springframework.orm.jpa.AbstractEntityManagerFactoryBean [RMI TCP Connection(3)-127.0.0.1] Closing JPA EntityManagerFactory for persistence unit 'default'
2020-04-30 22:39:32,044 INFO com.zaxxer.hikari.HikariDataSource [RMI TCP Connection(3)-127.0.0.1] HikariPool-1 - Shutdown initiated...
2020-04-30 22:39:32,052 INFO com.zaxxer.hikari.HikariDataSource [RMI TCP Connection(3)-127.0.0.1] HikariPool-1 - Shutdown completed.
2020-04-30 22:39:45,860 INFO org.springframework.boot.StartupInfoLogger [main] Starting RefpApplication on DESKTOP-ERNB8HD with PID 8828 (C:\Users\alber\Documents\tcc1\refp-backend\bin\main started by alber in C:\Users\alber\Documents\tcc1\refp-backend)
2020-04-30 22:39:45,862 INFO org.springframework.boot.SpringApplication [main] No active profile set, falling back to default profiles: default
2020-04-30 22:39:46,573 INFO org.springframework.data.repository.config.RepositoryConfigurationDelegate [main] Bootstrapping Spring Data JPA repositories in DEFAULT mode.
2020-04-30 22:39:46,645 INFO org.springframework.data.repository.config.RepositoryConfigurationDelegate [main] Finished Spring Data repository scanning in 68ms. Found 4 JPA repository interfaces.
2020-04-30 22:39:46,840 INFO org.springframework.context.support.PostProcessorRegistrationDelegate$BeanPostProcessorChecker [main] Bean 'org.springframework.transaction.annotation.ProxyTransactionManagementConfiguration' of type [org.springframework.transaction.annotation.ProxyTransactionManagementConfiguration] is not eligible for getting processed by all BeanPostProcessors (for example: not eligible for auto-proxying)
2020-04-30 22:39:47,005 INFO org.springframework.boot.web.embedded.tomcat.TomcatWebServer [main] Tomcat initialized with port(s): 8080 (http)
2020-04-30 22:39:47,012 INFO org.apache.juli.logging.DirectJDKLog [main] Initializing ProtocolHandler ["http-nio-8080"]
2020-04-30 22:39:47,012 INFO org.apache.juli.logging.DirectJDKLog [main] Starting service [Tomcat]
2020-04-30 22:39:47,012 INFO org.apache.juli.logging.DirectJDKLog [main] Starting Servlet engine: [Apache Tomcat/9.0.29]
2020-04-30 22:39:47,110 INFO org.apache.juli.logging.DirectJDKLog [main] Initializing Spring embedded WebApplicationContext
2020-04-30 22:39:47,110 INFO org.springframework.boot.web.servlet.context.ServletWebServerApplicationContext [main] Root WebApplicationContext: initialization completed in 1126 ms
2020-04-30 22:39:47,232 INFO org.hibernate.jpa.internal.util.LogHelper [main] HHH000204: Processing PersistenceUnitInfo [name: default]
2020-04-30 22:39:47,271 INFO org.hibernate.Version [main] HHH000412: Hibernate Core {5.4.9.Final}
2020-04-30 22:39:47,348 INFO org.hibernate.annotations.common.reflection.java.JavaReflectionManager [main] HCANN000001: Hibernate Commons Annotations {5.1.0.Final}
2020-04-30 22:39:47,407 INFO com.zaxxer.hikari.HikariDataSource [main] HikariPool-1 - Starting...
2020-04-30 22:39:47,635 INFO com.zaxxer.hikari.HikariDataSource [main] HikariPool-1 - Start completed.
2020-04-30 22:39:47,647 INFO org.hibernate.dialect.Dialect [main] HHH000400: Using dialect: org.hibernate.dialect.MySQL8Dialect
2020-04-30 22:39:48,199 INFO org.hibernate.engine.transaction.jta.platform.internal.JtaPlatformInitiator [main] HHH000490: Using JtaPlatform implementation: [org.hibernate.engine.transaction.jta.platform.internal.NoJtaPlatform]
2020-04-30 22:39:48,204 INFO org.springframework.orm.jpa.AbstractEntityManagerFactoryBean [main] Initialized JPA EntityManagerFactory for persistence unit 'default'
2020-04-30 22:39:48,636 WARN org.springframework.boot.autoconfigure.orm.jpa.JpaBaseConfiguration$JpaWebConfiguration [main] spring.jpa.open-in-view is enabled by default. Therefore, database queries may be performed during view rendering. Explicitly configure spring.jpa.open-in-view to disable this warning
2020-04-30 22:39:48,757 INFO springfox.documentation.spring.web.PropertySourcedRequestMappingHandlerMapping [main] Mapped URL path [/v2/api-docs] onto method [springfox.documentation.swagger2.web.Swagger2Controller#getDocumentation(String, HttpServletRequest)]
2020-04-30 22:39:48,799 INFO org.springframework.scheduling.concurrent.ExecutorConfigurationSupport [main] Initializing ExecutorService 'applicationTaskExecutor'
2020-04-30 22:39:48,917 INFO org.quartz.impl.StdSchedulerFactory [main] Using default implementation for ThreadExecutor
2020-04-30 22:39:48,924 INFO org.quartz.core.SchedulerSignalerImpl [main] Initialized Scheduler Signaller of type: class org.quartz.core.SchedulerSignalerImpl
2020-04-30 22:39:48,924 INFO org.quartz.core.QuartzScheduler [main] Quartz Scheduler v.2.3.2 created.
2020-04-30 22:39:48,924 INFO org.quartz.simpl.RAMJobStore [main] RAMJobStore initialized.
2020-04-30 22:39:48,925 INFO org.quartz.core.QuartzScheduler [main] Scheduler meta-data: Quartz Scheduler (v2.3.2) 'quartzScheduler' with instanceId 'NON_CLUSTERED'
  Scheduler class: 'org.quartz.core.QuartzScheduler' - running locally.
  NOT STARTED.
  Currently in standby mode.
  Number of jobs executed: 0
  Using thread pool 'org.quartz.simpl.SimpleThreadPool' - with 10 threads.
  Using job-store 'org.quartz.simpl.RAMJobStore' - which does not support persistence. and is not clustered.

2020-04-30 22:39:48,925 INFO org.quartz.impl.StdSchedulerFactory [main] Quartz scheduler 'quartzScheduler' initialized from an externally provided properties instance.
2020-04-30 22:39:48,925 INFO org.quartz.impl.StdSchedulerFactory [main] Quartz scheduler version: 2.3.2
2020-04-30 22:39:48,925 INFO org.quartz.core.QuartzScheduler [main] JobFactory set to: org.springframework.scheduling.quartz.SpringBeanJobFactory@17db90a7
2020-04-30 22:39:48,954 INFO springfox.documentation.spring.web.plugins.DocumentationPluginsBootstrapper [main] Context refreshed
2020-04-30 22:39:48,962 INFO springfox.documentation.spring.web.plugins.DocumentationPluginsBootstrapper [main] Found 1 custom documentation plugin(s)
2020-04-30 22:39:48,991 INFO springfox.documentation.spring.web.scanners.ApiListingReferenceScanner [main] Scanning for api listing references
2020-04-30 22:39:49,076 INFO springfox.documentation.spring.web.readers.operation.CachingOperationNameGenerator [main] Generating unique operation named: deleteProjectUsingDELETE_1
2020-04-30 22:39:49,110 INFO springfox.documentation.spring.web.readers.operation.CachingOperationNameGenerator [main] Generating unique operation named: deleteProjectUsingDELETE_2
2020-04-30 22:39:49,116 INFO springfox.documentation.spring.web.readers.operation.CachingOperationNameGenerator [main] Generating unique operation named: findProjectByIdUsingGET_1
2020-04-30 22:39:49,123 INFO springfox.documentation.spring.web.readers.operation.CachingOperationNameGenerator [main] Generating unique operation named: updateProjectUsingPUT_1
2020-04-30 22:39:49,131 INFO org.springframework.scheduling.quartz.SchedulerFactoryBean [main] Starting Quartz Scheduler now
2020-04-30 22:39:49,131 INFO org.quartz.core.QuartzScheduler [main] Scheduler quartzScheduler_$_NON_CLUSTERED started.
2020-04-30 22:39:49,137 INFO org.apache.juli.logging.DirectJDKLog [main] Starting ProtocolHandler ["http-nio-8080"]
2020-04-30 22:39:49,158 INFO org.springframework.boot.web.embedded.tomcat.TomcatWebServer [main] Tomcat started on port(s): 8080 (http) with context path ''
2020-04-30 22:39:49,160 INFO org.springframework.boot.StartupInfoLogger [main] Started RefpApplication in 3.515 seconds (JVM running for 4.119)
2020-04-30 22:40:16,264 INFO org.apache.juli.logging.DirectJDKLog [http-nio-8080-exec-1] Initializing Spring DispatcherServlet 'dispatcherServlet'
2020-04-30 22:40:16,265 INFO org.springframework.web.servlet.FrameworkServlet [http-nio-8080-exec-1] Initializing Servlet 'dispatcherServlet'
2020-04-30 22:40:16,270 INFO org.springframework.web.servlet.FrameworkServlet [http-nio-8080-exec-1] Completed initialization in 5 ms
2020-04-30 22:40:59,847 INFO org.springframework.boot.admin.SpringApplicationAdminMXBeanRegistrar$SpringApplicationAdmin [RMI TCP Connection(3)-127.0.0.1] Application shutdown requested.
2020-04-30 22:40:59,848 INFO org.quartz.core.QuartzScheduler [RMI TCP Connection(3)-127.0.0.1] Scheduler quartzScheduler_$_NON_CLUSTERED paused.
2020-04-30 22:40:59,849 INFO org.springframework.scheduling.quartz.SchedulerFactoryBean [RMI TCP Connection(3)-127.0.0.1] Shutting down Quartz Scheduler
2020-04-30 22:40:59,849 INFO org.quartz.core.QuartzScheduler [RMI TCP Connection(3)-127.0.0.1] Scheduler quartzScheduler_$_NON_CLUSTERED shutting down.
2020-04-30 22:40:59,849 INFO org.quartz.core.QuartzScheduler [RMI TCP Connection(3)-127.0.0.1] Scheduler quartzScheduler_$_NON_CLUSTERED paused.
2020-04-30 22:40:59,849 INFO org.quartz.core.QuartzScheduler [RMI TCP Connection(3)-127.0.0.1] Scheduler quartzScheduler_$_NON_CLUSTERED shutdown complete.
2020-04-30 22:40:59,850 INFO org.springframework.scheduling.concurrent.ExecutorConfigurationSupport [RMI TCP Connection(3)-127.0.0.1] Shutting down ExecutorService 'applicationTaskExecutor'
2020-04-30 22:40:59,852 INFO org.springframework.orm.jpa.AbstractEntityManagerFactoryBean [RMI TCP Connection(3)-127.0.0.1] Closing JPA EntityManagerFactory for persistence unit 'default'
2020-04-30 22:40:59,854 INFO com.zaxxer.hikari.HikariDataSource [RMI TCP Connection(3)-127.0.0.1] HikariPool-1 - Shutdown initiated...
2020-04-30 22:40:59,862 INFO com.zaxxer.hikari.HikariDataSource [RMI TCP Connection(3)-127.0.0.1] HikariPool-1 - Shutdown completed.
2020-04-30 23:50:20,016 INFO org.springframework.boot.StartupInfoLogger [main] Starting RefpApplication on DESKTOP-ERNB8HD with PID 5768 (C:\Users\alber\Documents\tcc1\refp-backend\bin\main started by alber in C:\Users\alber\Documents\tcc1\refp-backend)
2020-04-30 23:50:20,018 INFO org.springframework.boot.SpringApplication [main] No active profile set, falling back to default profiles: default
2020-04-30 23:50:20,703 INFO org.springframework.data.repository.config.RepositoryConfigurationDelegate [main] Bootstrapping Spring Data JPA repositories in DEFAULT mode.
2020-04-30 23:50:20,770 INFO org.springframework.data.repository.config.RepositoryConfigurationDelegate [main] Finished Spring Data repository scanning in 62ms. Found 4 JPA repository interfaces.
2020-04-30 23:50:20,944 INFO org.springframework.context.support.PostProcessorRegistrationDelegate$BeanPostProcessorChecker [main] Bean 'org.springframework.transaction.annotation.ProxyTransactionManagementConfiguration' of type [org.springframework.transaction.annotation.ProxyTransactionManagementConfiguration] is not eligible for getting processed by all BeanPostProcessors (for example: not eligible for auto-proxying)
2020-04-30 23:50:21,083 INFO org.springframework.boot.web.embedded.tomcat.TomcatWebServer [main] Tomcat initialized with port(s): 8080 (http)
2020-04-30 23:50:21,089 INFO org.apache.juli.logging.DirectJDKLog [main] Initializing ProtocolHandler ["http-nio-8080"]
2020-04-30 23:50:21,089 INFO org.apache.juli.logging.DirectJDKLog [main] Starting service [Tomcat]
2020-04-30 23:50:21,090 INFO org.apache.juli.logging.DirectJDKLog [main] Starting Servlet engine: [Apache Tomcat/9.0.29]
2020-04-30 23:50:21,183 INFO org.apache.juli.logging.DirectJDKLog [main] Initializing Spring embedded WebApplicationContext
2020-04-30 23:50:21,184 INFO org.springframework.boot.web.servlet.context.ServletWebServerApplicationContext [main] Root WebApplicationContext: initialization completed in 1046 ms
2020-04-30 23:50:21,291 INFO org.hibernate.jpa.internal.util.LogHelper [main] HHH000204: Processing PersistenceUnitInfo [name: default]
2020-04-30 23:50:21,326 INFO org.hibernate.Version [main] HHH000412: Hibernate Core {5.4.9.Final}
2020-04-30 23:50:21,393 INFO org.hibernate.annotations.common.reflection.java.JavaReflectionManager [main] HCANN000001: Hibernate Commons Annotations {5.1.0.Final}
2020-04-30 23:50:21,446 INFO com.zaxxer.hikari.HikariDataSource [main] HikariPool-1 - Starting...
2020-04-30 23:50:21,663 INFO com.zaxxer.hikari.HikariDataSource [main] HikariPool-1 - Start completed.
2020-04-30 23:50:21,674 INFO org.hibernate.dialect.Dialect [main] HHH000400: Using dialect: org.hibernate.dialect.MySQL8Dialect
2020-04-30 23:50:22,202 INFO org.hibernate.engine.transaction.jta.platform.internal.JtaPlatformInitiator [main] HHH000490: Using JtaPlatform implementation: [org.hibernate.engine.transaction.jta.platform.internal.NoJtaPlatform]
2020-04-30 23:50:22,207 INFO org.springframework.orm.jpa.AbstractEntityManagerFactoryBean [main] Initialized JPA EntityManagerFactory for persistence unit 'default'
2020-04-30 23:50:22,653 WARN org.springframework.boot.autoconfigure.orm.jpa.JpaBaseConfiguration$JpaWebConfiguration [main] spring.jpa.open-in-view is enabled by default. Therefore, database queries may be performed during view rendering. Explicitly configure spring.jpa.open-in-view to disable this warning
2020-04-30 23:50:22,794 INFO springfox.documentation.spring.web.PropertySourcedRequestMappingHandlerMapping [main] Mapped URL path [/v2/api-docs] onto method [springfox.documentation.swagger2.web.Swagger2Controller#getDocumentation(String, HttpServletRequest)]
2020-04-30 23:50:22,852 INFO org.springframework.scheduling.concurrent.ExecutorConfigurationSupport [main] Initializing ExecutorService 'applicationTaskExecutor'
2020-04-30 23:50:22,936 INFO org.quartz.impl.StdSchedulerFactory [main] Using default implementation for ThreadExecutor
2020-04-30 23:50:22,942 INFO org.quartz.core.SchedulerSignalerImpl [main] Initialized Scheduler Signaller of type: class org.quartz.core.SchedulerSignalerImpl
2020-04-30 23:50:22,942 INFO org.quartz.core.QuartzScheduler [main] Quartz Scheduler v.2.3.2 created.
2020-04-30 23:50:22,942 INFO org.quartz.simpl.RAMJobStore [main] RAMJobStore initialized.
2020-04-30 23:50:22,943 INFO org.quartz.core.QuartzScheduler [main] Scheduler meta-data: Quartz Scheduler (v2.3.2) 'quartzScheduler' with instanceId 'NON_CLUSTERED'
  Scheduler class: 'org.quartz.core.QuartzScheduler' - running locally.
  NOT STARTED.
  Currently in standby mode.
  Number of jobs executed: 0
  Using thread pool 'org.quartz.simpl.SimpleThreadPool' - with 10 threads.
  Using job-store 'org.quartz.simpl.RAMJobStore' - which does not support persistence. and is not clustered.

2020-04-30 23:50:22,943 INFO org.quartz.impl.StdSchedulerFactory [main] Quartz scheduler 'quartzScheduler' initialized from an externally provided properties instance.
2020-04-30 23:50:22,943 INFO org.quartz.impl.StdSchedulerFactory [main] Quartz scheduler version: 2.3.2
2020-04-30 23:50:22,943 INFO org.quartz.core.QuartzScheduler [main] JobFactory set to: org.springframework.scheduling.quartz.SpringBeanJobFactory@509bf2d5
2020-04-30 23:50:22,969 INFO springfox.documentation.spring.web.plugins.DocumentationPluginsBootstrapper [main] Context refreshed
2020-04-30 23:50:22,975 INFO springfox.documentation.spring.web.plugins.DocumentationPluginsBootstrapper [main] Found 1 custom documentation plugin(s)
2020-04-30 23:50:23,000 INFO springfox.documentation.spring.web.scanners.ApiListingReferenceScanner [main] Scanning for api listing references
2020-04-30 23:50:23,078 INFO springfox.documentation.spring.web.readers.operation.CachingOperationNameGenerator [main] Generating unique operation named: deleteProjectUsingDELETE_1
2020-04-30 23:50:23,109 INFO springfox.documentation.spring.web.readers.operation.CachingOperationNameGenerator [main] Generating unique operation named: deleteProjectUsingDELETE_2
2020-04-30 23:50:23,114 INFO springfox.documentation.spring.web.readers.operation.CachingOperationNameGenerator [main] Generating unique operation named: findProjectByIdUsingGET_1
2020-04-30 23:50:23,118 INFO springfox.documentation.spring.web.readers.operation.CachingOperationNameGenerator [main] Generating unique operation named: updateProjectUsingPUT_1
2020-04-30 23:50:23,125 INFO org.springframework.scheduling.quartz.SchedulerFactoryBean [main] Starting Quartz Scheduler now
2020-04-30 23:50:23,125 INFO org.quartz.core.QuartzScheduler [main] Scheduler quartzScheduler_$_NON_CLUSTERED started.
2020-04-30 23:50:23,130 INFO org.apache.juli.logging.DirectJDKLog [main] Starting ProtocolHandler ["http-nio-8080"]
2020-04-30 23:50:23,144 INFO org.springframework.boot.web.embedded.tomcat.TomcatWebServer [main] Tomcat started on port(s): 8080 (http) with context path ''
2020-04-30 23:50:23,146 INFO org.springframework.boot.StartupInfoLogger [main] Started RefpApplication in 3.336 seconds (JVM running for 3.896)
2020-04-30 23:50:27,102 INFO org.apache.juli.logging.DirectJDKLog [http-nio-8080-exec-1] Initializing Spring DispatcherServlet 'dispatcherServlet'
2020-04-30 23:50:27,103 INFO org.springframework.web.servlet.FrameworkServlet [http-nio-8080-exec-1] Initializing Servlet 'dispatcherServlet'
2020-04-30 23:50:27,107 INFO org.springframework.web.servlet.FrameworkServlet [http-nio-8080-exec-1] Completed initialization in 4 ms
2020-04-30 23:51:39,452 INFO org.springframework.boot.admin.SpringApplicationAdminMXBeanRegistrar$SpringApplicationAdmin [RMI TCP Connection(4)-127.0.0.1] Application shutdown requested.
2020-04-30 23:51:39,454 INFO org.quartz.core.QuartzScheduler [RMI TCP Connection(4)-127.0.0.1] Scheduler quartzScheduler_$_NON_CLUSTERED paused.
2020-04-30 23:51:39,455 INFO org.springframework.scheduling.quartz.SchedulerFactoryBean [RMI TCP Connection(4)-127.0.0.1] Shutting down Quartz Scheduler
2020-04-30 23:51:39,455 INFO org.quartz.core.QuartzScheduler [RMI TCP Connection(4)-127.0.0.1] Scheduler quartzScheduler_$_NON_CLUSTERED shutting down.
2020-04-30 23:51:39,455 INFO org.quartz.core.QuartzScheduler [RMI TCP Connection(4)-127.0.0.1] Scheduler quartzScheduler_$_NON_CLUSTERED paused.
2020-04-30 23:51:39,455 INFO org.quartz.core.QuartzScheduler [RMI TCP Connection(4)-127.0.0.1] Scheduler quartzScheduler_$_NON_CLUSTERED shutdown complete.
2020-04-30 23:51:39,456 INFO org.springframework.scheduling.concurrent.ExecutorConfigurationSupport [RMI TCP Connection(4)-127.0.0.1] Shutting down ExecutorService 'applicationTaskExecutor'
2020-04-30 23:51:39,458 INFO org.springframework.orm.jpa.AbstractEntityManagerFactoryBean [RMI TCP Connection(4)-127.0.0.1] Closing JPA EntityManagerFactory for persistence unit 'default'
2020-04-30 23:51:39,460 INFO com.zaxxer.hikari.HikariDataSource [RMI TCP Connection(4)-127.0.0.1] HikariPool-1 - Shutdown initiated...
2020-04-30 23:51:39,468 INFO com.zaxxer.hikari.HikariDataSource [RMI TCP Connection(4)-127.0.0.1] HikariPool-1 - Shutdown completed.
