2020-06-26 19:47:52,990 INFO org.springframework.boot.StartupInfoLogger [main] Starting RefpApplication on DESKTOP-ERNB8HD with PID 14216 (C:\Users\alber\Documents\python\refp-backend\bin\main started by alber in C:\Users\alber\Documents\python\refp-backend)
2020-06-26 19:47:52,992 INFO org.springframework.boot.SpringApplication [main] No active profile set, falling back to default profiles: default
2020-06-26 19:47:53,944 INFO org.springframework.data.repository.config.RepositoryConfigurationDelegate [main] Bootstrapping Spring Data JPA repositories in DEFAULT mode.
2020-06-26 19:47:54,034 INFO org.springframework.data.repository.config.RepositoryConfigurationDelegate [main] Finished Spring Data repository scanning in 83ms. Found 5 JPA repository interfaces.
2020-06-26 19:47:54,294 INFO org.springframework.context.support.PostProcessorRegistrationDelegate$BeanPostProcessorChecker [main] Bean 'org.springframework.transaction.annotation.ProxyTransactionManagementConfiguration' of type [org.springframework.transaction.annotation.ProxyTransactionManagementConfiguration] is not eligible for getting processed by all BeanPostProcessors (for example: not eligible for auto-proxying)
2020-06-26 19:47:54,482 INFO org.springframework.boot.web.embedded.tomcat.TomcatWebServer [main] Tomcat initialized with port(s): 8080 (http)
2020-06-26 19:47:54,489 INFO org.apache.juli.logging.DirectJDKLog [main] Initializing ProtocolHandler ["http-nio-8080"]
2020-06-26 19:47:54,490 INFO org.apache.juli.logging.DirectJDKLog [main] Starting service [Tomcat]
2020-06-26 19:47:54,490 INFO org.apache.juli.logging.DirectJDKLog [main] Starting Servlet engine: [Apache Tomcat/9.0.29]
2020-06-26 19:47:54,579 INFO org.apache.juli.logging.DirectJDKLog [main] Initializing Spring embedded WebApplicationContext
2020-06-26 19:47:54,579 INFO org.springframework.boot.web.servlet.context.ServletWebServerApplicationContext [main] Root WebApplicationContext: initialization completed in 1385 ms
2020-06-26 19:47:54,763 INFO org.hibernate.jpa.internal.util.LogHelper [main] HHH000204: Processing PersistenceUnitInfo [name: default]
2020-06-26 19:47:54,842 INFO org.hibernate.Version [main] HHH000412: Hibernate Core {5.4.9.Final}
2020-06-26 19:47:54,978 INFO org.hibernate.annotations.common.reflection.java.JavaReflectionManager [main] HCANN000001: Hibernate Commons Annotations {5.1.0.Final}
2020-06-26 19:47:55,068 INFO com.zaxxer.hikari.HikariDataSource [main] HikariPool-1 - Starting...
2020-06-26 19:47:55,374 INFO com.zaxxer.hikari.HikariDataSource [main] HikariPool-1 - Start completed.
2020-06-26 19:47:55,390 INFO org.hibernate.dialect.Dialect [main] HHH000400: Using dialect: org.hibernate.dialect.MySQL8Dialect
2020-06-26 19:47:56,216 INFO org.hibernate.engine.transaction.jta.platform.internal.JtaPlatformInitiator [main] HHH000490: Using JtaPlatform implementation: [org.hibernate.engine.transaction.jta.platform.internal.NoJtaPlatform]
2020-06-26 19:47:56,222 INFO org.springframework.orm.jpa.AbstractEntityManagerFactoryBean [main] Initialized JPA EntityManagerFactory for persistence unit 'default'
2020-06-26 19:47:57,251 WARN org.springframework.boot.autoconfigure.orm.jpa.JpaBaseConfiguration$JpaWebConfiguration [main] spring.jpa.open-in-view is enabled by default. Therefore, database queries may be performed during view rendering. Explicitly configure spring.jpa.open-in-view to disable this warning
2020-06-26 19:47:57,393 INFO springfox.documentation.spring.web.PropertySourcedRequestMappingHandlerMapping [main] Mapped URL path [/v2/api-docs] onto method [springfox.documentation.swagger2.web.Swagger2Controller#getDocumentation(String, HttpServletRequest)]
2020-06-26 19:47:57,447 INFO org.springframework.scheduling.concurrent.ExecutorConfigurationSupport [main] Initializing ExecutorService 'applicationTaskExecutor'
2020-06-26 19:47:57,574 INFO org.quartz.impl.StdSchedulerFactory [main] Using default implementation for ThreadExecutor
2020-06-26 19:47:57,584 INFO org.quartz.core.SchedulerSignalerImpl [main] Initialized Scheduler Signaller of type: class org.quartz.core.SchedulerSignalerImpl
2020-06-26 19:47:57,584 INFO org.quartz.core.QuartzScheduler [main] Quartz Scheduler v.2.3.2 created.
2020-06-26 19:47:57,584 INFO org.quartz.simpl.RAMJobStore [main] RAMJobStore initialized.
2020-06-26 19:47:57,585 INFO org.quartz.core.QuartzScheduler [main] Scheduler meta-data: Quartz Scheduler (v2.3.2) 'quartzScheduler' with instanceId 'NON_CLUSTERED'
  Scheduler class: 'org.quartz.core.QuartzScheduler' - running locally.
  NOT STARTED.
  Currently in standby mode.
  Number of jobs executed: 0
  Using thread pool 'org.quartz.simpl.SimpleThreadPool' - with 10 threads.
  Using job-store 'org.quartz.simpl.RAMJobStore' - which does not support persistence. and is not clustered.

2020-06-26 19:47:57,585 INFO org.quartz.impl.StdSchedulerFactory [main] Quartz scheduler 'quartzScheduler' initialized from an externally provided properties instance.
2020-06-26 19:47:57,585 INFO org.quartz.impl.StdSchedulerFactory [main] Quartz scheduler version: 2.3.2
2020-06-26 19:47:57,585 INFO org.quartz.core.QuartzScheduler [main] JobFactory set to: org.springframework.scheduling.quartz.SpringBeanJobFactory@1c06f19c
2020-06-26 19:47:57,618 INFO springfox.documentation.spring.web.plugins.DocumentationPluginsBootstrapper [main] Context refreshed
2020-06-26 19:47:57,629 INFO springfox.documentation.spring.web.plugins.DocumentationPluginsBootstrapper [main] Found 1 custom documentation plugin(s)
2020-06-26 19:47:57,667 INFO springfox.documentation.spring.web.scanners.ApiListingReferenceScanner [main] Scanning for api listing references
2020-06-26 19:47:57,778 INFO springfox.documentation.spring.web.readers.operation.CachingOperationNameGenerator [main] Generating unique operation named: deleteProjectUsingDELETE_1
2020-06-26 19:47:57,804 INFO springfox.documentation.spring.web.readers.operation.CachingOperationNameGenerator [main] Generating unique operation named: deleteProjectUsingDELETE_2
2020-06-26 19:47:57,809 INFO springfox.documentation.spring.web.readers.operation.CachingOperationNameGenerator [main] Generating unique operation named: findProjectByIdUsingGET_1
2020-06-26 19:47:57,815 INFO springfox.documentation.spring.web.readers.operation.CachingOperationNameGenerator [main] Generating unique operation named: updateProjectUsingPUT_1
2020-06-26 19:47:57,836 INFO org.springframework.scheduling.quartz.SchedulerFactoryBean [main] Starting Quartz Scheduler now
2020-06-26 19:47:57,836 INFO org.quartz.core.QuartzScheduler [main] Scheduler quartzScheduler_$_NON_CLUSTERED started.
2020-06-26 19:47:57,841 INFO org.apache.juli.logging.DirectJDKLog [main] Starting ProtocolHandler ["http-nio-8080"]
2020-06-26 19:47:57,859 INFO org.springframework.boot.web.embedded.tomcat.TomcatWebServer [main] Tomcat started on port(s): 8080 (http) with context path ''
2020-06-26 19:47:57,861 INFO org.springframework.boot.StartupInfoLogger [main] Started RefpApplication in 5.199 seconds (JVM running for 5.848)
2020-06-26 19:48:05,628 INFO org.apache.juli.logging.DirectJDKLog [http-nio-8080-exec-1] Initializing Spring DispatcherServlet 'dispatcherServlet'
2020-06-26 19:48:05,628 INFO org.springframework.web.servlet.FrameworkServlet [http-nio-8080-exec-1] Initializing Servlet 'dispatcherServlet'
2020-06-26 19:48:05,634 INFO org.springframework.web.servlet.FrameworkServlet [http-nio-8080-exec-1] Completed initialization in 6 ms
2020-06-26 20:04:17,728 INFO org.springframework.boot.admin.SpringApplicationAdminMXBeanRegistrar$SpringApplicationAdmin [RMI TCP Connection(6)-127.0.0.1] Application shutdown requested.
2020-06-26 20:04:17,729 INFO org.quartz.core.QuartzScheduler [RMI TCP Connection(6)-127.0.0.1] Scheduler quartzScheduler_$_NON_CLUSTERED paused.
2020-06-26 20:04:17,730 INFO org.springframework.scheduling.quartz.SchedulerFactoryBean [RMI TCP Connection(6)-127.0.0.1] Shutting down Quartz Scheduler
2020-06-26 20:04:17,730 INFO org.quartz.core.QuartzScheduler [RMI TCP Connection(6)-127.0.0.1] Scheduler quartzScheduler_$_NON_CLUSTERED shutting down.
2020-06-26 20:04:17,730 INFO org.quartz.core.QuartzScheduler [RMI TCP Connection(6)-127.0.0.1] Scheduler quartzScheduler_$_NON_CLUSTERED paused.
2020-06-26 20:04:17,731 INFO org.quartz.core.QuartzScheduler [RMI TCP Connection(6)-127.0.0.1] Scheduler quartzScheduler_$_NON_CLUSTERED shutdown complete.
2020-06-26 20:04:17,731 INFO org.springframework.scheduling.concurrent.ExecutorConfigurationSupport [RMI TCP Connection(6)-127.0.0.1] Shutting down ExecutorService 'applicationTaskExecutor'
2020-06-26 20:04:17,734 INFO org.springframework.orm.jpa.AbstractEntityManagerFactoryBean [RMI TCP Connection(6)-127.0.0.1] Closing JPA EntityManagerFactory for persistence unit 'default'
2020-06-26 20:04:17,737 INFO com.zaxxer.hikari.HikariDataSource [RMI TCP Connection(6)-127.0.0.1] HikariPool-1 - Shutdown initiated...
2020-06-26 20:04:17,739 INFO com.zaxxer.hikari.HikariDataSource [RMI TCP Connection(6)-127.0.0.1] HikariPool-1 - Shutdown completed.
2020-06-26 20:04:55,652 INFO org.springframework.boot.StartupInfoLogger [main] Starting RefpApplication on DESKTOP-ERNB8HD with PID 16196 (C:\Users\alber\Documents\python\refp-backend\bin\main started by alber in C:\Users\alber\Documents\python\refp-backend)
2020-06-26 20:04:55,653 INFO org.springframework.boot.SpringApplication [main] No active profile set, falling back to default profiles: default
2020-06-26 20:04:56,375 INFO org.springframework.data.repository.config.RepositoryConfigurationDelegate [main] Bootstrapping Spring Data JPA repositories in DEFAULT mode.
2020-06-26 20:04:56,471 INFO org.springframework.data.repository.config.RepositoryConfigurationDelegate [main] Finished Spring Data repository scanning in 90ms. Found 5 JPA repository interfaces.
2020-06-26 20:04:56,719 INFO org.springframework.context.support.PostProcessorRegistrationDelegate$BeanPostProcessorChecker [main] Bean 'org.springframework.transaction.annotation.ProxyTransactionManagementConfiguration' of type [org.springframework.transaction.annotation.ProxyTransactionManagementConfiguration] is not eligible for getting processed by all BeanPostProcessors (for example: not eligible for auto-proxying)
2020-06-26 20:04:56,869 INFO org.springframework.boot.web.embedded.tomcat.TomcatWebServer [main] Tomcat initialized with port(s): 8080 (http)
2020-06-26 20:04:56,874 INFO org.apache.juli.logging.DirectJDKLog [main] Initializing ProtocolHandler ["http-nio-8080"]
2020-06-26 20:04:56,875 INFO org.apache.juli.logging.DirectJDKLog [main] Starting service [Tomcat]
2020-06-26 20:04:56,875 INFO org.apache.juli.logging.DirectJDKLog [main] Starting Servlet engine: [Apache Tomcat/9.0.29]
2020-06-26 20:04:56,962 INFO org.apache.juli.logging.DirectJDKLog [main] Initializing Spring embedded WebApplicationContext
2020-06-26 20:04:56,962 INFO org.springframework.boot.web.servlet.context.ServletWebServerApplicationContext [main] Root WebApplicationContext: initialization completed in 1151 ms
2020-06-26 20:04:57,106 INFO org.hibernate.jpa.internal.util.LogHelper [main] HHH000204: Processing PersistenceUnitInfo [name: default]
2020-06-26 20:04:57,151 INFO org.hibernate.Version [main] HHH000412: Hibernate Core {5.4.9.Final}
2020-06-26 20:04:57,240 INFO org.hibernate.annotations.common.reflection.java.JavaReflectionManager [main] HCANN000001: Hibernate Commons Annotations {5.1.0.Final}
2020-06-26 20:04:57,299 INFO com.zaxxer.hikari.HikariDataSource [main] HikariPool-1 - Starting...
2020-06-26 20:04:57,568 INFO com.zaxxer.hikari.HikariDataSource [main] HikariPool-1 - Start completed.
2020-06-26 20:04:57,581 INFO org.hibernate.dialect.Dialect [main] HHH000400: Using dialect: org.hibernate.dialect.MySQL8Dialect
2020-06-26 20:04:58,309 INFO org.hibernate.engine.transaction.jta.platform.internal.JtaPlatformInitiator [main] HHH000490: Using JtaPlatform implementation: [org.hibernate.engine.transaction.jta.platform.internal.NoJtaPlatform]
2020-06-26 20:04:58,315 INFO org.springframework.orm.jpa.AbstractEntityManagerFactoryBean [main] Initialized JPA EntityManagerFactory for persistence unit 'default'
2020-06-26 20:04:59,149 WARN org.springframework.boot.autoconfigure.orm.jpa.JpaBaseConfiguration$JpaWebConfiguration [main] spring.jpa.open-in-view is enabled by default. Therefore, database queries may be performed during view rendering. Explicitly configure spring.jpa.open-in-view to disable this warning
2020-06-26 20:04:59,271 INFO springfox.documentation.spring.web.PropertySourcedRequestMappingHandlerMapping [main] Mapped URL path [/v2/api-docs] onto method [springfox.documentation.swagger2.web.Swagger2Controller#getDocumentation(String, HttpServletRequest)]
2020-06-26 20:04:59,312 INFO org.springframework.scheduling.concurrent.ExecutorConfigurationSupport [main] Initializing ExecutorService 'applicationTaskExecutor'
2020-06-26 20:04:59,410 INFO org.quartz.impl.StdSchedulerFactory [main] Using default implementation for ThreadExecutor
2020-06-26 20:04:59,416 INFO org.quartz.core.SchedulerSignalerImpl [main] Initialized Scheduler Signaller of type: class org.quartz.core.SchedulerSignalerImpl
2020-06-26 20:04:59,416 INFO org.quartz.core.QuartzScheduler [main] Quartz Scheduler v.2.3.2 created.
2020-06-26 20:04:59,417 INFO org.quartz.simpl.RAMJobStore [main] RAMJobStore initialized.
2020-06-26 20:04:59,417 INFO org.quartz.core.QuartzScheduler [main] Scheduler meta-data: Quartz Scheduler (v2.3.2) 'quartzScheduler' with instanceId 'NON_CLUSTERED'
  Scheduler class: 'org.quartz.core.QuartzScheduler' - running locally.
  NOT STARTED.
  Currently in standby mode.
  Number of jobs executed: 0
  Using thread pool 'org.quartz.simpl.SimpleThreadPool' - with 10 threads.
  Using job-store 'org.quartz.simpl.RAMJobStore' - which does not support persistence. and is not clustered.

2020-06-26 20:04:59,417 INFO org.quartz.impl.StdSchedulerFactory [main] Quartz scheduler 'quartzScheduler' initialized from an externally provided properties instance.
2020-06-26 20:04:59,417 INFO org.quartz.impl.StdSchedulerFactory [main] Quartz scheduler version: 2.3.2
2020-06-26 20:04:59,418 INFO org.quartz.core.QuartzScheduler [main] JobFactory set to: org.springframework.scheduling.quartz.SpringBeanJobFactory@244f356
2020-06-26 20:04:59,448 INFO springfox.documentation.spring.web.plugins.DocumentationPluginsBootstrapper [main] Context refreshed
2020-06-26 20:04:59,455 INFO springfox.documentation.spring.web.plugins.DocumentationPluginsBootstrapper [main] Found 1 custom documentation plugin(s)
2020-06-26 20:04:59,483 INFO springfox.documentation.spring.web.scanners.ApiListingReferenceScanner [main] Scanning for api listing references
2020-06-26 20:04:59,576 INFO springfox.documentation.spring.web.readers.operation.CachingOperationNameGenerator [main] Generating unique operation named: deleteProjectUsingDELETE_1
2020-06-26 20:04:59,599 INFO springfox.documentation.spring.web.readers.operation.CachingOperationNameGenerator [main] Generating unique operation named: deleteProjectUsingDELETE_2
2020-06-26 20:04:59,605 INFO springfox.documentation.spring.web.readers.operation.CachingOperationNameGenerator [main] Generating unique operation named: findProjectByIdUsingGET_1
2020-06-26 20:04:59,611 INFO springfox.documentation.spring.web.readers.operation.CachingOperationNameGenerator [main] Generating unique operation named: updateProjectUsingPUT_1
2020-06-26 20:04:59,632 INFO org.springframework.scheduling.quartz.SchedulerFactoryBean [main] Starting Quartz Scheduler now
2020-06-26 20:04:59,632 INFO org.quartz.core.QuartzScheduler [main] Scheduler quartzScheduler_$_NON_CLUSTERED started.
2020-06-26 20:04:59,637 INFO org.apache.juli.logging.DirectJDKLog [main] Starting ProtocolHandler ["http-nio-8080"]
2020-06-26 20:04:59,654 INFO org.springframework.boot.web.embedded.tomcat.TomcatWebServer [main] Tomcat started on port(s): 8080 (http) with context path ''
2020-06-26 20:04:59,656 INFO org.springframework.boot.StartupInfoLogger [main] Started RefpApplication in 4.266 seconds (JVM running for 4.777)
2020-06-26 20:12:04,859 INFO org.springframework.boot.admin.SpringApplicationAdminMXBeanRegistrar$SpringApplicationAdmin [RMI TCP Connection(4)-127.0.0.1] Application shutdown requested.
2020-06-26 20:12:04,861 INFO org.quartz.core.QuartzScheduler [RMI TCP Connection(4)-127.0.0.1] Scheduler quartzScheduler_$_NON_CLUSTERED paused.
2020-06-26 20:12:04,862 INFO org.springframework.scheduling.quartz.SchedulerFactoryBean [RMI TCP Connection(4)-127.0.0.1] Shutting down Quartz Scheduler
2020-06-26 20:12:04,862 INFO org.quartz.core.QuartzScheduler [RMI TCP Connection(4)-127.0.0.1] Scheduler quartzScheduler_$_NON_CLUSTERED shutting down.
2020-06-26 20:12:04,862 INFO org.quartz.core.QuartzScheduler [RMI TCP Connection(4)-127.0.0.1] Scheduler quartzScheduler_$_NON_CLUSTERED paused.
2020-06-26 20:12:04,863 INFO org.quartz.core.QuartzScheduler [RMI TCP Connection(4)-127.0.0.1] Scheduler quartzScheduler_$_NON_CLUSTERED shutdown complete.
2020-06-26 20:12:04,863 INFO org.springframework.scheduling.concurrent.ExecutorConfigurationSupport [RMI TCP Connection(4)-127.0.0.1] Shutting down ExecutorService 'applicationTaskExecutor'
2020-06-26 20:12:04,866 INFO org.springframework.orm.jpa.AbstractEntityManagerFactoryBean [RMI TCP Connection(4)-127.0.0.1] Closing JPA EntityManagerFactory for persistence unit 'default'
2020-06-26 20:12:04,870 INFO com.zaxxer.hikari.HikariDataSource [RMI TCP Connection(4)-127.0.0.1] HikariPool-1 - Shutdown initiated...
2020-06-26 20:12:04,873 INFO com.zaxxer.hikari.HikariDataSource [RMI TCP Connection(4)-127.0.0.1] HikariPool-1 - Shutdown completed.
2020-06-26 20:18:36,141 INFO org.springframework.boot.StartupInfoLogger [main] Starting RefpApplication on DESKTOP-ERNB8HD with PID 9272 (C:\Users\alber\Documents\python\refp-backend\bin\main started by alber in C:\Users\alber\Documents\python\refp-backend)
2020-06-26 20:18:36,143 INFO org.springframework.boot.SpringApplication [main] No active profile set, falling back to default profiles: default
2020-06-26 20:18:36,831 INFO org.springframework.data.repository.config.RepositoryConfigurationDelegate [main] Bootstrapping Spring Data JPA repositories in DEFAULT mode.
2020-06-26 20:18:36,910 INFO org.springframework.data.repository.config.RepositoryConfigurationDelegate [main] Finished Spring Data repository scanning in 73ms. Found 5 JPA repository interfaces.
2020-06-26 20:18:37,133 INFO org.springframework.context.support.PostProcessorRegistrationDelegate$BeanPostProcessorChecker [main] Bean 'org.springframework.transaction.annotation.ProxyTransactionManagementConfiguration' of type [org.springframework.transaction.annotation.ProxyTransactionManagementConfiguration] is not eligible for getting processed by all BeanPostProcessors (for example: not eligible for auto-proxying)
2020-06-26 20:18:37,278 INFO org.springframework.boot.web.embedded.tomcat.TomcatWebServer [main] Tomcat initialized with port(s): 8080 (http)
2020-06-26 20:18:37,284 INFO org.apache.juli.logging.DirectJDKLog [main] Initializing ProtocolHandler ["http-nio-8080"]
2020-06-26 20:18:37,285 INFO org.apache.juli.logging.DirectJDKLog [main] Starting service [Tomcat]
2020-06-26 20:18:37,285 INFO org.apache.juli.logging.DirectJDKLog [main] Starting Servlet engine: [Apache Tomcat/9.0.29]
2020-06-26 20:18:37,367 INFO org.apache.juli.logging.DirectJDKLog [main] Initializing Spring embedded WebApplicationContext
2020-06-26 20:18:37,368 INFO org.springframework.boot.web.servlet.context.ServletWebServerApplicationContext [main] Root WebApplicationContext: initialization completed in 1069 ms
2020-06-26 20:18:37,516 INFO org.hibernate.jpa.internal.util.LogHelper [main] HHH000204: Processing PersistenceUnitInfo [name: default]
2020-06-26 20:18:37,563 INFO org.hibernate.Version [main] HHH000412: Hibernate Core {5.4.9.Final}
2020-06-26 20:18:37,653 INFO org.hibernate.annotations.common.reflection.java.JavaReflectionManager [main] HCANN000001: Hibernate Commons Annotations {5.1.0.Final}
2020-06-26 20:18:37,715 INFO com.zaxxer.hikari.HikariDataSource [main] HikariPool-1 - Starting...
2020-06-26 20:18:37,982 INFO com.zaxxer.hikari.HikariDataSource [main] HikariPool-1 - Start completed.
2020-06-26 20:18:37,996 INFO org.hibernate.dialect.Dialect [main] HHH000400: Using dialect: org.hibernate.dialect.MySQL8Dialect
2020-06-26 20:18:38,620 INFO org.hibernate.engine.transaction.jta.platform.internal.JtaPlatformInitiator [main] HHH000490: Using JtaPlatform implementation: [org.hibernate.engine.transaction.jta.platform.internal.NoJtaPlatform]
2020-06-26 20:18:38,626 INFO org.springframework.orm.jpa.AbstractEntityManagerFactoryBean [main] Initialized JPA EntityManagerFactory for persistence unit 'default'
2020-06-26 20:18:39,456 WARN org.springframework.boot.autoconfigure.orm.jpa.JpaBaseConfiguration$JpaWebConfiguration [main] spring.jpa.open-in-view is enabled by default. Therefore, database queries may be performed during view rendering. Explicitly configure spring.jpa.open-in-view to disable this warning
2020-06-26 20:18:39,576 INFO springfox.documentation.spring.web.PropertySourcedRequestMappingHandlerMapping [main] Mapped URL path [/v2/api-docs] onto method [springfox.documentation.swagger2.web.Swagger2Controller#getDocumentation(String, HttpServletRequest)]
2020-06-26 20:18:39,618 INFO org.springframework.scheduling.concurrent.ExecutorConfigurationSupport [main] Initializing ExecutorService 'applicationTaskExecutor'
2020-06-26 20:18:39,709 INFO org.quartz.impl.StdSchedulerFactory [main] Using default implementation for ThreadExecutor
2020-06-26 20:18:39,716 INFO org.quartz.core.SchedulerSignalerImpl [main] Initialized Scheduler Signaller of type: class org.quartz.core.SchedulerSignalerImpl
2020-06-26 20:18:39,716 INFO org.quartz.core.QuartzScheduler [main] Quartz Scheduler v.2.3.2 created.
2020-06-26 20:18:39,716 INFO org.quartz.simpl.RAMJobStore [main] RAMJobStore initialized.
2020-06-26 20:18:39,717 INFO org.quartz.core.QuartzScheduler [main] Scheduler meta-data: Quartz Scheduler (v2.3.2) 'quartzScheduler' with instanceId 'NON_CLUSTERED'
  Scheduler class: 'org.quartz.core.QuartzScheduler' - running locally.
  NOT STARTED.
  Currently in standby mode.
  Number of jobs executed: 0
  Using thread pool 'org.quartz.simpl.SimpleThreadPool' - with 10 threads.
  Using job-store 'org.quartz.simpl.RAMJobStore' - which does not support persistence. and is not clustered.

2020-06-26 20:18:39,717 INFO org.quartz.impl.StdSchedulerFactory [main] Quartz scheduler 'quartzScheduler' initialized from an externally provided properties instance.
2020-06-26 20:18:39,717 INFO org.quartz.impl.StdSchedulerFactory [main] Quartz scheduler version: 2.3.2
2020-06-26 20:18:39,717 INFO org.quartz.core.QuartzScheduler [main] JobFactory set to: org.springframework.scheduling.quartz.SpringBeanJobFactory@58647985
2020-06-26 20:18:39,749 INFO springfox.documentation.spring.web.plugins.DocumentationPluginsBootstrapper [main] Context refreshed
2020-06-26 20:18:39,757 INFO springfox.documentation.spring.web.plugins.DocumentationPluginsBootstrapper [main] Found 1 custom documentation plugin(s)
2020-06-26 20:18:39,785 INFO springfox.documentation.spring.web.scanners.ApiListingReferenceScanner [main] Scanning for api listing references
2020-06-26 20:18:39,876 INFO springfox.documentation.spring.web.readers.operation.CachingOperationNameGenerator [main] Generating unique operation named: deleteProjectUsingDELETE_1
2020-06-26 20:18:39,899 INFO springfox.documentation.spring.web.readers.operation.CachingOperationNameGenerator [main] Generating unique operation named: deleteProjectUsingDELETE_2
2020-06-26 20:18:39,904 INFO springfox.documentation.spring.web.readers.operation.CachingOperationNameGenerator [main] Generating unique operation named: findProjectByIdUsingGET_1
2020-06-26 20:18:39,909 INFO springfox.documentation.spring.web.readers.operation.CachingOperationNameGenerator [main] Generating unique operation named: updateProjectUsingPUT_1
2020-06-26 20:18:39,928 INFO org.springframework.scheduling.quartz.SchedulerFactoryBean [main] Starting Quartz Scheduler now
2020-06-26 20:18:39,928 INFO org.quartz.core.QuartzScheduler [main] Scheduler quartzScheduler_$_NON_CLUSTERED started.
2020-06-26 20:18:39,933 INFO org.apache.juli.logging.DirectJDKLog [main] Starting ProtocolHandler ["http-nio-8080"]
2020-06-26 20:18:39,950 INFO org.springframework.boot.web.embedded.tomcat.TomcatWebServer [main] Tomcat started on port(s): 8080 (http) with context path ''
2020-06-26 20:18:39,951 INFO org.springframework.boot.StartupInfoLogger [main] Started RefpApplication in 4.074 seconds (JVM running for 4.582)
2020-06-26 20:18:39,988 INFO org.apache.juli.logging.DirectJDKLog [http-nio-8080-exec-1] Initializing Spring DispatcherServlet 'dispatcherServlet'
2020-06-26 20:18:39,988 INFO org.springframework.web.servlet.FrameworkServlet [http-nio-8080-exec-1] Initializing Servlet 'dispatcherServlet'
2020-06-26 20:18:39,993 INFO org.springframework.web.servlet.FrameworkServlet [http-nio-8080-exec-1] Completed initialization in 5 ms
2020-06-26 20:19:24,764 INFO org.springframework.boot.admin.SpringApplicationAdminMXBeanRegistrar$SpringApplicationAdmin [RMI TCP Connection(4)-127.0.0.1] Application shutdown requested.
2020-06-26 20:19:24,766 INFO org.quartz.core.QuartzScheduler [RMI TCP Connection(4)-127.0.0.1] Scheduler quartzScheduler_$_NON_CLUSTERED paused.
2020-06-26 20:19:24,766 INFO org.springframework.scheduling.quartz.SchedulerFactoryBean [RMI TCP Connection(4)-127.0.0.1] Shutting down Quartz Scheduler
2020-06-26 20:19:24,766 INFO org.quartz.core.QuartzScheduler [RMI TCP Connection(4)-127.0.0.1] Scheduler quartzScheduler_$_NON_CLUSTERED shutting down.
2020-06-26 20:19:24,766 INFO org.quartz.core.QuartzScheduler [RMI TCP Connection(4)-127.0.0.1] Scheduler quartzScheduler_$_NON_CLUSTERED paused.
2020-06-26 20:19:24,767 INFO org.quartz.core.QuartzScheduler [RMI TCP Connection(4)-127.0.0.1] Scheduler quartzScheduler_$_NON_CLUSTERED shutdown complete.
2020-06-26 20:19:24,767 INFO org.springframework.scheduling.concurrent.ExecutorConfigurationSupport [RMI TCP Connection(4)-127.0.0.1] Shutting down ExecutorService 'applicationTaskExecutor'
2020-06-26 20:19:24,769 INFO org.springframework.orm.jpa.AbstractEntityManagerFactoryBean [RMI TCP Connection(4)-127.0.0.1] Closing JPA EntityManagerFactory for persistence unit 'default'
2020-06-26 20:19:24,771 INFO com.zaxxer.hikari.HikariDataSource [RMI TCP Connection(4)-127.0.0.1] HikariPool-1 - Shutdown initiated...
2020-06-26 20:19:24,773 INFO com.zaxxer.hikari.HikariDataSource [RMI TCP Connection(4)-127.0.0.1] HikariPool-1 - Shutdown completed.
2020-06-26 20:19:40,379 INFO org.springframework.boot.StartupInfoLogger [main] Starting RefpApplication on DESKTOP-ERNB8HD with PID 7536 (C:\Users\alber\Documents\python\refp-backend\bin\main started by alber in C:\Users\alber\Documents\python\refp-backend)
2020-06-26 20:19:40,381 INFO org.springframework.boot.SpringApplication [main] No active profile set, falling back to default profiles: default
2020-06-26 20:19:41,065 INFO org.springframework.data.repository.config.RepositoryConfigurationDelegate [main] Bootstrapping Spring Data JPA repositories in DEFAULT mode.
2020-06-26 20:19:41,141 INFO org.springframework.data.repository.config.RepositoryConfigurationDelegate [main] Finished Spring Data repository scanning in 71ms. Found 5 JPA repository interfaces.
2020-06-26 20:19:41,367 INFO org.springframework.context.support.PostProcessorRegistrationDelegate$BeanPostProcessorChecker [main] Bean 'org.springframework.transaction.annotation.ProxyTransactionManagementConfiguration' of type [org.springframework.transaction.annotation.ProxyTransactionManagementConfiguration] is not eligible for getting processed by all BeanPostProcessors (for example: not eligible for auto-proxying)
2020-06-26 20:19:41,515 INFO org.springframework.boot.web.embedded.tomcat.TomcatWebServer [main] Tomcat initialized with port(s): 8080 (http)
2020-06-26 20:19:41,521 INFO org.apache.juli.logging.DirectJDKLog [main] Initializing ProtocolHandler ["http-nio-8080"]
2020-06-26 20:19:41,521 INFO org.apache.juli.logging.DirectJDKLog [main] Starting service [Tomcat]
2020-06-26 20:19:41,522 INFO org.apache.juli.logging.DirectJDKLog [main] Starting Servlet engine: [Apache Tomcat/9.0.29]
2020-06-26 20:19:41,606 INFO org.apache.juli.logging.DirectJDKLog [main] Initializing Spring embedded WebApplicationContext
2020-06-26 20:19:41,606 INFO org.springframework.boot.web.servlet.context.ServletWebServerApplicationContext [main] Root WebApplicationContext: initialization completed in 1070 ms
2020-06-26 20:19:41,758 INFO org.hibernate.jpa.internal.util.LogHelper [main] HHH000204: Processing PersistenceUnitInfo [name: default]
2020-06-26 20:19:41,802 INFO org.hibernate.Version [main] HHH000412: Hibernate Core {5.4.9.Final}
2020-06-26 20:19:41,889 INFO org.hibernate.annotations.common.reflection.java.JavaReflectionManager [main] HCANN000001: Hibernate Commons Annotations {5.1.0.Final}
2020-06-26 20:19:41,949 INFO com.zaxxer.hikari.HikariDataSource [main] HikariPool-1 - Starting...
2020-06-26 20:19:42,216 INFO com.zaxxer.hikari.HikariDataSource [main] HikariPool-1 - Start completed.
2020-06-26 20:19:42,229 INFO org.hibernate.dialect.Dialect [main] HHH000400: Using dialect: org.hibernate.dialect.MySQL8Dialect
2020-06-26 20:19:42,885 INFO org.hibernate.engine.transaction.jta.platform.internal.JtaPlatformInitiator [main] HHH000490: Using JtaPlatform implementation: [org.hibernate.engine.transaction.jta.platform.internal.NoJtaPlatform]
2020-06-26 20:19:42,890 INFO org.springframework.orm.jpa.AbstractEntityManagerFactoryBean [main] Initialized JPA EntityManagerFactory for persistence unit 'default'
2020-06-26 20:19:43,709 WARN org.springframework.boot.autoconfigure.orm.jpa.JpaBaseConfiguration$JpaWebConfiguration [main] spring.jpa.open-in-view is enabled by default. Therefore, database queries may be performed during view rendering. Explicitly configure spring.jpa.open-in-view to disable this warning
2020-06-26 20:19:43,830 INFO springfox.documentation.spring.web.PropertySourcedRequestMappingHandlerMapping [main] Mapped URL path [/v2/api-docs] onto method [springfox.documentation.swagger2.web.Swagger2Controller#getDocumentation(String, HttpServletRequest)]
2020-06-26 20:19:43,871 INFO org.springframework.scheduling.concurrent.ExecutorConfigurationSupport [main] Initializing ExecutorService 'applicationTaskExecutor'
2020-06-26 20:19:43,969 INFO org.quartz.impl.StdSchedulerFactory [main] Using default implementation for ThreadExecutor
2020-06-26 20:19:43,976 INFO org.quartz.core.SchedulerSignalerImpl [main] Initialized Scheduler Signaller of type: class org.quartz.core.SchedulerSignalerImpl
2020-06-26 20:19:43,976 INFO org.quartz.core.QuartzScheduler [main] Quartz Scheduler v.2.3.2 created.
2020-06-26 20:19:43,976 INFO org.quartz.simpl.RAMJobStore [main] RAMJobStore initialized.
2020-06-26 20:19:43,977 INFO org.quartz.core.QuartzScheduler [main] Scheduler meta-data: Quartz Scheduler (v2.3.2) 'quartzScheduler' with instanceId 'NON_CLUSTERED'
  Scheduler class: 'org.quartz.core.QuartzScheduler' - running locally.
  NOT STARTED.
  Currently in standby mode.
  Number of jobs executed: 0
  Using thread pool 'org.quartz.simpl.SimpleThreadPool' - with 10 threads.
  Using job-store 'org.quartz.simpl.RAMJobStore' - which does not support persistence. and is not clustered.

2020-06-26 20:19:43,978 INFO org.quartz.impl.StdSchedulerFactory [main] Quartz scheduler 'quartzScheduler' initialized from an externally provided properties instance.
2020-06-26 20:19:43,978 INFO org.quartz.impl.StdSchedulerFactory [main] Quartz scheduler version: 2.3.2
2020-06-26 20:19:43,978 INFO org.quartz.core.QuartzScheduler [main] JobFactory set to: org.springframework.scheduling.quartz.SpringBeanJobFactory@1c36ab22
2020-06-26 20:19:44,007 INFO springfox.documentation.spring.web.plugins.DocumentationPluginsBootstrapper [main] Context refreshed
2020-06-26 20:19:44,014 INFO springfox.documentation.spring.web.plugins.DocumentationPluginsBootstrapper [main] Found 1 custom documentation plugin(s)
2020-06-26 20:19:44,044 INFO springfox.documentation.spring.web.scanners.ApiListingReferenceScanner [main] Scanning for api listing references
2020-06-26 20:19:44,137 INFO springfox.documentation.spring.web.readers.operation.CachingOperationNameGenerator [main] Generating unique operation named: deleteProjectUsingDELETE_1
2020-06-26 20:19:44,162 INFO springfox.documentation.spring.web.readers.operation.CachingOperationNameGenerator [main] Generating unique operation named: deleteProjectUsingDELETE_2
2020-06-26 20:19:44,167 INFO springfox.documentation.spring.web.readers.operation.CachingOperationNameGenerator [main] Generating unique operation named: findProjectByIdUsingGET_1
2020-06-26 20:19:44,173 INFO springfox.documentation.spring.web.readers.operation.CachingOperationNameGenerator [main] Generating unique operation named: updateProjectUsingPUT_1
2020-06-26 20:19:44,193 INFO org.springframework.scheduling.quartz.SchedulerFactoryBean [main] Starting Quartz Scheduler now
2020-06-26 20:19:44,193 INFO org.quartz.core.QuartzScheduler [main] Scheduler quartzScheduler_$_NON_CLUSTERED started.
2020-06-26 20:19:44,198 INFO org.apache.juli.logging.DirectJDKLog [main] Starting ProtocolHandler ["http-nio-8080"]
2020-06-26 20:19:44,213 INFO org.springframework.boot.web.embedded.tomcat.TomcatWebServer [main] Tomcat started on port(s): 8080 (http) with context path ''
2020-06-26 20:19:44,215 INFO org.springframework.boot.StartupInfoLogger [main] Started RefpApplication in 4.095 seconds (JVM running for 4.588)
2020-06-26 20:20:21,656 INFO org.springframework.boot.admin.SpringApplicationAdminMXBeanRegistrar$SpringApplicationAdmin [RMI TCP Connection(5)-127.0.0.1] Application shutdown requested.
2020-06-26 20:20:21,657 INFO org.quartz.core.QuartzScheduler [RMI TCP Connection(5)-127.0.0.1] Scheduler quartzScheduler_$_NON_CLUSTERED paused.
2020-06-26 20:20:21,658 INFO org.springframework.scheduling.quartz.SchedulerFactoryBean [RMI TCP Connection(5)-127.0.0.1] Shutting down Quartz Scheduler
2020-06-26 20:20:21,658 INFO org.quartz.core.QuartzScheduler [RMI TCP Connection(5)-127.0.0.1] Scheduler quartzScheduler_$_NON_CLUSTERED shutting down.
2020-06-26 20:20:21,658 INFO org.quartz.core.QuartzScheduler [RMI TCP Connection(5)-127.0.0.1] Scheduler quartzScheduler_$_NON_CLUSTERED paused.
2020-06-26 20:20:21,658 INFO org.quartz.core.QuartzScheduler [RMI TCP Connection(5)-127.0.0.1] Scheduler quartzScheduler_$_NON_CLUSTERED shutdown complete.
2020-06-26 20:20:21,658 INFO org.springframework.scheduling.concurrent.ExecutorConfigurationSupport [RMI TCP Connection(5)-127.0.0.1] Shutting down ExecutorService 'applicationTaskExecutor'
2020-06-26 20:20:21,661 INFO org.springframework.orm.jpa.AbstractEntityManagerFactoryBean [RMI TCP Connection(5)-127.0.0.1] Closing JPA EntityManagerFactory for persistence unit 'default'
2020-06-26 20:20:21,663 INFO com.zaxxer.hikari.HikariDataSource [RMI TCP Connection(5)-127.0.0.1] HikariPool-1 - Shutdown initiated...
2020-06-26 20:20:21,665 INFO com.zaxxer.hikari.HikariDataSource [RMI TCP Connection(5)-127.0.0.1] HikariPool-1 - Shutdown completed.
2020-06-26 20:20:25,980 INFO org.springframework.boot.StartupInfoLogger [main] Starting RefpApplication on DESKTOP-ERNB8HD with PID 15756 (C:\Users\alber\Documents\python\refp-backend\bin\main started by alber in C:\Users\alber\Documents\python\refp-backend)
2020-06-26 20:20:25,982 INFO org.springframework.boot.SpringApplication [main] No active profile set, falling back to default profiles: default
2020-06-26 20:20:26,660 INFO org.springframework.data.repository.config.RepositoryConfigurationDelegate [main] Bootstrapping Spring Data JPA repositories in DEFAULT mode.
2020-06-26 20:20:26,739 INFO org.springframework.data.repository.config.RepositoryConfigurationDelegate [main] Finished Spring Data repository scanning in 73ms. Found 5 JPA repository interfaces.
2020-06-26 20:20:26,960 INFO org.springframework.context.support.PostProcessorRegistrationDelegate$BeanPostProcessorChecker [main] Bean 'org.springframework.transaction.annotation.ProxyTransactionManagementConfiguration' of type [org.springframework.transaction.annotation.ProxyTransactionManagementConfiguration] is not eligible for getting processed by all BeanPostProcessors (for example: not eligible for auto-proxying)
2020-06-26 20:20:27,102 INFO org.springframework.boot.web.embedded.tomcat.TomcatWebServer [main] Tomcat initialized with port(s): 8080 (http)
2020-06-26 20:20:27,108 INFO org.apache.juli.logging.DirectJDKLog [main] Initializing ProtocolHandler ["http-nio-8080"]
2020-06-26 20:20:27,108 INFO org.apache.juli.logging.DirectJDKLog [main] Starting service [Tomcat]
2020-06-26 20:20:27,108 INFO org.apache.juli.logging.DirectJDKLog [main] Starting Servlet engine: [Apache Tomcat/9.0.29]
2020-06-26 20:20:27,189 INFO org.apache.juli.logging.DirectJDKLog [main] Initializing Spring embedded WebApplicationContext
2020-06-26 20:20:27,190 INFO org.springframework.boot.web.servlet.context.ServletWebServerApplicationContext [main] Root WebApplicationContext: initialization completed in 1058 ms
2020-06-26 20:20:27,336 INFO org.hibernate.jpa.internal.util.LogHelper [main] HHH000204: Processing PersistenceUnitInfo [name: default]
2020-06-26 20:20:27,383 INFO org.hibernate.Version [main] HHH000412: Hibernate Core {5.4.9.Final}
2020-06-26 20:20:27,473 INFO org.hibernate.annotations.common.reflection.java.JavaReflectionManager [main] HCANN000001: Hibernate Commons Annotations {5.1.0.Final}
2020-06-26 20:20:27,532 INFO com.zaxxer.hikari.HikariDataSource [main] HikariPool-1 - Starting...
2020-06-26 20:20:27,792 INFO com.zaxxer.hikari.HikariDataSource [main] HikariPool-1 - Start completed.
2020-06-26 20:20:27,805 INFO org.hibernate.dialect.Dialect [main] HHH000400: Using dialect: org.hibernate.dialect.MySQL8Dialect
2020-06-26 20:20:28,495 INFO org.hibernate.engine.transaction.jta.platform.internal.JtaPlatformInitiator [main] HHH000490: Using JtaPlatform implementation: [org.hibernate.engine.transaction.jta.platform.internal.NoJtaPlatform]
2020-06-26 20:20:28,501 INFO org.springframework.orm.jpa.AbstractEntityManagerFactoryBean [main] Initialized JPA EntityManagerFactory for persistence unit 'default'
2020-06-26 20:20:29,308 WARN org.springframework.boot.autoconfigure.orm.jpa.JpaBaseConfiguration$JpaWebConfiguration [main] spring.jpa.open-in-view is enabled by default. Therefore, database queries may be performed during view rendering. Explicitly configure spring.jpa.open-in-view to disable this warning
2020-06-26 20:20:29,447 INFO springfox.documentation.spring.web.PropertySourcedRequestMappingHandlerMapping [main] Mapped URL path [/v2/api-docs] onto method [springfox.documentation.swagger2.web.Swagger2Controller#getDocumentation(String, HttpServletRequest)]
2020-06-26 20:20:29,496 INFO org.springframework.scheduling.concurrent.ExecutorConfigurationSupport [main] Initializing ExecutorService 'applicationTaskExecutor'
2020-06-26 20:20:29,596 INFO org.quartz.impl.StdSchedulerFactory [main] Using default implementation for ThreadExecutor
2020-06-26 20:20:29,602 INFO org.quartz.core.SchedulerSignalerImpl [main] Initialized Scheduler Signaller of type: class org.quartz.core.SchedulerSignalerImpl
2020-06-26 20:20:29,602 INFO org.quartz.core.QuartzScheduler [main] Quartz Scheduler v.2.3.2 created.
2020-06-26 20:20:29,602 INFO org.quartz.simpl.RAMJobStore [main] RAMJobStore initialized.
2020-06-26 20:20:29,603 INFO org.quartz.core.QuartzScheduler [main] Scheduler meta-data: Quartz Scheduler (v2.3.2) 'quartzScheduler' with instanceId 'NON_CLUSTERED'
  Scheduler class: 'org.quartz.core.QuartzScheduler' - running locally.
  NOT STARTED.
  Currently in standby mode.
  Number of jobs executed: 0
  Using thread pool 'org.quartz.simpl.SimpleThreadPool' - with 10 threads.
  Using job-store 'org.quartz.simpl.RAMJobStore' - which does not support persistence. and is not clustered.

2020-06-26 20:20:29,603 INFO org.quartz.impl.StdSchedulerFactory [main] Quartz scheduler 'quartzScheduler' initialized from an externally provided properties instance.
2020-06-26 20:20:29,603 INFO org.quartz.impl.StdSchedulerFactory [main] Quartz scheduler version: 2.3.2
2020-06-26 20:20:29,603 INFO org.quartz.core.QuartzScheduler [main] JobFactory set to: org.springframework.scheduling.quartz.SpringBeanJobFactory@30adae45
2020-06-26 20:20:29,633 INFO springfox.documentation.spring.web.plugins.DocumentationPluginsBootstrapper [main] Context refreshed
2020-06-26 20:20:29,640 INFO springfox.documentation.spring.web.plugins.DocumentationPluginsBootstrapper [main] Found 1 custom documentation plugin(s)
2020-06-26 20:20:29,669 INFO springfox.documentation.spring.web.scanners.ApiListingReferenceScanner [main] Scanning for api listing references
2020-06-26 20:20:29,760 INFO springfox.documentation.spring.web.readers.operation.CachingOperationNameGenerator [main] Generating unique operation named: deleteProjectUsingDELETE_1
2020-06-26 20:20:29,784 INFO springfox.documentation.spring.web.readers.operation.CachingOperationNameGenerator [main] Generating unique operation named: deleteProjectUsingDELETE_2
2020-06-26 20:20:29,789 INFO springfox.documentation.spring.web.readers.operation.CachingOperationNameGenerator [main] Generating unique operation named: findProjectByIdUsingGET_1
2020-06-26 20:20:29,795 INFO springfox.documentation.spring.web.readers.operation.CachingOperationNameGenerator [main] Generating unique operation named: updateProjectUsingPUT_1
2020-06-26 20:20:29,813 INFO org.springframework.scheduling.quartz.SchedulerFactoryBean [main] Starting Quartz Scheduler now
2020-06-26 20:20:29,814 INFO org.quartz.core.QuartzScheduler [main] Scheduler quartzScheduler_$_NON_CLUSTERED started.
2020-06-26 20:20:29,818 INFO org.apache.juli.logging.DirectJDKLog [main] Starting ProtocolHandler ["http-nio-8080"]
2020-06-26 20:20:29,834 INFO org.springframework.boot.web.embedded.tomcat.TomcatWebServer [main] Tomcat started on port(s): 8080 (http) with context path ''
2020-06-26 20:20:29,836 INFO org.springframework.boot.StartupInfoLogger [main] Started RefpApplication in 4.107 seconds (JVM running for 4.594)
2020-06-26 20:22:47,307 INFO org.springframework.boot.admin.SpringApplicationAdminMXBeanRegistrar$SpringApplicationAdmin [RMI TCP Connection(4)-127.0.0.1] Application shutdown requested.
2020-06-26 20:22:47,308 INFO org.quartz.core.QuartzScheduler [RMI TCP Connection(4)-127.0.0.1] Scheduler quartzScheduler_$_NON_CLUSTERED paused.
2020-06-26 20:22:47,309 INFO org.springframework.scheduling.quartz.SchedulerFactoryBean [RMI TCP Connection(4)-127.0.0.1] Shutting down Quartz Scheduler
2020-06-26 20:22:47,309 INFO org.quartz.core.QuartzScheduler [RMI TCP Connection(4)-127.0.0.1] Scheduler quartzScheduler_$_NON_CLUSTERED shutting down.
2020-06-26 20:22:47,309 INFO org.quartz.core.QuartzScheduler [RMI TCP Connection(4)-127.0.0.1] Scheduler quartzScheduler_$_NON_CLUSTERED paused.
2020-06-26 20:22:47,310 INFO org.quartz.core.QuartzScheduler [RMI TCP Connection(4)-127.0.0.1] Scheduler quartzScheduler_$_NON_CLUSTERED shutdown complete.
2020-06-26 20:22:47,310 INFO org.springframework.scheduling.concurrent.ExecutorConfigurationSupport [RMI TCP Connection(4)-127.0.0.1] Shutting down ExecutorService 'applicationTaskExecutor'
2020-06-26 20:22:47,313 INFO org.springframework.orm.jpa.AbstractEntityManagerFactoryBean [RMI TCP Connection(4)-127.0.0.1] Closing JPA EntityManagerFactory for persistence unit 'default'
2020-06-26 20:22:47,315 INFO com.zaxxer.hikari.HikariDataSource [RMI TCP Connection(4)-127.0.0.1] HikariPool-1 - Shutdown initiated...
2020-06-26 20:22:47,317 INFO com.zaxxer.hikari.HikariDataSource [RMI TCP Connection(4)-127.0.0.1] HikariPool-1 - Shutdown completed.
2020-06-26 20:22:51,747 INFO org.springframework.boot.StartupInfoLogger [main] Starting RefpApplication on DESKTOP-ERNB8HD with PID 2416 (C:\Users\alber\Documents\python\refp-backend\bin\main started by alber in C:\Users\alber\Documents\python\refp-backend)
2020-06-26 20:22:51,749 INFO org.springframework.boot.SpringApplication [main] No active profile set, falling back to default profiles: default
2020-06-26 20:22:52,420 INFO org.springframework.data.repository.config.RepositoryConfigurationDelegate [main] Bootstrapping Spring Data JPA repositories in DEFAULT mode.
2020-06-26 20:22:52,493 INFO org.springframework.data.repository.config.RepositoryConfigurationDelegate [main] Finished Spring Data repository scanning in 69ms. Found 5 JPA repository interfaces.
2020-06-26 20:22:52,712 INFO org.springframework.context.support.PostProcessorRegistrationDelegate$BeanPostProcessorChecker [main] Bean 'org.springframework.transaction.annotation.ProxyTransactionManagementConfiguration' of type [org.springframework.transaction.annotation.ProxyTransactionManagementConfiguration] is not eligible for getting processed by all BeanPostProcessors (for example: not eligible for auto-proxying)
2020-06-26 20:22:52,850 INFO org.springframework.boot.web.embedded.tomcat.TomcatWebServer [main] Tomcat initialized with port(s): 8080 (http)
2020-06-26 20:22:52,856 INFO org.apache.juli.logging.DirectJDKLog [main] Initializing ProtocolHandler ["http-nio-8080"]
2020-06-26 20:22:52,856 INFO org.apache.juli.logging.DirectJDKLog [main] Starting service [Tomcat]
2020-06-26 20:22:52,856 INFO org.apache.juli.logging.DirectJDKLog [main] Starting Servlet engine: [Apache Tomcat/9.0.29]
2020-06-26 20:22:52,937 INFO org.apache.juli.logging.DirectJDKLog [main] Initializing Spring embedded WebApplicationContext
2020-06-26 20:22:52,937 INFO org.springframework.boot.web.servlet.context.ServletWebServerApplicationContext [main] Root WebApplicationContext: initialization completed in 1033 ms
2020-06-26 20:22:53,078 INFO org.hibernate.jpa.internal.util.LogHelper [main] HHH000204: Processing PersistenceUnitInfo [name: default]
2020-06-26 20:22:53,126 INFO org.hibernate.Version [main] HHH000412: Hibernate Core {5.4.9.Final}
2020-06-26 20:22:53,204 INFO org.hibernate.annotations.common.reflection.java.JavaReflectionManager [main] HCANN000001: Hibernate Commons Annotations {5.1.0.Final}
2020-06-26 20:22:53,262 INFO com.zaxxer.hikari.HikariDataSource [main] HikariPool-1 - Starting...
2020-06-26 20:22:53,515 INFO com.zaxxer.hikari.HikariDataSource [main] HikariPool-1 - Start completed.
2020-06-26 20:22:53,527 INFO org.hibernate.dialect.Dialect [main] HHH000400: Using dialect: org.hibernate.dialect.MySQL8Dialect
2020-06-26 20:22:54,128 INFO org.hibernate.engine.transaction.jta.platform.internal.JtaPlatformInitiator [main] HHH000490: Using JtaPlatform implementation: [org.hibernate.engine.transaction.jta.platform.internal.NoJtaPlatform]
2020-06-26 20:22:54,133 INFO org.springframework.orm.jpa.AbstractEntityManagerFactoryBean [main] Initialized JPA EntityManagerFactory for persistence unit 'default'
2020-06-26 20:22:54,931 WARN org.springframework.boot.autoconfigure.orm.jpa.JpaBaseConfiguration$JpaWebConfiguration [main] spring.jpa.open-in-view is enabled by default. Therefore, database queries may be performed during view rendering. Explicitly configure spring.jpa.open-in-view to disable this warning
2020-06-26 20:22:55,046 INFO springfox.documentation.spring.web.PropertySourcedRequestMappingHandlerMapping [main] Mapped URL path [/v2/api-docs] onto method [springfox.documentation.swagger2.web.Swagger2Controller#getDocumentation(String, HttpServletRequest)]
2020-06-26 20:22:55,085 INFO org.springframework.scheduling.concurrent.ExecutorConfigurationSupport [main] Initializing ExecutorService 'applicationTaskExecutor'
2020-06-26 20:22:55,173 INFO org.quartz.impl.StdSchedulerFactory [main] Using default implementation for ThreadExecutor
2020-06-26 20:22:55,179 INFO org.quartz.core.SchedulerSignalerImpl [main] Initialized Scheduler Signaller of type: class org.quartz.core.SchedulerSignalerImpl
2020-06-26 20:22:55,179 INFO org.quartz.core.QuartzScheduler [main] Quartz Scheduler v.2.3.2 created.
2020-06-26 20:22:55,179 INFO org.quartz.simpl.RAMJobStore [main] RAMJobStore initialized.
2020-06-26 20:22:55,180 INFO org.quartz.core.QuartzScheduler [main] Scheduler meta-data: Quartz Scheduler (v2.3.2) 'quartzScheduler' with instanceId 'NON_CLUSTERED'
  Scheduler class: 'org.quartz.core.QuartzScheduler' - running locally.
  NOT STARTED.
  Currently in standby mode.
  Number of jobs executed: 0
  Using thread pool 'org.quartz.simpl.SimpleThreadPool' - with 10 threads.
  Using job-store 'org.quartz.simpl.RAMJobStore' - which does not support persistence. and is not clustered.

2020-06-26 20:22:55,180 INFO org.quartz.impl.StdSchedulerFactory [main] Quartz scheduler 'quartzScheduler' initialized from an externally provided properties instance.
2020-06-26 20:22:55,180 INFO org.quartz.impl.StdSchedulerFactory [main] Quartz scheduler version: 2.3.2
2020-06-26 20:22:55,180 INFO org.quartz.core.QuartzScheduler [main] JobFactory set to: org.springframework.scheduling.quartz.SpringBeanJobFactory@3bf4644c
2020-06-26 20:22:55,208 INFO springfox.documentation.spring.web.plugins.DocumentationPluginsBootstrapper [main] Context refreshed
2020-06-26 20:22:55,215 INFO springfox.documentation.spring.web.plugins.DocumentationPluginsBootstrapper [main] Found 1 custom documentation plugin(s)
2020-06-26 20:22:55,243 INFO springfox.documentation.spring.web.scanners.ApiListingReferenceScanner [main] Scanning for api listing references
2020-06-26 20:22:55,331 INFO springfox.documentation.spring.web.readers.operation.CachingOperationNameGenerator [main] Generating unique operation named: deleteProjectUsingDELETE_1
2020-06-26 20:22:55,353 INFO springfox.documentation.spring.web.readers.operation.CachingOperationNameGenerator [main] Generating unique operation named: deleteProjectUsingDELETE_2
2020-06-26 20:22:55,357 INFO springfox.documentation.spring.web.readers.operation.CachingOperationNameGenerator [main] Generating unique operation named: findProjectByIdUsingGET_1
2020-06-26 20:22:55,363 INFO springfox.documentation.spring.web.readers.operation.CachingOperationNameGenerator [main] Generating unique operation named: updateProjectUsingPUT_1
2020-06-26 20:22:55,381 INFO org.springframework.scheduling.quartz.SchedulerFactoryBean [main] Starting Quartz Scheduler now
2020-06-26 20:22:55,381 INFO org.quartz.core.QuartzScheduler [main] Scheduler quartzScheduler_$_NON_CLUSTERED started.
2020-06-26 20:22:55,386 INFO org.apache.juli.logging.DirectJDKLog [main] Starting ProtocolHandler ["http-nio-8080"]
2020-06-26 20:22:55,401 INFO org.springframework.boot.web.embedded.tomcat.TomcatWebServer [main] Tomcat started on port(s): 8080 (http) with context path ''
2020-06-26 20:22:55,403 INFO org.springframework.boot.StartupInfoLogger [main] Started RefpApplication in 3.905 seconds (JVM running for 4.384)
2020-06-26 20:23:20,193 INFO org.apache.juli.logging.DirectJDKLog [http-nio-8080-exec-1] Initializing Spring DispatcherServlet 'dispatcherServlet'
2020-06-26 20:23:20,193 INFO org.springframework.web.servlet.FrameworkServlet [http-nio-8080-exec-1] Initializing Servlet 'dispatcherServlet'
2020-06-26 20:23:20,197 INFO org.springframework.web.servlet.FrameworkServlet [http-nio-8080-exec-1] Completed initialization in 4 ms
2020-06-26 20:23:53,380 INFO org.springframework.boot.admin.SpringApplicationAdminMXBeanRegistrar$SpringApplicationAdmin [RMI TCP Connection(3)-127.0.0.1] Application shutdown requested.
2020-06-26 20:23:53,382 INFO org.quartz.core.QuartzScheduler [RMI TCP Connection(3)-127.0.0.1] Scheduler quartzScheduler_$_NON_CLUSTERED paused.
2020-06-26 20:23:53,382 INFO org.springframework.scheduling.quartz.SchedulerFactoryBean [RMI TCP Connection(3)-127.0.0.1] Shutting down Quartz Scheduler
2020-06-26 20:23:53,382 INFO org.quartz.core.QuartzScheduler [RMI TCP Connection(3)-127.0.0.1] Scheduler quartzScheduler_$_NON_CLUSTERED shutting down.
2020-06-26 20:23:53,382 INFO org.quartz.core.QuartzScheduler [RMI TCP Connection(3)-127.0.0.1] Scheduler quartzScheduler_$_NON_CLUSTERED paused.
2020-06-26 20:23:53,383 INFO org.quartz.core.QuartzScheduler [RMI TCP Connection(3)-127.0.0.1] Scheduler quartzScheduler_$_NON_CLUSTERED shutdown complete.
2020-06-26 20:23:53,383 INFO org.springframework.scheduling.concurrent.ExecutorConfigurationSupport [RMI TCP Connection(3)-127.0.0.1] Shutting down ExecutorService 'applicationTaskExecutor'
2020-06-26 20:23:53,386 INFO org.springframework.orm.jpa.AbstractEntityManagerFactoryBean [RMI TCP Connection(3)-127.0.0.1] Closing JPA EntityManagerFactory for persistence unit 'default'
2020-06-26 20:23:53,388 INFO com.zaxxer.hikari.HikariDataSource [RMI TCP Connection(3)-127.0.0.1] HikariPool-1 - Shutdown initiated...
2020-06-26 20:23:53,390 INFO com.zaxxer.hikari.HikariDataSource [RMI TCP Connection(3)-127.0.0.1] HikariPool-1 - Shutdown completed.
